2018-09-17 13:44:52,624 INFO  DownloadService - Downloading "https://github.com/anasanasanas/Preference-Rhythm/archive/master.zip", attempt 3
2018-09-17 13:44:53,235 INFO  DownloadService - Downloaded https://github.com/anasanasanas/Preference-Rhythm/archive/master.zip, attempt 3
2018-09-17 13:44:53,235 INFO  DownloadService - Size of file "/var/folders/bq/vtzpc5ns5sg2cthy61lqpg3dfzgbys/T/1537166692621-0/master.zip": 122 KB
2018-09-17 13:44:53,235 INFO  ArchiveUtils - Checking entries [.gradle] in ZIP file...
2018-09-17 13:44:53,241 INFO  ArchiveUtils - Has entries [.gradle] in ZIP file /var/folders/bq/vtzpc5ns5sg2cthy61lqpg3dfzgbys/T/1537166692621-0/master.zip: true
2018-09-17 13:44:53,241 DEBUG ZipUtil - Extracting '/var/folders/bq/vtzpc5ns5sg2cthy61lqpg3dfzgbys/T/1537166692621-0/master.zip' into '/var/folders/bq/vtzpc5ns5sg2cthy61lqpg3dfzgbys/T/1537166692621-0/src'.
2018-09-17 13:44:53,265 INFO  FullProcessService - Size of directory with sources: 148 KB
2018-09-17 13:44:53,265 INFO  SysUtils - Execute command: [git, init, /var/folders/bq/vtzpc5ns5sg2cthy61lqpg3dfzgbys/T/1537166692621-0/src]
2018-09-17 13:44:53,286 INFO  SysUtils - Initialized empty Git repository in /private/var/folders/bq/vtzpc5ns5sg2cthy61lqpg3dfzgbys/T/1537166692621-0/src/.git/

2018-09-17 13:44:53,289 INFO  ProjectBuildService - Gradle wrapper(s): /var/folders/bq/vtzpc5ns5sg2cthy61lqpg3dfzgbys/T/1537166692621-0/src/Preference-Rhythm-master/gradlew
2018-09-17 13:44:53,293 INFO  ProjectBuildService - Build script(s): /var/folders/bq/vtzpc5ns5sg2cthy61lqpg3dfzgbys/T/1537166692621-0/src/Preference-Rhythm-master/app/build.gradle /var/folders/bq/vtzpc5ns5sg2cthy61lqpg3dfzgbys/T/1537166692621-0/src/Preference-Rhythm-master/preferencerhythm/build.gradle /var/folders/bq/vtzpc5ns5sg2cthy61lqpg3dfzgbys/T/1537166692621-0/src/Preference-Rhythm-master/build.gradle
2018-09-17 13:44:53,296 INFO  ProjectBuildService - All script(s): /var/folders/bq/vtzpc5ns5sg2cthy61lqpg3dfzgbys/T/1537166692621-0/src/Preference-Rhythm-master/app/build.gradle /var/folders/bq/vtzpc5ns5sg2cthy61lqpg3dfzgbys/T/1537166692621-0/src/Preference-Rhythm-master/preferencerhythm/build.gradle /var/folders/bq/vtzpc5ns5sg2cthy61lqpg3dfzgbys/T/1537166692621-0/src/Preference-Rhythm-master/build.gradle /var/folders/bq/vtzpc5ns5sg2cthy61lqpg3dfzgbys/T/1537166692621-0/src/Preference-Rhythm-master/settings.gradle
2018-09-17 13:44:53,296 INFO  ProjectBuildService - Remote scripts: none
2018-09-17 13:44:53,296 INFO  ProjectFixService - Fixing project...
2018-09-17 13:44:53,303 INFO  LocalPropertiesFixService - Created fake /var/folders/bq/vtzpc5ns5sg2cthy61lqpg3dfzgbys/T/1537166692621-0/src/Preference-Rhythm-master/app/local.properties
2018-09-17 13:44:53,304 INFO  ProjectFixService - Build info for "/var/folders/bq/vtzpc5ns5sg2cthy61lqpg3dfzgbys/T/1537166692621-0/src/Preference-Rhythm-master/app/build.gradle": [buildToolsVersion=25.0.1,compileSdkVersion=25,minSdkVersion=9,targetSdkVersion=25]
2018-09-17 13:44:53,304 INFO  LocalPropertiesFixService - Created fake /var/folders/bq/vtzpc5ns5sg2cthy61lqpg3dfzgbys/T/1537166692621-0/src/Preference-Rhythm-master/preferencerhythm/local.properties
2018-09-17 13:44:53,305 INFO  ProjectFixService - Build info for "/var/folders/bq/vtzpc5ns5sg2cthy61lqpg3dfzgbys/T/1537166692621-0/src/Preference-Rhythm-master/preferencerhythm/build.gradle": [buildToolsVersion=25.0.1,compileSdkVersion=25,minSdkVersion=9,targetSdkVersion=25]
2018-09-17 13:44:53,305 INFO  LocalPropertiesFixService - Created fake /var/folders/bq/vtzpc5ns5sg2cthy61lqpg3dfzgbys/T/1537166692621-0/src/Preference-Rhythm-master/local.properties
2018-09-17 13:44:53,306 INFO  WrapperPropertiesFixService - Gradle wrapper: https://services.gradle.org/distributions/gradle-2.14.1-all.zip
2018-09-17 13:44:53,306 INFO  WrapperPropertiesFixService - Gradle wrapper was changed from "-all.zip" to "-bin.zip" (https://services.gradle.org/distributions/gradle-2.14.1-bin.zip)
2018-09-17 13:44:53,307 INFO  ProjectFixService - Build info for "/var/folders/bq/vtzpc5ns5sg2cthy61lqpg3dfzgbys/T/1537166692621-0/src/Preference-Rhythm-master/build.gradle": [buildToolsVersion=25.0.1,compileSdkVersion=25,minSdkVersion=9,targetSdkVersion=25]
2018-09-17 13:44:53,307 INFO  ProjectFixService - Project was maybe fixed
2018-09-17 13:44:53,307 INFO  ProjectTaskService - Detecting possible tasks...
2018-09-17 13:44:53,307 INFO  SysUtils - Execute command: [/var/folders/bq/vtzpc5ns5sg2cthy61lqpg3dfzgbys/T/1537166692621-0/src/Preference-Rhythm-master/gradlew, -b, /var/folders/bq/vtzpc5ns5sg2cthy61lqpg3dfzgbys/T/1537166692621-0/src/Preference-Rhythm-master/app/build.gradle, -Dorg.gradle.daemon=false, -Dorg.gradle.daemon.performance.enable-monitoring=false, -Dorg.gradle.configureondemand=true, tasks]
2018-09-17 13:45:03,333 INFO  ProjectTaskService - Detected possible tasks: 69
2018-09-17 13:45:03,333 INFO  ProjectTaskService - Excluded tasks (19): lintDebug mockableAndroidJar deviceCheck lint testReleaseUnitTest uninstallRelease deviceAndroidTest uninstallDebugAndroidTest installDebugAndroidTest connectedCheck connectedDebugAndroidTest uninstallAll test check testDebugUnitTest connectedAndroidTest installDebug lintRelease uninstallDebug
2018-09-17 13:45:03,334 INFO  SysUtils - Execute command: [/var/folders/bq/vtzpc5ns5sg2cthy61lqpg3dfzgbys/T/1537166692621-0/src/Preference-Rhythm-master/gradlew, -b, /var/folders/bq/vtzpc5ns5sg2cthy61lqpg3dfzgbys/T/1537166692621-0/src/Preference-Rhythm-master/app/build.gradle, -Dorg.gradle.daemon=false, -Dorg.gradle.daemon.performance.enable-monitoring=false, -Dorg.gradle.configureondemand=true, --stacktrace, -x, lintDebug, -x, mockableAndroidJar, -x, deviceCheck, -x, lint, -x, testReleaseUnitTest, -x, uninstallRelease, -x, deviceAndroidTest, -x, uninstallDebugAndroidTest, -x, installDebugAndroidTest, -x, connectedCheck, -x, connectedDebugAndroidTest, -x, uninstallAll, -x, test, -x, check, -x, testDebugUnitTest, -x, connectedAndroidTest, -x, installDebug, -x, lintRelease, -x, uninstallDebug, build]
2018-09-17 13:45:25,038 ERROR SysUtils - Could not process external command
org.apache.commons.exec.ExecuteException: Process exited with an error: 1 (Exit value: 1)
	at org.apache.commons.exec.DefaultExecutor.executeInternal(DefaultExecutor.java:404)
	at org.apache.commons.exec.DefaultExecutor.execute(DefaultExecutor.java:166)
	at com.github.vbauer.apkmaster.util.SysUtils.execute(SysUtils.java:67)
	at com.github.vbauer.apkmaster.util.SysUtils.executeSimple(SysUtils.java:43)
	at com.github.vbauer.apkmaster.service.assembly.ProjectBuildService.buildProject(ProjectBuildService.java:78)
	at com.github.vbauer.apkmaster.service.assembly.ProjectBuildService.buildProject(ProjectBuildService.java:64)
	at com.github.vbauer.apkmaster.service.assembly.ProjectBuildService.buildProject(ProjectBuildService.java:43)
	at com.github.vbauer.apkmaster.service.FullProcessService.build(FullProcessService.java:84)
	at com.github.vbauer.apkmaster.service.FullProcessService.process(FullProcessService.java:34)
	at com.github.vbauer.apkmaster.app.MainApplication.process(MainApplication.java:38)
	at com.github.vbauer.apkmaster.app.MainApplication.main(MainApplication.java:20)
	at sun.reflect.NativeMethodAccessorImpl.invoke0(Native Method)
	at sun.reflect.NativeMethodAccessorImpl.invoke(NativeMethodAccessorImpl.java:62)
	at sun.reflect.DelegatingMethodAccessorImpl.invoke(DelegatingMethodAccessorImpl.java:43)
	at java.lang.reflect.Method.invoke(Method.java:498)
	at com.android.arsenal.util.ReflectionUtils.invoke(ReflectionUtils.java:52)
	at com.android.arsenal.util.ApkMasterUtils.main(ApkMasterUtils.java:30)
	at com.android.arsenal.service.processor.impl.BuildProcessorServiceImpl.buildProject(BuildProcessorServiceImpl.java:196)
	at com.android.arsenal.service.processor.impl.BuildProcessorServiceImpl.build(BuildProcessorServiceImpl.java:130)
	at com.android.arsenal.service.processor.impl.BuildProcessorServiceImpl.lambda$null$1(BuildProcessorServiceImpl.java:113)
	at java.util.concurrent.FutureTask.run(FutureTask.java:266)
	at java.util.concurrent.Executors$RunnableAdapter.call(Executors.java:511)
	at java.util.concurrent.FutureTask.run(FutureTask.java:266)
	at java.util.concurrent.ThreadPoolExecutor.runWorker(ThreadPoolExecutor.java:1149)
	at java.util.concurrent.ThreadPoolExecutor$Worker.run(ThreadPoolExecutor.java:624)
	at java.lang.Thread.run(Thread.java:748)
2018-09-17 13:45:25,038 INFO  SysUtils - Configuration on demand is an incubating feature.
Incremental java compilation is an incubating feature.
:app:preBuild UP-TO-DATE
:app:preDebugBuild UP-TO-DATE
:app:checkDebugManifest
:app:extractProguardFiles
:app:preReleaseBuild
:preferencerhythm:preBuild UP-TO-DATE
:preferencerhythm:preReleaseBuild UP-TO-DATE
:preferencerhythm:checkReleaseManifest
:preferencerhythm:prepareReleaseDependencies
:preferencerhythm:compileReleaseAidl
:preferencerhythm:compileReleaseNdk UP-TO-DATE
:preferencerhythm:compileLint
:preferencerhythm:copyReleaseLint UP-TO-DATE
:preferencerhythm:mergeReleaseShaders
:preferencerhythm:compileReleaseShaders
:preferencerhythm:generateReleaseAssets
:preferencerhythm:mergeReleaseAssets
:preferencerhythm:mergeReleaseProguardFiles
:preferencerhythm:packageReleaseRenderscript UP-TO-DATE
:preferencerhythm:compileReleaseRenderscript
:preferencerhythm:generateReleaseResValues
:preferencerhythm:generateReleaseResources
:preferencerhythm:packageReleaseResources
:preferencerhythm:processReleaseManifest
:preferencerhythm:generateReleaseBuildConfig
:preferencerhythm:processReleaseResources
:preferencerhythm:generateReleaseSources
:preferencerhythm:incrementalReleaseJavaCompilationSafeguard
:preferencerhythm:compileReleaseJavaWithJavac
:preferencerhythm:compileReleaseJavaWithJavac - is not incremental (e.g. outputs have changed, no previous execution, etc.).
:preferencerhythm:processReleaseJavaRes UP-TO-DATE
:preferencerhythm:transformResourcesWithMergeJavaResForRelease
:preferencerhythm:transformClassesAndResourcesWithSyncLibJarsForRelease
:preferencerhythm:mergeReleaseJniLibFolders
:preferencerhythm:transformNative_libsWithMergeJniLibsForRelease
:preferencerhythm:transformNative_libsWithSyncJniLibsForRelease
:preferencerhythm:bundleRelease
:app:prepareComAnaxPreferencerhythm10Library
:app:prepareComAndroidSupportAnimatedVectorDrawable2501Library
:app:prepareComAndroidSupportAppcompatV72501Library
:app:prepareComAndroidSupportCardviewV72501Library
:app:prepareComAndroidSupportRecyclerviewV72501Library
:app:prepareComAndroidSupportSupportCompat2501Library
:app:prepareComAndroidSupportSupportCoreUi2501Library
:app:prepareComAndroidSupportSupportCoreUtils2501Library
:app:prepareComAndroidSupportSupportFragment2501Library
:app:prepareComAndroidSupportSupportMediaCompat2501Library
:app:prepareComAndroidSupportSupportV42501Library
:app:prepareComAndroidSupportSupportVectorDrawable2501Library
:app:prepareIoReactivexRxjava2Rxandroid201Library
:app:prepareDebugDependencies
:app:compileDebugAidl
:app:compileDebugRenderscript
:app:generateDebugBuildConfig
:app:generateDebugResValues
:app:generateDebugResources
:app:mergeDebugResources
:app:processDebugManifest
:app:processDebugResources
:app:generateDebugSources
:app:incrementalDebugJavaCompilationSafeguard
:app:compileDebugJavaWithJavac
:app:compileDebugJavaWithJavac - is not incremental (e.g. outputs have changed, no previous execution, etc.).
:app:compileDebugNdk UP-TO-DATE
:app:compileDebugSources
:app:mergeDebugShaders
:app:compileDebugShaders
:app:generateDebugAssets
:app:mergeDebugAssets
:app:transformClassesWithDexForDebug
:app:mergeDebugJniLibFolders
:app:transformNative_libsWithMergeJniLibsForDebug
:app:transformNative_libsWithStripDebugSymbolForDebug
:app:processDebugJavaRes UP-TO-DATE
:app:transformResourcesWithMergeJavaResForDebug
:app:validateSigningDebug
:app:packageDebug
:app:assembleDebug
:app:checkReleaseManifest
:app:prepareReleaseDependencies
:app:compileReleaseAidl
:app:compileReleaseRenderscript
:app:generateReleaseBuildConfig
:app:generateReleaseResValues
:app:generateReleaseResources
:app:mergeReleaseResources
:app:processReleaseManifest
:app:processReleaseResources
:app:generateReleaseSources
:app:incrementalReleaseJavaCompilationSafeguard
:app:compileReleaseJavaWithJavac
:app:compileReleaseJavaWithJavac - is not incremental (e.g. outputs have changed, no previous execution, etc.).
:app:compileReleaseNdk UP-TO-DATE
:app:compileReleaseSources
:app:lintVitalRelease[Fatal Error] :3:214: The value of attribute "name" associated with an element type "item" must not contain the '<' character.
Could not read /Users/vbauer/Library/Android/sdk/platform-tools/api/annotations.zip
java.io.IOException: Could not parse XML from android/accounts/annotations.xml
	at com.android.tools.lint.ExternalAnnotationRepository$AnnotationsDatabase.initializePackage(ExternalAnnotationRepository.java:906)
	at com.android.tools.lint.ExternalAnnotationRepository$AnnotationsDatabase.initializeFromJar(ExternalAnnotationRepository.java:849)
	at com.android.tools.lint.ExternalAnnotationRepository$AnnotationsDatabase.<init>(ExternalAnnotationRepository.java:597)
	at com.android.tools.lint.ExternalAnnotationRepository.getDatabase(ExternalAnnotationRepository.java:242)
	at com.android.tools.lint.ExternalAnnotationRepository.create(ExternalAnnotationRepository.java:181)
	at com.android.tools.lint.ExternalAnnotationRepository.get(ExternalAnnotationRepository.java:162)
	at com.android.tools.lint.psi.EcjPsiManager.getAnnotationRepository(EcjPsiManager.java:883)
	at com.android.tools.lint.psi.EcjPsiJavaEvaluator.getAllAnnotations(EcjPsiJavaEvaluator.java:263)
	at com.android.tools.lint.checks.SupportAnnotationDetector$CallVisitor.checkCall(SupportAnnotationDetector.java:1981)
	at com.android.tools.lint.checks.SupportAnnotationDetector$CallVisitor.visitCallExpression(SupportAnnotationDetector.java:1966)
	at com.android.tools.lint.client.api.JavaPsiVisitor$DispatchPsiVisitor.visitCallExpression(JavaPsiVisitor.java:1029)
	at com.intellij.psi.JavaElementVisitor.visitMethodCallExpression(JavaElementVisitor.java:183)
	at com.android.tools.lint.client.api.JavaPsiVisitor$DispatchPsiVisitor.visitMethodCallExpression(JavaPsiVisitor.java:1021)
	at com.android.tools.lint.client.api.JavaPsiVisitor$DelegatingPsiVisitor.visitMethodCallExpression(JavaPsiVisitor.java:1667)
	at com.android.tools.lint.psi.EcjPsiMethodCallExpression.accept(EcjPsiMethodCallExpression.java:40)
	at com.android.tools.lint.psi.EcjPsiSourceElement.acceptChildren(EcjPsiSourceElement.java:85)
	at com.intellij.psi.JavaRecursiveElementVisitor.visitElement(JavaRecursiveElementVisitor.java:62)
	at com.intellij.psi.JavaElementVisitor.visitVariable(JavaElementVisitor.java:328)
	at com.android.tools.lint.client.api.JavaPsiVisitor$DispatchPsiVisitor.visitVariable(JavaPsiVisitor.java:1389)
	at com.intellij.psi.JavaElementVisitor.visitField(JavaElementVisitor.java:119)
	at com.android.tools.lint.client.api.JavaPsiVisitor$DispatchPsiVisitor.visitField(JavaPsiVisitor.java:845)
	at com.android.tools.lint.psi.EcjPsiField.accept(EcjPsiField.java:64)
	at com.android.tools.lint.psi.EcjPsiSourceElement.acceptChildren(EcjPsiSourceElement.java:85)
	at com.intellij.psi.JavaRecursiveElementVisitor.visitElement(JavaRecursiveElementVisitor.java:62)
	at com.intellij.psi.JavaElementVisitor.visitClass(JavaElementVisitor.java:55)
	at com.android.tools.lint.client.api.JavaPsiVisitor$DispatchPsiVisitor.visitClass(JavaPsiVisitor.java:667)
	at com.android.tools.lint.psi.EcjPsiClass.accept(EcjPsiClass.java:642)
	at com.android.tools.lint.psi.EcjPsiSourceElement.acceptChildren(EcjPsiSourceElement.java:85)
	at com.intellij.psi.JavaRecursiveElementVisitor.visitElement(JavaRecursiveElementVisitor.java:62)
	at com.intellij.psi.PsiElementVisitor.visitFile(PsiElementVisitor.java:34)
	at com.intellij.psi.JavaElementVisitor.visitJavaFile(JavaElementVisitor.java:336)
	at com.android.tools.lint.client.api.JavaPsiVisitor$DispatchPsiVisitor.visitJavaFile(JavaPsiVisitor.java:1411)
	at com.android.tools.lint.psi.EcjPsiJavaFile.accept(EcjPsiJavaFile.java:111)
	at com.android.tools.lint.client.api.JavaPsiVisitor$4.run(JavaPsiVisitor.java:327)
	at com.android.tools.lint.EcjParser.runReadAction(EcjParser.java:1115)
	at com.android.tools.lint.client.api.JavaPsiVisitor.visitFile(JavaPsiVisitor.java:321)
	at com.android.tools.lint.client.api.LintDriver.visitJavaFiles(LintDriver.java:1571)
	at com.android.tools.lint.client.api.LintDriver.checkJava(LintDriver.java:1551)
	at com.android.tools.lint.client.api.LintDriver.runFileDetectors(LintDriver.java:1090)
	at com.android.tools.lint.client.api.LintDriver.checkProject(LintDriver.java:935)
	at com.android.tools.lint.client.api.LintDriver.analyze(LintDriver.java:454)
	at com.android.tools.lint.client.api.LintDriver.analyze(LintDriver.java:395)
	at com.android.tools.lint.LintCliClient.run(LintCliClient.java:131)
	at com.android.build.gradle.internal.LintGradleClient.run(LintGradleClient.java:146)
	at com.android.build.gradle.tasks.Lint.runLint(Lint.java:255)
	at com.android.build.gradle.tasks.Lint.lintSingleVariant(Lint.java:224)
	at com.android.build.gradle.tasks.Lint.lint(Lint.java:109)
	at sun.reflect.NativeMethodAccessorImpl.invoke0(Native Method)
	at sun.reflect.NativeMethodAccessorImpl.invoke(NativeMethodAccessorImpl.java:62)
	at sun.reflect.DelegatingMethodAccessorImpl.invoke(DelegatingMethodAccessorImpl.java:43)
	at java.lang.reflect.Method.invoke(Method.java:498)
	at org.gradle.internal.reflect.JavaMethod.invoke(JavaMethod.java:75)
	at org.gradle.api.internal.project.taskfactory.AnnotationProcessingTaskFactory$StandardTaskAction.doExecute(AnnotationProcessingTaskFactory.java:228)
	at org.gradle.api.internal.project.taskfactory.AnnotationProcessingTaskFactory$StandardTaskAction.execute(AnnotationProcessingTaskFactory.java:221)
	at org.gradle.api.internal.project.taskfactory.AnnotationProcessingTaskFactory$StandardTaskAction.execute(AnnotationProcessingTaskFactory.java:210)
	at org.gradle.api.internal.AbstractTask$TaskActionWrapper.execute(AbstractTask.java:621)
	at org.gradle.api.internal.AbstractTask$TaskActionWrapper.execute(AbstractTask.java:604)
	at org.gradle.api.internal.tasks.execution.ExecuteActionsTaskExecuter.executeAction(ExecuteActionsTaskExecuter.java:80)
	at org.gradle.api.internal.tasks.execution.ExecuteActionsTaskExecuter.executeActions(ExecuteActionsTaskExecuter.java:61)
	at org.gradle.api.internal.tasks.execution.ExecuteActionsTaskExecuter.execute(ExecuteActionsTaskExecuter.java:46)
	at org.gradle.api.internal.tasks.execution.PostExecutionAnalysisTaskExecuter.execute(PostExecutionAnalysisTaskExecuter.java:35)
	at org.gradle.api.internal.tasks.execution.SkipUpToDateTaskExecuter.execute(SkipUpToDateTaskExecuter.java:66)
	at org.gradle.api.internal.tasks.execution.ValidatingTaskExecuter.execute(ValidatingTaskExecuter.java:58)
	at org.gradle.api.internal.tasks.execution.SkipEmptySourceFilesTaskExecuter.execute(SkipEmptySourceFilesTaskExecuter.java:52)
	at org.gradle.api.internal.tasks.execution.SkipTaskWithNoActionsExecuter.execute(SkipTaskWithNoActionsExecuter.java:52)
	at org.gradle.api.internal.tasks.execution.SkipOnlyIfTaskExecuter.execute(SkipOnlyIfTaskExecuter.java:53)
	at org.gradle.api.internal.tasks.execution.ExecuteAtMostOnceTaskExecuter.execute(ExecuteAtMostOnceTaskExecuter.java:43)
	at org.gradle.execution.taskgraph.DefaultTaskGraphExecuter$EventFiringTaskWorker.execute(DefaultTaskGraphExecuter.java:203)
	at org.gradle.execution.taskgraph.DefaultTaskGraphExecuter$EventFiringTaskWorker.execute(DefaultTaskGraphExecuter.java:185)
	at org.gradle.execution.taskgraph.AbstractTaskPlanExecutor$TaskExecutorWorker.processTask(AbstractTaskPlanExecutor.java:66)
	at org.gradle.execution.taskgraph.AbstractTaskPlanExecutor$TaskExecutorWorker.run(AbstractTaskPlanExecutor.java:50)
	at org.gradle.execution.taskgraph.DefaultTaskPlanExecutor.process(DefaultTaskPlanExecutor.java:25)
	at org.gradle.execution.taskgraph.DefaultTaskGraphExecuter.execute(DefaultTaskGraphExecuter.java:110)
	at org.gradle.execution.SelectedTaskExecutionAction.execute(SelectedTaskExecutionAction.java:37)
	at org.gradle.execution.DefaultBuildExecuter.execute(DefaultBuildExecuter.java:37)
	at org.gradle.execution.DefaultBuildExecuter.access$000(DefaultBuildExecuter.java:23)
	at org.gradle.execution.DefaultBuildExecuter$1.proceed(DefaultBuildExecuter.java:43)
	at org.gradle.execution.DryRunBuildExecutionAction.execute(DryRunBuildExecutionAction.java:32)
	at org.gradle.execution.DefaultBuildExecuter.execute(DefaultBuildExecuter.java:37)
	at org.gradle.execution.DefaultBuildExecuter.execute(DefaultBuildExecuter.java:30)
	at org.gradle.initialization.DefaultGradleLauncher$4.run(DefaultGradleLauncher.java:153)
	at org.gradle.internal.Factories$1.create(Factories.java:22)
	at org.gradle.internal.progress.DefaultBuildOperationExecutor.run(DefaultBuildOperationExecutor.java:91)
	at org.gradle.internal.progress.DefaultBuildOperationExecutor.run(DefaultBuildOperationExecutor.java:53)
	at org.gradle.initialization.DefaultGradleLauncher.doBuildStages(DefaultGradleLauncher.java:150)
	at org.gradle.initialization.DefaultGradleLauncher.access$200(DefaultGradleLauncher.java:32)
	at org.gradle.initialization.DefaultGradleLauncher$1.create(DefaultGradleLauncher.java:98)
	at org.gradle.initialization.DefaultGradleLauncher$1.create(DefaultGradleLauncher.java:92)
	at org.gradle.internal.progress.DefaultBuildOperationExecutor.run(DefaultBuildOperationExecutor.java:91)
	at org.gradle.internal.progress.DefaultBuildOperationExecutor.run(DefaultBuildOperationExecutor.java:63)
	at org.gradle.initialization.DefaultGradleLauncher.doBuild(DefaultGradleLauncher.java:92)
	at org.gradle.initialization.DefaultGradleLauncher.run(DefaultGradleLauncher.java:83)
	at org.gradle.launcher.exec.InProcessBuildActionExecuter$DefaultBuildController.run(InProcessBuildActionExecuter.java:99)
	at org.gradle.tooling.internal.provider.ExecuteBuildActionRunner.run(ExecuteBuildActionRunner.java:28)
	at org.gradle.launcher.exec.ChainingBuildActionRunner.run(ChainingBuildActionRunner.java:35)
	at org.gradle.launcher.exec.InProcessBuildActionExecuter.execute(InProcessBuildActionExecuter.java:48)
	at org.gradle.launcher.exec.InProcessBuildActionExecuter.execute(InProcessBuildActionExecuter.java:30)
	at org.gradle.launcher.exec.ContinuousBuildActionExecuter.execute(ContinuousBuildActionExecuter.java:81)
	at org.gradle.launcher.exec.ContinuousBuildActionExecuter.execute(ContinuousBuildActionExecuter.java:46)
	at org.gradle.launcher.exec.DaemonUsageSuggestingBuildActionExecuter.execute(DaemonUsageSuggestingBuildActionExecuter.java:51)
	at org.gradle.launcher.exec.DaemonUsageSuggestingBuildActionExecuter.execute(DaemonUsageSuggestingBuildActionExecuter.java:28)
	at org.gradle.launcher.cli.RunBuildAction.run(RunBuildAction.java:43)
	at org.gradle.internal.Actions$RunnableActionAdapter.execute(Actions.java:173)
	at org.gradle.launcher.cli.CommandLineActionFactory$ParseAndBuildAction.execute(CommandLineActionFactory.java:239)
	at org.gradle.launcher.cli.CommandLineActionFactory$ParseAndBuildAction.execute(CommandLineActionFactory.java:212)
	at org.gradle.launcher.cli.JavaRuntimeValidationAction.execute(JavaRuntimeValidationAction.java:35)
	at org.gradle.launcher.cli.JavaRuntimeValidationAction.execute(JavaRuntimeValidationAction.java:24)
	at org.gradle.launcher.cli.ExceptionReportingAction.execute(ExceptionReportingAction.java:33)
	at org.gradle.launcher.cli.ExceptionReportingAction.execute(ExceptionReportingAction.java:22)
	at org.gradle.launcher.cli.CommandLineActionFactory$WithLogging.execute(CommandLineActionFactory.java:205)
	at org.gradle.launcher.cli.CommandLineActionFactory$WithLogging.execute(CommandLineActionFactory.java:169)
	at org.gradle.launcher.Main.doAction(Main.java:33)
	at org.gradle.launcher.bootstrap.EntryPoint.run(EntryPoint.java:45)
	at sun.reflect.NativeMethodAccessorImpl.invoke0(Native Method)
	at sun.reflect.NativeMethodAccessorImpl.invoke(NativeMethodAccessorImpl.java:62)
	at sun.reflect.DelegatingMethodAccessorImpl.invoke(DelegatingMethodAccessorImpl.java:43)
	at java.lang.reflect.Method.invoke(Method.java:498)
	at org.gradle.launcher.bootstrap.ProcessBootstrap.runNoExit(ProcessBootstrap.java:55)
	at org.gradle.launcher.bootstrap.ProcessBootstrap.run(ProcessBootstrap.java:36)
	at org.gradle.launcher.GradleMain.main(GradleMain.java:23)
	at sun.reflect.NativeMethodAccessorImpl.invoke0(Native Method)
	at sun.reflect.NativeMethodAccessorImpl.invoke(NativeMethodAccessorImpl.java:62)
	at sun.reflect.DelegatingMethodAccessorImpl.invoke(DelegatingMethodAccessorImpl.java:43)
	at java.lang.reflect.Method.invoke(Method.java:498)
	at org.gradle.wrapper.BootstrapMainStarter.start(BootstrapMainStarter.java:30)
	at org.gradle.wrapper.WrapperExecutor.execute(WrapperExecutor.java:129)
	at org.gradle.wrapper.GradleWrapperMain.main(GradleWrapperMain.java:61)

:app:mergeReleaseShaders
:app:compileReleaseShaders
:app:generateReleaseAssets
:app:mergeReleaseAssets
:app:processReleaseJavaRes UP-TO-DATE
:app:transformResourcesWithMergeJavaResForRelease
:app:transformClassesAndResourcesWithProguardForRelease
ProGuard, version 5.2.1
Reading input...
Reading program jar [/private/var/folders/bq/vtzpc5ns5sg2cthy61lqpg3dfzgbys/T/1537166692621-0/src/Preference-Rhythm-master/app/build/intermediates/exploded-aar/com.android.support/support-core-utils/25.0.1/jars/classes.jar] (filtered)
Reading program jar [/Users/vbauer/.gradle/caches/modules-2/files-2.1/io.reactivex.rxjava2/rxjava/2.0.4/cbcf91e47e43607fb628b11b3571f212f11a6f84/rxjava-2.0.4.jar] (filtered)
Reading program jar [/private/var/folders/bq/vtzpc5ns5sg2cthy61lqpg3dfzgbys/T/1537166692621-0/src/Preference-Rhythm-master/app/build/intermediates/exploded-aar/com.android.support/support-v4/25.0.1/jars/classes.jar] (filtered)
Reading program jar [/private/var/folders/bq/vtzpc5ns5sg2cthy61lqpg3dfzgbys/T/1537166692621-0/src/Preference-Rhythm-master/app/build/intermediates/exploded-aar/com.android.support/support-fragment/25.0.1/jars/classes.jar] (filtered)
Reading program jar [/private/var/folders/bq/vtzpc5ns5sg2cthy61lqpg3dfzgbys/T/1537166692621-0/src/Preference-Rhythm-master/app/build/intermediates/exploded-aar/com.android.support/support-media-compat/25.0.1/jars/libs/internal_impl-25.0.1.jar] (filtered)
Reading program jar [/Users/vbauer/Library/Android/sdk/extras/android/m2repository/com/android/support/support-annotations/25.0.1/support-annotations-25.0.1.jar] (filtered)
Reading program jar [/private/var/folders/bq/vtzpc5ns5sg2cthy61lqpg3dfzgbys/T/1537166692621-0/src/Preference-Rhythm-master/app/build/intermediates/exploded-aar/com.android.support/support-fragment/25.0.1/jars/libs/internal_impl-25.0.1.jar] (filtered)
Reading program jar [/Users/vbauer/.gradle/caches/modules-2/files-2.1/com.squareup.retrofit2/retrofit/2.1.0/2de7cd8b95b7021b1d597f049bcb422055119f2c/retrofit-2.1.0.jar] (filtered)
Reading program jar [/private/var/folders/bq/vtzpc5ns5sg2cthy61lqpg3dfzgbys/T/1537166692621-0/src/Preference-Rhythm-master/app/build/intermediates/exploded-aar/com.android.support/support-media-compat/25.0.1/jars/classes.jar] (filtered)
Reading program jar [/Users/vbauer/.gradle/caches/modules-2/files-2.1/com.jakewharton.retrofit/retrofit2-rxjava2-adapter/1.0.0/e117362a2103f8ec01091ebd2f40aca4e1ada599/retrofit2-rxjava2-adapter-1.0.0.jar] (filtered)
Reading program jar [/private/var/folders/bq/vtzpc5ns5sg2cthy61lqpg3dfzgbys/T/1537166692621-0/src/Preference-Rhythm-master/app/build/intermediates/exploded-aar/com.android.support/support-compat/25.0.1/jars/libs/internal_impl-25.0.1.jar] (filtered)
Reading program jar [/Users/vbauer/.gradle/caches/modules-2/files-2.1/com.squareup.retrofit2/converter-gson/2.1.0/aa557d71ead91cbf26e0c316a0f593d168303309/converter-gson-2.1.0.jar] (filtered)
Reading program jar [/private/var/folders/bq/vtzpc5ns5sg2cthy61lqpg3dfzgbys/T/1537166692621-0/src/Preference-Rhythm-master/app/build/intermediates/exploded-aar/com.android.support/support-core-utils/25.0.1/jars/libs/internal_impl-25.0.1.jar] (filtered)
Reading program jar [/private/var/folders/bq/vtzpc5ns5sg2cthy61lqpg3dfzgbys/T/1537166692621-0/src/Preference-Rhythm-master/app/build/intermediates/exploded-aar/com.android.support/support-core-ui/25.0.1/jars/libs/internal_impl-25.0.1.jar] (filtered)
Reading program jar [/private/var/folders/bq/vtzpc5ns5sg2cthy61lqpg3dfzgbys/T/1537166692621-0/src/Preference-Rhythm-master/app/build/intermediates/exploded-aar/com.android.support/animated-vector-drawable/25.0.1/jars/classes.jar] (filtered)
Reading program jar [/Users/vbauer/.gradle/caches/modules-2/files-2.1/com.squareup.okhttp3/okhttp/3.3.0/2b802460eea20f8f2ad9c08c74e0f14718e88aa9/okhttp-3.3.0.jar] (filtered)
Reading program jar [/Users/vbauer/.gradle/caches/modules-2/files-2.1/com.squareup.okio/okio/1.8.0/5ea7af56cc7c567ed9856d99efb30740e9b17ff/okio-1.8.0.jar] (filtered)
Reading program jar [/Users/vbauer/.gradle/caches/modules-2/files-2.1/com.google.code.gson/gson/2.7/751f548c85fa49f330cecbb1875893f971b33c4e/gson-2.7.jar] (filtered)
Reading program jar [/private/var/folders/bq/vtzpc5ns5sg2cthy61lqpg3dfzgbys/T/1537166692621-0/src/Preference-Rhythm-master/app/build/intermediates/exploded-aar/com.android.support/support-compat/25.0.1/jars/classes.jar] (filtered)
Reading program jar [/Users/vbauer/.gradle/caches/modules-2/files-2.1/org.reactivestreams/reactive-streams/1.0.0/14b8c877d98005ba3941c9257cfe09f6ed0e0d74/reactive-streams-1.0.0.jar] (filtered)
Reading program jar [/private/var/folders/bq/vtzpc5ns5sg2cthy61lqpg3dfzgbys/T/1537166692621-0/src/Preference-Rhythm-master/app/build/intermediates/exploded-aar/com.android.support/recyclerview-v7/25.0.1/jars/classes.jar] (filtered)
Reading program jar [/private/var/folders/bq/vtzpc5ns5sg2cthy61lqpg3dfzgbys/T/1537166692621-0/src/Preference-Rhythm-master/app/build/intermediates/exploded-aar/com.android.support/support-core-ui/25.0.1/jars/classes.jar] (filtered)
Reading program jar [/private/var/folders/bq/vtzpc5ns5sg2cthy61lqpg3dfzgbys/T/1537166692621-0/src/Preference-Rhythm-master/app/build/intermediates/exploded-aar/com.android.support/cardview-v7/25.0.1/jars/classes.jar] (filtered)
Reading program jar [/private/var/folders/bq/vtzpc5ns5sg2cthy61lqpg3dfzgbys/T/1537166692621-0/src/Preference-Rhythm-master/app/build/intermediates/exploded-aar/io.reactivex.rxjava2/rxandroid/2.0.1/jars/classes.jar] (filtered)
Reading program jar [/private/var/folders/bq/vtzpc5ns5sg2cthy61lqpg3dfzgbys/T/1537166692621-0/src/Preference-Rhythm-master/app/build/intermediates/exploded-aar/com.android.support/support-vector-drawable/25.0.1/jars/classes.jar] (filtered)
Reading program jar [/private/var/folders/bq/vtzpc5ns5sg2cthy61lqpg3dfzgbys/T/1537166692621-0/src/Preference-Rhythm-master/app/build/intermediates/exploded-aar/com.android.support/appcompat-v7/25.0.1/jars/classes.jar] (filtered)
Reading program jar [/private/var/folders/bq/vtzpc5ns5sg2cthy61lqpg3dfzgbys/T/1537166692621-0/src/Preference-Rhythm-master/app/build/intermediates/exploded-aar/com.anax/preferencerhythm/1.0/jars/classes.jar] (filtered)
Reading program jar [/private/var/folders/bq/vtzpc5ns5sg2cthy61lqpg3dfzgbys/T/1537166692621-0/src/Preference-Rhythm-master/app/build/intermediates/transforms/mergeJavaRes/release/jars/2/1f/main.jar] (filtered)
Reading program directory [/private/var/folders/bq/vtzpc5ns5sg2cthy61lqpg3dfzgbys/T/1537166692621-0/src/Preference-Rhythm-master/app/build/intermediates/classes/release] (filtered)
Reading library jar [/Users/vbauer/Library/Android/sdk/platforms/android-25/android.jar]
Reading library jar [/Users/vbauer/Library/Android/sdk/platforms/android-25/optional/org.apache.http.legacy.jar]
Note: duplicate definition of library class [android.net.http.HttpResponseCache]
Note: duplicate definition of library class [android.net.http.SslCertificate$DName]
Note: duplicate definition of library class [android.net.http.SslError]
Note: duplicate definition of library class [android.net.http.SslCertificate]
Note: duplicate definition of library class [org.apache.http.params.CoreConnectionPNames]
Note: duplicate definition of library class [org.apache.http.params.HttpConnectionParams]
Note: duplicate definition of library class [org.apache.http.params.HttpParams]
Note: duplicate definition of library class [org.apache.http.conn.scheme.SocketFactory]
Note: duplicate definition of library class [org.apache.http.conn.scheme.LayeredSocketFactory]
Note: duplicate definition of library class [org.apache.http.conn.scheme.HostNameResolver]
Note: duplicate definition of library class [org.apache.http.conn.ConnectTimeoutException]
Note: there were 11 duplicate class definitions.
      (http://proguard.sourceforge.net/manual/troubleshooting.html#duplicateclass)
Initializing...
Warning: okio.DeflaterSink: can't find referenced class org.codehaus.mojo.animal_sniffer.IgnoreJRERequirement
Warning: okio.Okio: can't find referenced class java.nio.file.Files
Warning: okio.Okio: can't find referenced class java.nio.file.Files
Warning: okio.Okio: can't find referenced class java.nio.file.Files
Warning: okio.Okio: can't find referenced class java.nio.file.Path
Warning: okio.Okio: can't find referenced class java.nio.file.OpenOption
Warning: okio.Okio: can't find referenced class java.nio.file.Path
Warning: okio.Okio: can't find referenced class java.nio.file.OpenOption
Warning: okio.Okio: can't find referenced class org.codehaus.mojo.animal_sniffer.IgnoreJRERequirement
Warning: okio.Okio: can't find referenced class java.nio.file.Path
Warning: okio.Okio: can't find referenced class java.nio.file.OpenOption
Warning: okio.Okio: can't find referenced class java.nio.file.Path
Warning: okio.Okio: can't find referenced class java.nio.file.OpenOption
Warning: okio.Okio: can't find referenced class org.codehaus.mojo.animal_sniffer.IgnoreJRERequirement
Warning: retrofit2.Platform$Java8: can't find referenced class java.lang.invoke.MethodHandles$Lookup
Warning: retrofit2.Platform$Java8: can't find referenced class java.lang.invoke.MethodHandles$Lookup
Warning: retrofit2.Platform$Java8: can't find referenced class java.lang.invoke.MethodHandle
Warning: retrofit2.Platform$Java8: can't find referenced class java.lang.invoke.MethodHandle
Warning: retrofit2.Platform$Java8: can't find referenced class java.lang.invoke.MethodHandles
Warning: retrofit2.Platform$Java8: can't find referenced class java.lang.invoke.MethodHandle
Warning: retrofit2.Platform$Java8: can't find referenced class java.lang.invoke.MethodHandles$Lookup
Warning: retrofit2.Platform$Java8: can't find referenced class org.codehaus.mojo.animal_sniffer.IgnoreJRERequirement
Note: com.google.gson.internal.UnsafeAllocator: can't find dynamically referenced class sun.misc.Unsafe
Note: okhttp3.internal.AndroidPlatform: can't find dynamically referenced class com.android.org.conscrypt.SSLParametersImpl
Note: okhttp3.internal.AndroidPlatform: can't find dynamically referenced class org.apache.harmony.xnet.provider.jsse.SSLParametersImpl
Note: okhttp3.internal.Platform: can't find dynamically referenced class sun.security.ssl.SSLContextImpl
Note: retrofit2.Platform: can't find dynamically referenced class org.robovm.apple.foundation.NSObject
Note: retrofit2.Platform$IOS$MainThreadExecutor: can't find dynamically referenced class org.robovm.apple.foundation.NSOperationQueue
Note: com.google.gson.internal.UnsafeAllocator accesses a declared field 'theUnsafe' dynamically
Note: there were 6 unresolved dynamic references to classes or interfaces.
      You should check if you need to specify additional program jars.
      (http://proguard.sourceforge.net/manual/troubleshooting.html#dynamicalclass)
Note: there were 1 accesses to class members by means of introspection.
      You should consider explicitly keeping the mentioned class members
      (using '-keep' or '-keepclassmembers').
      (http://proguard.sourceforge.net/manual/troubleshooting.html#dynamicalclassmember)
Warning: there were 22 unresolved references to classes or interfaces.
         You may need to add missing library jars or update their versions.
         If your code works fine without the missing classes, you can suppress
         the warnings with '-dontwarn' options.
         (http://proguard.sourceforge.net/manual/troubleshooting.html#unresolvedclass)
Warning: Exception while processing task java.io.IOException: Please correct the above warnings first.
:app:transformClassesAndResourcesWithProguardForRelease FAILED

FAILURE: Build failed with an exception.

* What went wrong:
Execution failed for task ':app:transformClassesAndResourcesWithProguardForRelease'.
> Job failed, see logs for details

* Try:
Run with --info or --debug option to get more log output.

* Exception is:
org.gradle.api.tasks.TaskExecutionException: Execution failed for task ':app:transformClassesAndResourcesWithProguardForRelease'.
	at org.gradle.api.internal.tasks.execution.ExecuteActionsTaskExecuter.executeActions(ExecuteActionsTaskExecuter.java:69)
	at org.gradle.api.internal.tasks.execution.ExecuteActionsTaskExecuter.execute(ExecuteActionsTaskExecuter.java:46)
	at org.gradle.api.internal.tasks.execution.PostExecutionAnalysisTaskExecuter.execute(PostExecutionAnalysisTaskExecuter.java:35)
	at org.gradle.api.internal.tasks.execution.SkipUpToDateTaskExecuter.execute(SkipUpToDateTaskExecuter.java:66)
	at org.gradle.api.internal.tasks.execution.ValidatingTaskExecuter.execute(ValidatingTaskExecuter.java:58)
	at org.gradle.api.internal.tasks.execution.SkipEmptySourceFilesTaskExecuter.execute(SkipEmptySourceFilesTaskExecuter.java:52)
	at org.gradle.api.internal.tasks.execution.SkipTaskWithNoActionsExecuter.execute(SkipTaskWithNoActionsExecuter.java:52)
	at org.gradle.api.internal.tasks.execution.SkipOnlyIfTaskExecuter.execute(SkipOnlyIfTaskExecuter.java:53)
	at org.gradle.api.internal.tasks.execution.ExecuteAtMostOnceTaskExecuter.execute(ExecuteAtMostOnceTaskExecuter.java:43)
	at org.gradle.execution.taskgraph.DefaultTaskGraphExecuter$EventFiringTaskWorker.execute(DefaultTaskGraphExecuter.java:203)
	at org.gradle.execution.taskgraph.DefaultTaskGraphExecuter$EventFiringTaskWorker.execute(DefaultTaskGraphExecuter.java:185)
	at org.gradle.execution.taskgraph.AbstractTaskPlanExecutor$TaskExecutorWorker.processTask(AbstractTaskPlanExecutor.java:66)
	at org.gradle.execution.taskgraph.AbstractTaskPlanExecutor$TaskExecutorWorker.run(AbstractTaskPlanExecutor.java:50)
	at org.gradle.execution.taskgraph.DefaultTaskPlanExecutor.process(DefaultTaskPlanExecutor.java:25)
	at org.gradle.execution.taskgraph.DefaultTaskGraphExecuter.execute(DefaultTaskGraphExecuter.java:110)
	at org.gradle.execution.SelectedTaskExecutionAction.execute(SelectedTaskExecutionAction.java:37)
	at org.gradle.execution.DefaultBuildExecuter.execute(DefaultBuildExecuter.java:37)
	at org.gradle.execution.DefaultBuildExecuter.access$000(DefaultBuildExecuter.java:23)
	at org.gradle.execution.DefaultBuildExecuter$1.proceed(DefaultBuildExecuter.java:43)
	at org.gradle.execution.DryRunBuildExecutionAction.execute(DryRunBuildExecutionAction.java:32)
	at org.gradle.execution.DefaultBuildExecuter.execute(DefaultBuildExecuter.java:37)
	at org.gradle.execution.DefaultBuildExecuter.execute(DefaultBuildExecuter.java:30)
	at org.gradle.initialization.DefaultGradleLauncher$4.run(DefaultGradleLauncher.java:153)
	at org.gradle.internal.Factories$1.create(Factories.java:22)
	at org.gradle.internal.progress.DefaultBuildOperationExecutor.run(DefaultBuildOperationExecutor.java:91)
	at org.gradle.internal.progress.DefaultBuildOperationExecutor.run(DefaultBuildOperationExecutor.java:53)
	at org.gradle.initialization.DefaultGradleLauncher.doBuildStages(DefaultGradleLauncher.java:150)
	at org.gradle.initialization.DefaultGradleLauncher.access$200(DefaultGradleLauncher.java:32)
	at org.gradle.initialization.DefaultGradleLauncher$1.create(DefaultGradleLauncher.java:98)
	at org.gradle.initialization.DefaultGradleLauncher$1.create(DefaultGradleLauncher.java:92)
	at org.gradle.internal.progress.DefaultBuildOperationExecutor.run(DefaultBuildOperationExecutor.java:91)
	at org.gradle.internal.progress.DefaultBuildOperationExecutor.run(DefaultBuildOperationExecutor.java:63)
	at org.gradle.initialization.DefaultGradleLauncher.doBuild(DefaultGradleLauncher.java:92)
	at org.gradle.initialization.DefaultGradleLauncher.run(DefaultGradleLauncher.java:83)
	at org.gradle.launcher.exec.InProcessBuildActionExecuter$DefaultBuildController.run(InProcessBuildActionExecuter.java:99)
	at org.gradle.tooling.internal.provider.ExecuteBuildActionRunner.run(ExecuteBuildActionRunner.java:28)
	at org.gradle.launcher.exec.ChainingBuildActionRunner.run(ChainingBuildActionRunner.java:35)
	at org.gradle.launcher.exec.InProcessBuildActionExecuter.execute(InProcessBuildActionExecuter.java:48)
	at org.gradle.launcher.exec.InProcessBuildActionExecuter.execute(InProcessBuildActionExecuter.java:30)
	at org.gradle.launcher.exec.ContinuousBuildActionExecuter.execute(ContinuousBuildActionExecuter.java:81)
	at org.gradle.launcher.exec.ContinuousBuildActionExecuter.execute(ContinuousBuildActionExecuter.java:46)
	at org.gradle.launcher.exec.DaemonUsageSuggestingBuildActionExecuter.execute(DaemonUsageSuggestingBuildActionExecuter.java:51)
	at org.gradle.launcher.exec.DaemonUsageSuggestingBuildActionExecuter.execute(DaemonUsageSuggestingBuildActionExecuter.java:28)
	at org.gradle.launcher.cli.RunBuildAction.run(RunBuildAction.java:43)
	at org.gradle.internal.Actions$RunnableActionAdapter.execute(Actions.java:173)
	at org.gradle.launcher.cli.CommandLineActionFactory$ParseAndBuildAction.execute(CommandLineActionFactory.java:239)
	at org.gradle.launcher.cli.CommandLineActionFactory$ParseAndBuildAction.execute(CommandLineActionFactory.java:212)
	at org.gradle.launcher.cli.JavaRuntimeValidationAction.execute(JavaRuntimeValidationAction.java:35)
	at org.gradle.launcher.cli.JavaRuntimeValidationAction.execute(JavaRuntimeValidationAction.java:24)
	at org.gradle.launcher.cli.ExceptionReportingAction.execute(ExceptionReportingAction.java:33)
	at org.gradle.launcher.cli.ExceptionReportingAction.execute(ExceptionReportingAction.java:22)
	at org.gradle.launcher.cli.CommandLineActionFactory$WithLogging.execute(CommandLineActionFactory.java:205)
	at org.gradle.launcher.cli.CommandLineActionFactory$WithLogging.execute(CommandLineActionFactory.java:169)
	at org.gradle.launcher.Main.doAction(Main.java:33)
	at org.gradle.launcher.bootstrap.EntryPoint.run(EntryPoint.java:45)
	at org.gradle.launcher.bootstrap.ProcessBootstrap.runNoExit(ProcessBootstrap.java:55)
	at org.gradle.launcher.bootstrap.ProcessBootstrap.run(ProcessBootstrap.java:36)
	at org.gradle.launcher.GradleMain.main(GradleMain.java:23)
	at org.gradle.wrapper.BootstrapMainStarter.start(BootstrapMainStarter.java:30)
	at org.gradle.wrapper.WrapperExecutor.execute(WrapperExecutor.java:129)
	at org.gradle.wrapper.GradleWrapperMain.main(GradleWrapperMain.java:61)
Caused by: java.lang.RuntimeException: Job failed, see logs for details
	at com.android.build.gradle.internal.transforms.ProGuardTransform.transform(ProGuardTransform.java:196)
	at com.android.build.gradle.internal.pipeline.TransformTask$2.call(TransformTask.java:178)
	at com.android.build.gradle.internal.pipeline.TransformTask$2.call(TransformTask.java:174)
	at com.android.builder.profile.ThreadRecorder.record(ThreadRecorder.java:156)
	at com.android.build.gradle.internal.pipeline.TransformTask.transform(TransformTask.java:173)
	at org.gradle.internal.reflect.JavaMethod.invoke(JavaMethod.java:75)
	at org.gradle.api.internal.project.taskfactory.AnnotationProcessingTaskFactory$IncrementalTaskAction.doExecute(AnnotationProcessingTaskFactory.java:245)
	at org.gradle.api.internal.project.taskfactory.AnnotationProcessingTaskFactory$StandardTaskAction.execute(AnnotationProcessingTaskFactory.java:221)
	at org.gradle.api.internal.project.taskfactory.AnnotationProcessingTaskFactory$IncrementalTaskAction.execute(AnnotationProcessingTaskFactory.java:232)
	at org.gradle.api.internal.project.taskfactory.AnnotationProcessingTaskFactory$StandardTaskAction.execute(AnnotationProcessingTaskFactory.java:210)
	at org.gradle.api.internal.tasks.execution.ExecuteActionsTaskExecuter.executeAction(ExecuteActionsTaskExecuter.java:80)
	at org.gradle.api.internal.tasks.execution.ExecuteActionsTaskExecuter.executeActions(ExecuteActionsTaskExecuter.java:61)
	... 60 more
Caused by: java.io.IOException: Please correct the above warnings first.
	at proguard.Initializer.execute(Initializer.java:473)
	at proguard.ProGuard.initialize(ProGuard.java:233)
	at proguard.ProGuard.execute(ProGuard.java:98)
	at com.android.build.gradle.internal.transforms.BaseProguardAction.runProguard(BaseProguardAction.java:54)
	at com.android.build.gradle.internal.transforms.ProGuardTransform.doMinification(ProGuardTransform.java:254)
	at com.android.build.gradle.internal.transforms.ProGuardTransform.access$000(ProGuardTransform.java:63)
	at com.android.build.gradle.internal.transforms.ProGuardTransform$1.run(ProGuardTransform.java:173)
	at com.android.builder.tasks.Job.runTask(Job.java:49)
	at com.android.build.gradle.tasks.SimpleWorkQueue$EmptyThreadContext.runTask(SimpleWorkQueue.java:41)
	at com.android.builder.tasks.WorkQueue.run(WorkQueue.java:223)


BUILD FAILED

Total time: 21.007 secs

2018-09-17 13:45:25,133 INFO  FullProcessService - Found APK file: /var/folders/bq/vtzpc5ns5sg2cthy61lqpg3dfzgbys/T/1537166692621-0/src/Preference-Rhythm-master/app/build/outputs/apk/app-debug.apk
