2019-07-29 10:35:03,540 INFO  DownloadService - Downloading "https://github.com/webianks/EasyFeedback/archive/master.zip", attempt 3
2019-07-29 10:35:04,268 INFO  DownloadService - Downloaded https://github.com/webianks/EasyFeedback/archive/master.zip, attempt 3
2019-07-29 10:35:04,269 INFO  DownloadService - Size of file "/var/folders/bq/vtzpc5ns5sg2cthy61lqpg3dfzgbys/T/1564371303537-0/master.zip": 177 KB
2019-07-29 10:35:04,269 INFO  ArchiveUtils - Checking entries [.gradle] in ZIP file...
2019-07-29 10:35:04,274 INFO  ArchiveUtils - Has entries [.gradle] in ZIP file /var/folders/bq/vtzpc5ns5sg2cthy61lqpg3dfzgbys/T/1564371303537-0/master.zip: true
2019-07-29 10:35:04,274 DEBUG ZipUtil - Extracting '/var/folders/bq/vtzpc5ns5sg2cthy61lqpg3dfzgbys/T/1564371303537-0/master.zip' into '/var/folders/bq/vtzpc5ns5sg2cthy61lqpg3dfzgbys/T/1564371303537-0/src'.
2019-07-29 10:35:04,293 INFO  FullProcessService - Size of directory with sources: 222 KB
2019-07-29 10:35:04,293 INFO  SysUtils - Execute command: [git, init, /var/folders/bq/vtzpc5ns5sg2cthy61lqpg3dfzgbys/T/1564371303537-0/src]
2019-07-29 10:35:04,312 INFO  SysUtils - Initialized empty Git repository in /private/var/folders/bq/vtzpc5ns5sg2cthy61lqpg3dfzgbys/T/1564371303537-0/src/.git/

2019-07-29 10:35:04,315 INFO  ProjectBuildService - Gradle wrapper(s): /var/folders/bq/vtzpc5ns5sg2cthy61lqpg3dfzgbys/T/1564371303537-0/src/EasyFeedback-master/gradlew
2019-07-29 10:35:04,318 INFO  ProjectBuildService - Build script(s): /var/folders/bq/vtzpc5ns5sg2cthy61lqpg3dfzgbys/T/1564371303537-0/src/EasyFeedback-master/app/build.gradle /var/folders/bq/vtzpc5ns5sg2cthy61lqpg3dfzgbys/T/1564371303537-0/src/EasyFeedback-master/easy-feedback/build.gradle /var/folders/bq/vtzpc5ns5sg2cthy61lqpg3dfzgbys/T/1564371303537-0/src/EasyFeedback-master/build.gradle
2019-07-29 10:35:04,320 INFO  ProjectBuildService - All script(s): /var/folders/bq/vtzpc5ns5sg2cthy61lqpg3dfzgbys/T/1564371303537-0/src/EasyFeedback-master/app/build.gradle /var/folders/bq/vtzpc5ns5sg2cthy61lqpg3dfzgbys/T/1564371303537-0/src/EasyFeedback-master/easy-feedback/build.gradle /var/folders/bq/vtzpc5ns5sg2cthy61lqpg3dfzgbys/T/1564371303537-0/src/EasyFeedback-master/build.gradle /var/folders/bq/vtzpc5ns5sg2cthy61lqpg3dfzgbys/T/1564371303537-0/src/EasyFeedback-master/settings.gradle
2019-07-29 10:35:04,321 INFO  DownloadService - Downloading "https://raw.githubusercontent.com/nuuneoi/JCenter/master/bintrayv1.gradle", attempt 3
2019-07-29 10:35:04,788 INFO  DownloadService - Downloaded https://raw.githubusercontent.com/nuuneoi/JCenter/master/bintrayv1.gradle, attempt 3
2019-07-29 10:35:04,788 INFO  DownloadService - Downloading "https://raw.githubusercontent.com/nuuneoi/JCenter/master/installv1.gradle", attempt 3
2019-07-29 10:35:04,853 INFO  DownloadService - Downloaded https://raw.githubusercontent.com/nuuneoi/JCenter/master/installv1.gradle, attempt 3
2019-07-29 10:35:04,853 INFO  ProjectBuildService - Remote scripts: https://raw.githubusercontent.com/nuuneoi/JCenter/master/bintrayv1.gradle https://raw.githubusercontent.com/nuuneoi/JCenter/master/installv1.gradle
2019-07-29 10:35:04,853 INFO  ProjectFixService - Fixing project...
2019-07-29 10:35:04,861 INFO  LocalPropertiesFixService - Created fake /var/folders/bq/vtzpc5ns5sg2cthy61lqpg3dfzgbys/T/1564371303537-0/src/EasyFeedback-master/app/local.properties
2019-07-29 10:35:04,861 INFO  ProjectFixService - Build info for "/var/folders/bq/vtzpc5ns5sg2cthy61lqpg3dfzgbys/T/1564371303537-0/src/EasyFeedback-master/app/build.gradle": [buildToolsVersion=28.0.3,compileSdkVersion=28,minSdkVersion=15,targetSdkVersion=28]
2019-07-29 10:35:04,861 INFO  LocalPropertiesFixService - Created fake /var/folders/bq/vtzpc5ns5sg2cthy61lqpg3dfzgbys/T/1564371303537-0/src/EasyFeedback-master/easy-feedback/local.properties
2019-07-29 10:35:04,861 INFO  ProjectFixService - Build info for "/var/folders/bq/vtzpc5ns5sg2cthy61lqpg3dfzgbys/T/1564371303537-0/src/EasyFeedback-master/easy-feedback/build.gradle": [buildToolsVersion=28.0.3,compileSdkVersion=28,minSdkVersion=15,targetSdkVersion=28]
2019-07-29 10:35:04,862 INFO  LocalPropertiesFixService - Created fake /var/folders/bq/vtzpc5ns5sg2cthy61lqpg3dfzgbys/T/1564371303537-0/src/EasyFeedback-master/local.properties
2019-07-29 10:35:04,862 INFO  WrapperPropertiesFixService - Gradle wrapper: https://services.gradle.org/distributions/gradle-5.1.1-all.zip
2019-07-29 10:35:04,862 INFO  WrapperPropertiesFixService - Gradle wrapper was changed from "-all.zip" to "-bin.zip" (https://services.gradle.org/distributions/gradle-5.1.1-bin.zip)
2019-07-29 10:35:04,863 INFO  ProjectFixService - Build info for "/var/folders/bq/vtzpc5ns5sg2cthy61lqpg3dfzgbys/T/1564371303537-0/src/EasyFeedback-master/build.gradle": [buildToolsVersion=28.0.3,compileSdkVersion=28,minSdkVersion=15,targetSdkVersion=28]
2019-07-29 10:35:04,863 INFO  ProjectFixService - Project was maybe fixed
2019-07-29 10:35:04,863 INFO  ProjectTaskService - Detecting possible tasks...
2019-07-29 10:35:04,863 INFO  SysUtils - Execute command: [/var/folders/bq/vtzpc5ns5sg2cthy61lqpg3dfzgbys/T/1564371303537-0/src/EasyFeedback-master/gradlew, -b, /var/folders/bq/vtzpc5ns5sg2cthy61lqpg3dfzgbys/T/1564371303537-0/src/EasyFeedback-master/app/build.gradle, -Dorg.gradle.daemon=false, -Dorg.gradle.daemon.performance.enable-monitoring=false, -Dorg.gradle.configureondemand=true, tasks]
2019-07-29 10:35:11,475 INFO  ProjectTaskService - Detected possible tasks: 69
2019-07-29 10:35:11,475 INFO  ProjectTaskService - Excluded tasks (21): lintDebug javadocJar deviceCheck lint testReleaseUnitTest javadoc uninstallRelease deviceAndroidTest uninstallDebugAndroidTest installDebugAndroidTest connectedCheck connectedDebugAndroidTest uninstallAll sourcesJar test check testDebugUnitTest connectedAndroidTest installDebug lintRelease uninstallDebug
2019-07-29 10:35:11,475 INFO  SysUtils - Execute command: [/var/folders/bq/vtzpc5ns5sg2cthy61lqpg3dfzgbys/T/1564371303537-0/src/EasyFeedback-master/gradlew, -b, /var/folders/bq/vtzpc5ns5sg2cthy61lqpg3dfzgbys/T/1564371303537-0/src/EasyFeedback-master/app/build.gradle, -Dorg.gradle.daemon=false, -Dorg.gradle.daemon.performance.enable-monitoring=false, -Dorg.gradle.configureondemand=true, --stacktrace, -x, lintDebug, -x, javadocJar, -x, deviceCheck, -x, lint, -x, testReleaseUnitTest, -x, javadoc, -x, uninstallRelease, -x, deviceAndroidTest, -x, uninstallDebugAndroidTest, -x, installDebugAndroidTest, -x, connectedCheck, -x, connectedDebugAndroidTest, -x, uninstallAll, -x, sourcesJar, -x, test, -x, check, -x, testDebugUnitTest, -x, connectedAndroidTest, -x, installDebug, -x, lintRelease, -x, uninstallDebug, build]
2019-07-29 10:35:17,234 ERROR SysUtils - Could not process external command
org.apache.commons.exec.ExecuteException: Process exited with an error: 1 (Exit value: 1)
	at org.apache.commons.exec.DefaultExecutor.executeInternal(DefaultExecutor.java:404)
	at org.apache.commons.exec.DefaultExecutor.execute(DefaultExecutor.java:166)
	at com.github.vbauer.apkmaster.util.SysUtils.execute(SysUtils.java:67)
	at com.github.vbauer.apkmaster.util.SysUtils.executeSimple(SysUtils.java:43)
	at com.github.vbauer.apkmaster.service.assembly.ProjectBuildService.buildProject(ProjectBuildService.java:78)
	at com.github.vbauer.apkmaster.service.assembly.ProjectBuildService.buildProject(ProjectBuildService.java:64)
	at com.github.vbauer.apkmaster.service.assembly.ProjectBuildService.buildProject(ProjectBuildService.java:43)
	at com.github.vbauer.apkmaster.service.FullProcessService.build(FullProcessService.java:84)
	at com.github.vbauer.apkmaster.service.FullProcessService.process(FullProcessService.java:34)
	at com.github.vbauer.apkmaster.app.MainApplication.process(MainApplication.java:38)
	at com.github.vbauer.apkmaster.app.MainApplication.main(MainApplication.java:20)
	at sun.reflect.NativeMethodAccessorImpl.invoke0(Native Method)
	at sun.reflect.NativeMethodAccessorImpl.invoke(NativeMethodAccessorImpl.java:62)
	at sun.reflect.DelegatingMethodAccessorImpl.invoke(DelegatingMethodAccessorImpl.java:43)
	at java.lang.reflect.Method.invoke(Method.java:498)
	at com.android.arsenal.util.ReflectionUtils.invoke(ReflectionUtils.java:52)
	at com.android.arsenal.util.ApkMasterUtils.main(ApkMasterUtils.java:30)
	at com.android.arsenal.service.processor.impl.BuildProcessorServiceImpl.buildProject(BuildProcessorServiceImpl.java:196)
	at com.android.arsenal.service.processor.impl.BuildProcessorServiceImpl.build(BuildProcessorServiceImpl.java:130)
	at com.android.arsenal.service.processor.impl.BuildProcessorServiceImpl.lambda$createTasks$1(BuildProcessorServiceImpl.java:113)
	at java.util.concurrent.FutureTask.run(FutureTask.java:266)
	at java.util.concurrent.Executors$RunnableAdapter.call(Executors.java:511)
	at java.util.concurrent.FutureTask.run(FutureTask.java:266)
	at java.util.concurrent.ThreadPoolExecutor.runWorker(ThreadPoolExecutor.java:1149)
	at java.util.concurrent.ThreadPoolExecutor$Worker.run(ThreadPoolExecutor.java:624)
	at java.lang.Thread.run(Thread.java:748)
2019-07-29 10:35:17,235 INFO  SysUtils - Configuration on demand is an incubating feature.

FAILURE: Build failed with an exception.

* What went wrong:
Task 'javadocJar' not found in project ':app'.

* Try:
Run gradlew tasks to get a list of available tasks. Run with --info or --debug option to get more log output. Run with --scan to get full insights.

* Exception is:
org.gradle.execution.TaskSelectionException: Task 'javadocJar' not found in project ':app'.
	at org.gradle.execution.TaskSelector.getSelection(TaskSelector.java:116)
	at org.gradle.execution.TaskSelector.getFilter(TaskSelector.java:66)
	at org.gradle.execution.ExcludedTaskFilteringBuildConfigurationAction.configure(ExcludedTaskFilteringBuildConfigurationAction.java:42)
	at org.gradle.execution.DefaultBuildConfigurationActionExecuter.configure(DefaultBuildConfigurationActionExecuter.java:57)
	at org.gradle.execution.DefaultBuildConfigurationActionExecuter.access$200(DefaultBuildConfigurationActionExecuter.java:26)
	at org.gradle.execution.DefaultBuildConfigurationActionExecuter$1.run(DefaultBuildConfigurationActionExecuter.java:43)
	at org.gradle.internal.Factories$1.create(Factories.java:25)
	at org.gradle.api.internal.project.DefaultProjectStateRegistry.withLenientState(DefaultProjectStateRegistry.java:132)
	at org.gradle.api.internal.project.DefaultProjectStateRegistry.withLenientState(DefaultProjectStateRegistry.java:124)
	at org.gradle.execution.DefaultBuildConfigurationActionExecuter.select(DefaultBuildConfigurationActionExecuter.java:39)
	at org.gradle.initialization.DefaultGradleLauncher$CalculateTaskGraph.run(DefaultGradleLauncher.java:333)
	at org.gradle.internal.operations.DefaultBuildOperationExecutor$RunnableBuildOperationWorker.execute(DefaultBuildOperationExecutor.java:301)
	at org.gradle.internal.operations.DefaultBuildOperationExecutor$RunnableBuildOperationWorker.execute(DefaultBuildOperationExecutor.java:293)
	at org.gradle.internal.operations.DefaultBuildOperationExecutor.execute(DefaultBuildOperationExecutor.java:175)
	at org.gradle.internal.operations.DefaultBuildOperationExecutor.run(DefaultBuildOperationExecutor.java:91)
	at org.gradle.internal.operations.DelegatingBuildOperationExecutor.run(DelegatingBuildOperationExecutor.java:31)
	at org.gradle.initialization.DefaultGradleLauncher.constructTaskGraph(DefaultGradleLauncher.java:218)
	at org.gradle.initialization.DefaultGradleLauncher.doBuildStages(DefaultGradleLauncher.java:155)
	at org.gradle.initialization.DefaultGradleLauncher.executeTasks(DefaultGradleLauncher.java:134)
	at org.gradle.internal.invocation.GradleBuildController$1.execute(GradleBuildController.java:58)
	at org.gradle.internal.invocation.GradleBuildController$1.execute(GradleBuildController.java:55)
	at org.gradle.internal.invocation.GradleBuildController$3.create(GradleBuildController.java:82)
	at org.gradle.internal.invocation.GradleBuildController$3.create(GradleBuildController.java:75)
	at org.gradle.internal.work.DefaultWorkerLeaseService.withLocks(DefaultWorkerLeaseService.java:183)
	at org.gradle.internal.work.StopShieldingWorkerLeaseService.withLocks(StopShieldingWorkerLeaseService.java:40)
	at org.gradle.internal.invocation.GradleBuildController.doBuild(GradleBuildController.java:75)
	at org.gradle.internal.invocation.GradleBuildController.run(GradleBuildController.java:55)
	at org.gradle.tooling.internal.provider.ExecuteBuildActionRunner.run(ExecuteBuildActionRunner.java:31)
	at org.gradle.launcher.exec.ChainingBuildActionRunner.run(ChainingBuildActionRunner.java:35)
	at org.gradle.launcher.exec.BuildOutcomeReportingBuildActionRunner.run(BuildOutcomeReportingBuildActionRunner.java:58)
	at org.gradle.tooling.internal.provider.ValidatingBuildActionRunner.run(ValidatingBuildActionRunner.java:32)
	at org.gradle.launcher.exec.BuildCompletionNotifyingBuildActionRunner.run(BuildCompletionNotifyingBuildActionRunner.java:39)
	at org.gradle.launcher.exec.RunAsBuildOperationBuildActionRunner$3.call(RunAsBuildOperationBuildActionRunner.java:49)
	at org.gradle.launcher.exec.RunAsBuildOperationBuildActionRunner$3.call(RunAsBuildOperationBuildActionRunner.java:44)
	at org.gradle.internal.operations.DefaultBuildOperationExecutor$CallableBuildOperationWorker.execute(DefaultBuildOperationExecutor.java:315)
	at org.gradle.internal.operations.DefaultBuildOperationExecutor$CallableBuildOperationWorker.execute(DefaultBuildOperationExecutor.java:305)
	at org.gradle.internal.operations.DefaultBuildOperationExecutor.execute(DefaultBuildOperationExecutor.java:175)
	at org.gradle.internal.operations.DefaultBuildOperationExecutor.call(DefaultBuildOperationExecutor.java:101)
	at org.gradle.internal.operations.DelegatingBuildOperationExecutor.call(DelegatingBuildOperationExecutor.java:36)
	at org.gradle.launcher.exec.RunAsBuildOperationBuildActionRunner.run(RunAsBuildOperationBuildActionRunner.java:44)
	at org.gradle.launcher.exec.InProcessBuildActionExecuter$1.transform(InProcessBuildActionExecuter.java:49)
	at org.gradle.launcher.exec.InProcessBuildActionExecuter$1.transform(InProcessBuildActionExecuter.java:46)
	at org.gradle.composite.internal.DefaultRootBuildState.run(DefaultRootBuildState.java:78)
	at org.gradle.launcher.exec.InProcessBuildActionExecuter.execute(InProcessBuildActionExecuter.java:46)
	at org.gradle.launcher.exec.InProcessBuildActionExecuter.execute(InProcessBuildActionExecuter.java:31)
	at org.gradle.launcher.exec.BuildTreeScopeBuildActionExecuter.execute(BuildTreeScopeBuildActionExecuter.java:42)
	at org.gradle.launcher.exec.BuildTreeScopeBuildActionExecuter.execute(BuildTreeScopeBuildActionExecuter.java:28)
	at org.gradle.tooling.internal.provider.ContinuousBuildActionExecuter.execute(ContinuousBuildActionExecuter.java:78)
	at org.gradle.tooling.internal.provider.ContinuousBuildActionExecuter.execute(ContinuousBuildActionExecuter.java:52)
	at org.gradle.tooling.internal.provider.SubscribableBuildActionExecuter.execute(SubscribableBuildActionExecuter.java:59)
	at org.gradle.tooling.internal.provider.SubscribableBuildActionExecuter.execute(SubscribableBuildActionExecuter.java:36)
	at org.gradle.tooling.internal.provider.SessionScopeBuildActionExecuter.execute(SessionScopeBuildActionExecuter.java:68)
	at org.gradle.tooling.internal.provider.SessionScopeBuildActionExecuter.execute(SessionScopeBuildActionExecuter.java:38)
	at org.gradle.tooling.internal.provider.GradleThreadBuildActionExecuter.execute(GradleThreadBuildActionExecuter.java:37)
	at org.gradle.tooling.internal.provider.GradleThreadBuildActionExecuter.execute(GradleThreadBuildActionExecuter.java:26)
	at org.gradle.tooling.internal.provider.ParallelismConfigurationBuildActionExecuter.execute(ParallelismConfigurationBuildActionExecuter.java:43)
	at org.gradle.tooling.internal.provider.ParallelismConfigurationBuildActionExecuter.execute(ParallelismConfigurationBuildActionExecuter.java:29)
	at org.gradle.tooling.internal.provider.StartParamsValidatingActionExecuter.execute(StartParamsValidatingActionExecuter.java:60)
	at org.gradle.tooling.internal.provider.StartParamsValidatingActionExecuter.execute(StartParamsValidatingActionExecuter.java:32)
	at org.gradle.tooling.internal.provider.SessionFailureReportingActionExecuter.execute(SessionFailureReportingActionExecuter.java:55)
	at org.gradle.tooling.internal.provider.SessionFailureReportingActionExecuter.execute(SessionFailureReportingActionExecuter.java:41)
	at org.gradle.tooling.internal.provider.SetupLoggingActionExecuter.execute(SetupLoggingActionExecuter.java:48)
	at org.gradle.tooling.internal.provider.SetupLoggingActionExecuter.execute(SetupLoggingActionExecuter.java:32)
	at org.gradle.launcher.cli.RunBuildAction.run(RunBuildAction.java:55)
	at org.gradle.internal.Actions$RunnableActionAdapter.execute(Actions.java:207)
	at org.gradle.launcher.cli.CommandLineActionFactory$ParseAndBuildAction.execute(CommandLineActionFactory.java:403)
	at org.gradle.launcher.cli.CommandLineActionFactory$ParseAndBuildAction.execute(CommandLineActionFactory.java:376)
	at org.gradle.launcher.cli.ExceptionReportingAction.execute(ExceptionReportingAction.java:37)
	at org.gradle.launcher.cli.ExceptionReportingAction.execute(ExceptionReportingAction.java:23)
	at org.gradle.launcher.cli.CommandLineActionFactory$WithLogging.execute(CommandLineActionFactory.java:369)
	at org.gradle.launcher.cli.CommandLineActionFactory$WithLogging.execute(CommandLineActionFactory.java:299)
	at org.gradle.launcher.Main.doAction(Main.java:36)
	at org.gradle.launcher.bootstrap.EntryPoint.run(EntryPoint.java:45)
	at org.gradle.launcher.bootstrap.ProcessBootstrap.runNoExit(ProcessBootstrap.java:60)
	at org.gradle.launcher.bootstrap.ProcessBootstrap.run(ProcessBootstrap.java:37)
	at org.gradle.launcher.GradleMain.main(GradleMain.java:23)
	at org.gradle.wrapper.BootstrapMainStarter.start(BootstrapMainStarter.java:30)
	at org.gradle.wrapper.WrapperExecutor.execute(WrapperExecutor.java:129)
	at org.gradle.wrapper.GradleWrapperMain.main(GradleWrapperMain.java:61)


* Get more help at https://help.gradle.org

BUILD FAILED in 5s

2019-07-29 10:35:17,235 ERROR ProjectBuildService - Excluded tasks were detected wrong
2019-07-29 10:35:17,235 INFO  SysUtils - Execute command: [/var/folders/bq/vtzpc5ns5sg2cthy61lqpg3dfzgbys/T/1564371303537-0/src/EasyFeedback-master/gradlew, -b, /var/folders/bq/vtzpc5ns5sg2cthy61lqpg3dfzgbys/T/1564371303537-0/src/EasyFeedback-master/app/build.gradle, -Dorg.gradle.daemon=false, -Dorg.gradle.daemon.performance.enable-monitoring=false, -Dorg.gradle.configureondemand=true, --stacktrace, build]
2019-07-29 10:35:32,619 ERROR SysUtils - Could not process external command
org.apache.commons.exec.ExecuteException: Process exited with an error: 1 (Exit value: 1)
	at org.apache.commons.exec.DefaultExecutor.executeInternal(DefaultExecutor.java:404)
	at org.apache.commons.exec.DefaultExecutor.execute(DefaultExecutor.java:166)
	at com.github.vbauer.apkmaster.util.SysUtils.execute(SysUtils.java:67)
	at com.github.vbauer.apkmaster.util.SysUtils.executeSimple(SysUtils.java:43)
	at com.github.vbauer.apkmaster.service.assembly.ProjectBuildService.buildProject(ProjectBuildService.java:78)
	at com.github.vbauer.apkmaster.service.assembly.ProjectBuildService.buildProject(ProjectBuildService.java:69)
	at com.github.vbauer.apkmaster.service.assembly.ProjectBuildService.buildProject(ProjectBuildService.java:43)
	at com.github.vbauer.apkmaster.service.FullProcessService.build(FullProcessService.java:84)
	at com.github.vbauer.apkmaster.service.FullProcessService.process(FullProcessService.java:34)
	at com.github.vbauer.apkmaster.app.MainApplication.process(MainApplication.java:38)
	at com.github.vbauer.apkmaster.app.MainApplication.main(MainApplication.java:20)
	at sun.reflect.NativeMethodAccessorImpl.invoke0(Native Method)
	at sun.reflect.NativeMethodAccessorImpl.invoke(NativeMethodAccessorImpl.java:62)
	at sun.reflect.DelegatingMethodAccessorImpl.invoke(DelegatingMethodAccessorImpl.java:43)
	at java.lang.reflect.Method.invoke(Method.java:498)
	at com.android.arsenal.util.ReflectionUtils.invoke(ReflectionUtils.java:52)
	at com.android.arsenal.util.ApkMasterUtils.main(ApkMasterUtils.java:30)
	at com.android.arsenal.service.processor.impl.BuildProcessorServiceImpl.buildProject(BuildProcessorServiceImpl.java:196)
	at com.android.arsenal.service.processor.impl.BuildProcessorServiceImpl.build(BuildProcessorServiceImpl.java:130)
	at com.android.arsenal.service.processor.impl.BuildProcessorServiceImpl.lambda$createTasks$1(BuildProcessorServiceImpl.java:113)
	at java.util.concurrent.FutureTask.run(FutureTask.java:266)
	at java.util.concurrent.Executors$RunnableAdapter.call(Executors.java:511)
	at java.util.concurrent.FutureTask.run(FutureTask.java:266)
	at java.util.concurrent.ThreadPoolExecutor.runWorker(ThreadPoolExecutor.java:1149)
	at java.util.concurrent.ThreadPoolExecutor$Worker.run(ThreadPoolExecutor.java:624)
	at java.lang.Thread.run(Thread.java:748)
2019-07-29 10:35:32,619 INFO  SysUtils - Configuration on demand is an incubating feature.
> Task :app:preBuild UP-TO-DATE
> Task :easy-feedback:preBuild UP-TO-DATE
> Task :easy-feedback:preDebugBuild UP-TO-DATE
> Task :easy-feedback:checkDebugManifest
> Task :easy-feedback:processDebugManifest
> Task :app:preDebugBuild
> Task :easy-feedback:packageDebugRenderscript NO-SOURCE
> Task :app:checkDebugManifest
> Task :app:compileDebugRenderscript NO-SOURCE
> Task :app:generateDebugBuildConfig
> Task :app:prepareLintJar
> Task :easy-feedback:generateDebugBuildConfig
> Task :easy-feedback:generateDebugResValues
> Task :easy-feedback:prepareLintJar
> Task :app:mainApkListPersistenceDebug
> Task :app:generateDebugResValues
> Task :app:generateDebugResources
> Task :app:createDebugCompatibleScreenManifests
> Task :app:processDebugManifest
> Task :easy-feedback:compileDebugRenderscript NO-SOURCE
> Task :easy-feedback:compileDebugAidl NO-SOURCE
> Task :app:compileDebugAidl NO-SOURCE
> Task :app:generateDebugSources
> Task :easy-feedback:generateDebugResources
> Task :easy-feedback:packageDebugResources
> Task :easy-feedback:generateDebugRFile
> Task :easy-feedback:generateDebugSources
> Task :easy-feedback:javaPreCompileDebug

> Task :easy-feedback:compileDebugJavaWithJavac FAILED
/private/var/folders/bq/vtzpc5ns5sg2cthy61lqpg3dfzgbys/T/1564371303537-0/src/EasyFeedback-master/easy-feedback/src/main/java/com/webianks/easy_feedback/components/Utils.java:22: error: package android.support.annotation does not exist
import android.support.annotation.ColorInt;
                                 ^
/private/var/folders/bq/vtzpc5ns5sg2cthy61lqpg3dfzgbys/T/1564371303537-0/src/EasyFeedback-master/easy-feedback/src/main/java/com/webianks/easy_feedback/FeedbackActivity.java:11: error: package android.support.annotation does not exist
import android.support.annotation.NonNull;
                                 ^
/private/var/folders/bq/vtzpc5ns5sg2cthy61lqpg3dfzgbys/T/1564371303537-0/src/EasyFeedback-master/easy-feedback/src/main/java/com/webianks/easy_feedback/FeedbackActivity.java:12: error: package android.support.annotation does not exist
import android.support.annotation.Nullable;
                                 ^
/private/var/folders/bq/vtzpc5ns5sg2cthy61lqpg3dfzgbys/T/1564371303537-0/src/EasyFeedback-master/easy-feedback/src/main/java/com/webianks/easy_feedback/FeedbackActivity.java:13: error: package android.support.v4.content does not exist
import android.support.v4.content.ContextCompat;
                                 ^
/private/var/folders/bq/vtzpc5ns5sg2cthy61lqpg3dfzgbys/T/1564371303537-0/src/EasyFeedback-master/easy-feedback/src/main/java/com/webianks/easy_feedback/FeedbackActivity.java:14: error: package android.support.v4.content does not exist
import android.support.v4.content.FileProvider;
                                 ^
/private/var/folders/bq/vtzpc5ns5sg2cthy61lqpg3dfzgbys/T/1564371303537-0/src/EasyFeedback-master/easy-feedback/src/main/java/com/webianks/easy_feedback/FeedbackActivity.java:15: error: package android.support.v7.app does not exist
import android.support.v7.app.AlertDialog;
                             ^
/private/var/folders/bq/vtzpc5ns5sg2cthy61lqpg3dfzgbys/T/1564371303537-0/src/EasyFeedback-master/easy-feedback/src/main/java/com/webianks/easy_feedback/FeedbackActivity.java:16: error: package android.support.v7.app does not exist
import android.support.v7.app.AppCompatActivity;
                             ^
/private/var/folders/bq/vtzpc5ns5sg2cthy61lqpg3dfzgbys/T/1564371303537-0/src/EasyFeedback-master/easy-feedback/src/main/java/com/webianks/easy_feedback/FeedbackActivity.java:47: error: cannot find symbol
public class FeedbackActivity extends AppCompatActivity implements View.OnClickListener {
                                      ^
  symbol: class AppCompatActivity
/private/var/folders/bq/vtzpc5ns5sg2cthy61lqpg3dfzgbys/T/1564371303537-0/src/EasyFeedback-master/easy-feedback/src/main/java/com/webianks/easy_feedback/components/Utils.java:228: error: cannot find symbol
    public static int getColorFromAttr(Context context, int attr, @ColorInt int defaultColor) {
                                                                   ^
  symbol:   class ColorInt
  location: class Utils
/private/var/folders/bq/vtzpc5ns5sg2cthy61lqpg3dfzgbys/T/1564371303537-0/src/EasyFeedback-master/easy-feedback/src/main/java/com/webianks/easy_feedback/components/Utils.java:227: error: cannot find symbol
    @ColorInt
     ^
  symbol:   class ColorInt
  location: class Utils
/private/var/folders/bq/vtzpc5ns5sg2cthy61lqpg3dfzgbys/T/1564371303537-0/src/EasyFeedback-master/easy-feedback/src/main/java/com/webianks/easy_feedback/FeedbackActivity.java:65: error: cannot find symbol
    protected void onCreate(@Nullable Bundle savedInstanceState) {
                             ^
  symbol:   class Nullable
  location: class FeedbackActivity
/private/var/folders/bq/vtzpc5ns5sg2cthy61lqpg3dfzgbys/T/1564371303537-0/src/EasyFeedback-master/easy-feedback/src/main/java/com/webianks/easy_feedback/FeedbackActivity.java:273: error: cannot find symbol
    public boolean hasPermissions(@NonNull String... permissions) {
                                   ^
  symbol:   class NonNull
  location: class FeedbackActivity
/private/var/folders/bq/vtzpc5ns5sg2cthy61lqpg3dfzgbys/T/1564371303537-0/src/EasyFeedback-master/easy-feedback/src/main/java/com/webianks/easy_feedback/FeedbackActivity.java:64: error: method does not override or implement a method from a supertype
    @Override
    ^
/private/var/folders/bq/vtzpc5ns5sg2cthy61lqpg3dfzgbys/T/1564371303537-0/src/EasyFeedback-master/easy-feedback/src/main/java/com/webianks/easy_feedback/FeedbackActivity.java:67: error: cannot find symbol
        super.onCreate(savedInstanceState);
        ^
  symbol:   variable super
  location: class FeedbackActivity
/private/var/folders/bq/vtzpc5ns5sg2cthy61lqpg3dfzgbys/T/1564371303537-0/src/EasyFeedback-master/easy-feedback/src/main/java/com/webianks/easy_feedback/FeedbackActivity.java:68: error: cannot find symbol
        setContentView(R.layout.feedback_layout);
        ^
  symbol:   method setContentView(int)
  location: class FeedbackActivity
/private/var/folders/bq/vtzpc5ns5sg2cthy61lqpg3dfzgbys/T/1564371303537-0/src/EasyFeedback-master/easy-feedback/src/main/java/com/webianks/easy_feedback/FeedbackActivity.java:70: error: cannot find symbol
        if (getSupportActionBar() != null)
            ^
  symbol:   method getSupportActionBar()
  location: class FeedbackActivity
/private/var/folders/bq/vtzpc5ns5sg2cthy61lqpg3dfzgbys/T/1564371303537-0/src/EasyFeedback-master/easy-feedback/src/main/java/com/webianks/easy_feedback/FeedbackActivity.java:71: error: cannot find symbol
            getSupportActionBar().setDisplayHomeAsUpEnabled(true);
            ^
  symbol:   method getSupportActionBar()
  location: class FeedbackActivity
/private/var/folders/bq/vtzpc5ns5sg2cthy61lqpg3dfzgbys/T/1564371303537-0/src/EasyFeedback-master/easy-feedback/src/main/java/com/webianks/easy_feedback/FeedbackActivity.java:81: error: cannot find symbol
        editText = (EditText) findViewById(R.id.editText);
                              ^
  symbol:   method findViewById(int)
  location: class FeedbackActivity
/private/var/folders/bq/vtzpc5ns5sg2cthy61lqpg3dfzgbys/T/1564371303537-0/src/EasyFeedback-master/easy-feedback/src/main/java/com/webianks/easy_feedback/FeedbackActivity.java:83: error: cannot find symbol
        TextView info = (TextView) findViewById(R.id.info_legal);
                                   ^
  symbol:   method findViewById(int)
  location: class FeedbackActivity
/private/var/folders/bq/vtzpc5ns5sg2cthy61lqpg3dfzgbys/T/1564371303537-0/src/EasyFeedback-master/easy-feedback/src/main/java/com/webianks/easy_feedback/FeedbackActivity.java:84: error: cannot find symbol
        FrameLayout selectImage = (FrameLayout) findViewById(R.id.selectImage);
                                                ^
  symbol:   method findViewById(int)
  location: class FeedbackActivity
/private/var/folders/bq/vtzpc5ns5sg2cthy61lqpg3dfzgbys/T/1564371303537-0/src/EasyFeedback-master/easy-feedback/src/main/java/com/webianks/easy_feedback/FeedbackActivity.java:85: error: cannot find symbol
        Button submitSuggestion = (Button) findViewById(R.id.submitSuggestion);
                                           ^
  symbol:   method findViewById(int)
  location: class FeedbackActivity
/private/var/folders/bq/vtzpc5ns5sg2cthy61lqpg3dfzgbys/T/1564371303537-0/src/EasyFeedback-master/easy-feedback/src/main/java/com/webianks/easy_feedback/FeedbackActivity.java:86: error: cannot find symbol
        selectedImageView = (ImageView) findViewById(R.id.selectedImageView);
                                        ^
  symbol:   method findViewById(int)
  location: class FeedbackActivity
/private/var/folders/bq/vtzpc5ns5sg2cthy61lqpg3dfzgbys/T/1564371303537-0/src/EasyFeedback-master/easy-feedback/src/main/java/com/webianks/easy_feedback/FeedbackActivity.java:87: error: cannot find symbol
        selectContainer = (LinearLayout) findViewById(R.id.selectContainer);
                                         ^
  symbol:   method findViewById(int)
  location: class FeedbackActivity
/private/var/folders/bq/vtzpc5ns5sg2cthy61lqpg3dfzgbys/T/1564371303537-0/src/EasyFeedback-master/easy-feedback/src/main/java/com/webianks/easy_feedback/FeedbackActivity.java:93: error: cannot find symbol
        emailId = getIntent().getStringExtra(KEY_EMAIL);
                  ^
  symbol:   method getIntent()
  location: class FeedbackActivity
/private/var/folders/bq/vtzpc5ns5sg2cthy61lqpg3dfzgbys/T/1564371303537-0/src/EasyFeedback-master/easy-feedback/src/main/java/com/webianks/easy_feedback/FeedbackActivity.java:94: error: cannot find symbol
        withInfo = getIntent().getBooleanExtra(KEY_WITH_INFO, false);
                   ^
  symbol:   method getIntent()
  location: class FeedbackActivity
/private/var/folders/bq/vtzpc5ns5sg2cthy61lqpg3dfzgbys/T/1564371303537-0/src/EasyFeedback-master/easy-feedback/src/main/java/com/webianks/easy_feedback/FeedbackActivity.java:96: error: incompatible types: FeedbackActivity cannot be converted to Context
        deviceInfo = DeviceInfo.getAllDeviceInfo(this, false);
                                                 ^
/private/var/folders/bq/vtzpc5ns5sg2cthy61lqpg3dfzgbys/T/1564371303537-0/src/EasyFeedback-master/easy-feedback/src/main/java/com/webianks/easy_feedback/FeedbackActivity.java:100: error: cannot find symbol
            CharSequence infoFeedbackStart = getResources().getString(R.string.info_fedback_legal_start);
                                             ^
  symbol:   method getResources()
  location: class FeedbackActivity
/private/var/folders/bq/vtzpc5ns5sg2cthy61lqpg3dfzgbys/T/1564371303537-0/src/EasyFeedback-master/easy-feedback/src/main/java/com/webianks/easy_feedback/FeedbackActivity.java:101: error: cannot find symbol
            SpannableString deviceInfo = new SpannableString(getResources().getString(R.string.info_fedback_legal_system_info));
                                                             ^
  symbol:   method getResources()
  location: class FeedbackActivity
/private/var/folders/bq/vtzpc5ns5sg2cthy61lqpg3dfzgbys/T/1564371303537-0/src/EasyFeedback-master/easy-feedback/src/main/java/com/webianks/easy_feedback/FeedbackActivity.java:105: error: package AlertDialog does not exist
                    new AlertDialog.Builder(FeedbackActivity.this)
                                   ^
/private/var/folders/bq/vtzpc5ns5sg2cthy61lqpg3dfzgbys/T/1564371303537-0/src/EasyFeedback-master/easy-feedback/src/main/java/com/webianks/easy_feedback/FeedbackActivity.java:116: error: cannot find symbol
            CharSequence infoFeedbackAnd = getResources().getString(R.string.info_fedback_legal_and);
                                           ^
  symbol:   method getResources()
  location: class FeedbackActivity
/private/var/folders/bq/vtzpc5ns5sg2cthy61lqpg3dfzgbys/T/1564371303537-0/src/EasyFeedback-master/easy-feedback/src/main/java/com/webianks/easy_feedback/FeedbackActivity.java:117: error: cannot find symbol
            SpannableString systemLog = new SpannableString(getResources().getString(R.string.info_fedback_legal_log_data));
                                                            ^
  symbol:   method getResources()
  location: class FeedbackActivity
/private/var/folders/bq/vtzpc5ns5sg2cthy61lqpg3dfzgbys/T/1564371303537-0/src/EasyFeedback-master/easy-feedback/src/main/java/com/webianks/easy_feedback/FeedbackActivity.java:121: error: package AlertDialog does not exist
                    new AlertDialog.Builder(FeedbackActivity.this)
                                   ^
/private/var/folders/bq/vtzpc5ns5sg2cthy61lqpg3dfzgbys/T/1564371303537-0/src/EasyFeedback-master/easy-feedback/src/main/java/com/webianks/easy_feedback/FeedbackActivity.java:132: error: cannot find symbol
            CharSequence infoFeedbackEnd = getResources().getString(R.string.info_fedback_legal_will_be_sent, getAppLabel());
                                           ^
  symbol:   method getResources()
  location: class FeedbackActivity
/private/var/folders/bq/vtzpc5ns5sg2cthy61lqpg3dfzgbys/T/1564371303537-0/src/EasyFeedback-master/easy-feedback/src/main/java/com/webianks/easy_feedback/FeedbackActivity.java:151: error: cannot find symbol
            int hasWriteContactsPermission = checkSelfPermission(android.Manifest.permission.READ_EXTERNAL_STORAGE);
                                             ^
  symbol:   method checkSelfPermission(String)
  location: class FeedbackActivity
/private/var/folders/bq/vtzpc5ns5sg2cthy61lqpg3dfzgbys/T/1564371303537-0/src/EasyFeedback-master/easy-feedback/src/main/java/com/webianks/easy_feedback/FeedbackActivity.java:154: error: cannot find symbol
                requestPermissions(new String[]{Manifest.permission.READ_EXTERNAL_STORAGE},
                ^
  symbol:   method requestPermissions(String[],int)
  location: class FeedbackActivity
/private/var/folders/bq/vtzpc5ns5sg2cthy61lqpg3dfzgbys/T/1564371303537-0/src/EasyFeedback-master/easy-feedback/src/main/java/com/webianks/easy_feedback/FeedbackActivity.java:177: error: cannot find symbol
        startActivityForResult(Intent.createChooser(intent, getString(R.string.select_picture_title)), PICK_IMAGE_REQUEST);
                                                            ^
  symbol:   method getString(int)
  location: class FeedbackActivity
/private/var/folders/bq/vtzpc5ns5sg2cthy61lqpg3dfzgbys/T/1564371303537-0/src/EasyFeedback-master/easy-feedback/src/main/java/com/webianks/easy_feedback/FeedbackActivity.java:183: error: package AlertDialog does not exist
        new AlertDialog.Builder(this)
                       ^
/private/var/folders/bq/vtzpc5ns5sg2cthy61lqpg3dfzgbys/T/1564371303537-0/src/EasyFeedback-master/easy-feedback/src/main/java/com/webianks/easy_feedback/FeedbackActivity.java:193: error: method does not override or implement a method from a supertype
    @Override
    ^
/private/var/folders/bq/vtzpc5ns5sg2cthy61lqpg3dfzgbys/T/1564371303537-0/src/EasyFeedback-master/easy-feedback/src/main/java/com/webianks/easy_feedback/FeedbackActivity.java:218: error: cannot find symbol
                super.onRequestPermissionsResult(requestCode, permissions, grantResults);
                ^
  symbol:   variable super
  location: class FeedbackActivity
/private/var/folders/bq/vtzpc5ns5sg2cthy61lqpg3dfzgbys/T/1564371303537-0/src/EasyFeedback-master/easy-feedback/src/main/java/com/webianks/easy_feedback/FeedbackActivity.java:227: error: cannot find symbol
                Uri.parse("package:" + getPackageName()));
                                       ^
  symbol:   method getPackageName()
  location: class FeedbackActivity
/private/var/folders/bq/vtzpc5ns5sg2cthy61lqpg3dfzgbys/T/1564371303537-0/src/EasyFeedback-master/easy-feedback/src/main/java/com/webianks/easy_feedback/FeedbackActivity.java:230: error: cannot find symbol
        startActivityForResult(myAppSettings, REQUEST_APP_SETTINGS);
        ^
  symbol:   method startActivityForResult(Intent,int)
  location: class FeedbackActivity
/private/var/folders/bq/vtzpc5ns5sg2cthy61lqpg3dfzgbys/T/1564371303537-0/src/EasyFeedback-master/easy-feedback/src/main/java/com/webianks/easy_feedback/FeedbackActivity.java:234: error: method does not override or implement a method from a supertype
    @Override
    ^
/private/var/folders/bq/vtzpc5ns5sg2cthy61lqpg3dfzgbys/T/1564371303537-0/src/EasyFeedback-master/easy-feedback/src/main/java/com/webianks/easy_feedback/FeedbackActivity.java:257: error: cannot find symbol
                resultCode == RESULT_OK && data != null && data.getData() != null) {
                              ^
  symbol:   variable RESULT_OK
  location: class FeedbackActivity
/private/var/folders/bq/vtzpc5ns5sg2cthy61lqpg3dfzgbys/T/1564371303537-0/src/EasyFeedback-master/easy-feedback/src/main/java/com/webianks/easy_feedback/FeedbackActivity.java:259: error: incompatible types: FeedbackActivity cannot be converted to Context
            realPath = Utils.getPath(this, data.getData());
                                     ^
/private/var/folders/bq/vtzpc5ns5sg2cthy61lqpg3dfzgbys/T/1564371303537-0/src/EasyFeedback-master/easy-feedback/src/main/java/com/webianks/easy_feedback/FeedbackActivity.java:266: error: cannot find symbol
            Toast.makeText(this, getString(R.string.click_again), Toast.LENGTH_SHORT).show();
                                 ^
  symbol:   method getString(int)
  location: class FeedbackActivity
/private/var/folders/bq/vtzpc5ns5sg2cthy61lqpg3dfzgbys/T/1564371303537-0/src/EasyFeedback-master/easy-feedback/src/main/java/com/webianks/easy_feedback/FeedbackActivity.java:270: error: cannot find symbol
        super.onActivityResult(requestCode, resultCode, data);
        ^
  symbol:   variable super
  location: class FeedbackActivity
/private/var/folders/bq/vtzpc5ns5sg2cthy61lqpg3dfzgbys/T/1564371303537-0/src/EasyFeedback-master/easy-feedback/src/main/java/com/webianks/easy_feedback/FeedbackActivity.java:275: error: cannot find symbol
            if (PackageManager.PERMISSION_GRANTED != ContextCompat.checkSelfPermission(this, permission))
                                                     ^
  symbol:   variable ContextCompat
  location: class FeedbackActivity
/private/var/folders/bq/vtzpc5ns5sg2cthy61lqpg3dfzgbys/T/1564371303537-0/src/EasyFeedback-master/easy-feedback/src/main/java/com/webianks/easy_feedback/FeedbackActivity.java:286: error: cannot find symbol
        emailIntent.putExtra(Intent.EXTRA_SUBJECT, getString(R.string.feedback_mail_subject, getAppLabel()));
                                                   ^
  symbol:   method getString(int,String)
  location: class FeedbackActivity
/private/var/folders/bq/vtzpc5ns5sg2cthy61lqpg3dfzgbys/T/1564371303537-0/src/EasyFeedback-master/easy-feedback/src/main/java/com/webianks/easy_feedback/FeedbackActivity.java:293: error: cannot find symbol
            Uri deviceInfoUri = createFileFromString(deviceInfo, getString(R.string.file_name_device_info));
                                                                 ^
  symbol:   method getString(int)
  location: class FeedbackActivity
/private/var/folders/bq/vtzpc5ns5sg2cthy61lqpg3dfzgbys/T/1564371303537-0/src/EasyFeedback-master/easy-feedback/src/main/java/com/webianks/easy_feedback/FeedbackActivity.java:296: error: cannot find symbol
            Uri logUri = createFileFromString(LOG_TO_STRING, getString(R.string.file_name_device_log));
                                                             ^
  symbol:   method getString(int)
  location: class FeedbackActivity
/private/var/folders/bq/vtzpc5ns5sg2cthy61lqpg3dfzgbys/T/1564371303537-0/src/EasyFeedback-master/easy-feedback/src/main/java/com/webianks/easy_feedback/FeedbackActivity.java:303: error: cannot find symbol
                    getApplicationContext()
                    ^
  symbol:   method getApplicationContext()
  location: class FeedbackActivity
/private/var/folders/bq/vtzpc5ns5sg2cthy61lqpg3dfzgbys/T/1564371303537-0/src/EasyFeedback-master/easy-feedback/src/main/java/com/webianks/easy_feedback/FeedbackActivity.java:301: error: cannot find symbol
            Uri uri = FileProvider.getUriForFile(
                      ^
  symbol:   variable FileProvider
  location: class FeedbackActivity
/private/var/folders/bq/vtzpc5ns5sg2cthy61lqpg3dfzgbys/T/1564371303537-0/src/EasyFeedback-master/easy-feedback/src/main/java/com/webianks/easy_feedback/FeedbackActivity.java:310: error: cannot find symbol
        startActivity(Utils.createEmailOnlyChooserIntent(this, emailIntent, getString(R.string.send_feedback_two)));
                                                                            ^
  symbol:   method getString(int)
  location: class FeedbackActivity
/private/var/folders/bq/vtzpc5ns5sg2cthy61lqpg3dfzgbys/T/1564371303537-0/src/EasyFeedback-master/easy-feedback/src/main/java/com/webianks/easy_feedback/FeedbackActivity.java:314: error: cannot find symbol
        File file = new File(getExternalCacheDir(), name);
                             ^
  symbol:   method getExternalCacheDir()
  location: class FeedbackActivity
/private/var/folders/bq/vtzpc5ns5sg2cthy61lqpg3dfzgbys/T/1564371303537-0/src/EasyFeedback-master/easy-feedback/src/main/java/com/webianks/easy_feedback/FeedbackActivity.java:335: error: cannot find symbol
                getApplicationContext()
                ^
  symbol:   method getApplicationContext()
  location: class FeedbackActivity
/private/var/folders/bq/vtzpc5ns5sg2cthy61lqpg3dfzgbys/T/1564371303537-0/src/EasyFeedback-master/easy-feedback/src/main/java/com/webianks/easy_feedback/FeedbackActivity.java:333: error: cannot find symbol
        return FileProvider.getUriForFile(
               ^
  symbol:   variable FileProvider
  location: class FeedbackActivity
/private/var/folders/bq/vtzpc5ns5sg2cthy61lqpg3dfzgbys/T/1564371303537-0/src/EasyFeedback-master/easy-feedback/src/main/java/com/webianks/easy_feedback/FeedbackActivity.java:348: error: cannot find symbol
                finish();
                ^
  symbol:   method finish()
  location: class FeedbackActivity
/private/var/folders/bq/vtzpc5ns5sg2cthy61lqpg3dfzgbys/T/1564371303537-0/src/EasyFeedback-master/easy-feedback/src/main/java/com/webianks/easy_feedback/FeedbackActivity.java:350: error: cannot find symbol
                editText.setError(getString(R.string.please_write));
                                  ^
  symbol:   method getString(int)
  location: class FeedbackActivity
/private/var/folders/bq/vtzpc5ns5sg2cthy61lqpg3dfzgbys/T/1564371303537-0/src/EasyFeedback-master/easy-feedback/src/main/java/com/webianks/easy_feedback/FeedbackActivity.java:357: error: method does not override or implement a method from a supertype
    @Override
    ^
/private/var/folders/bq/vtzpc5ns5sg2cthy61lqpg3dfzgbys/T/1564371303537-0/src/EasyFeedback-master/easy-feedback/src/main/java/com/webianks/easy_feedback/FeedbackActivity.java:361: error: cannot find symbol
            finish();
            ^
  symbol:   method finish()
  location: class FeedbackActivity
/private/var/folders/bq/vtzpc5ns5sg2cthy61lqpg3dfzgbys/T/1564371303537-0/src/EasyFeedback-master/easy-feedback/src/main/java/com/webianks/easy_feedback/FeedbackActivity.java:363: error: cannot find symbol
        return super.onOptionsItemSelected(item);
               ^
  symbol:   variable super
  location: class FeedbackActivity
/private/var/folders/bq/vtzpc5ns5sg2cthy61lqpg3dfzgbys/T/1564371303537-0/src/EasyFeedback-master/easy-feedback/src/main/java/com/webianks/easy_feedback/FeedbackActivity.java:367: error: cannot find symbol
        return getResources().getString(R.string.app_name);
               ^
  symbol:   method getResources()
  location: class FeedbackActivity
Note: Some messages have been simplified; recompile with -Xdiags:verbose to get full output
62 errors

FAILURE: Build failed with an exception.

* What went wrong:
Execution failed for task ':easy-feedback:compileDebugJavaWithJavac'.
> Compilation failed; see the compiler error output for details.

* Try:
Run with --info or --debug option to get more log output. Run with --scan to get full insights.

* Exception is:
org.gradle.api.tasks.TaskExecutionException: Execution failed for task ':easy-feedback:compileDebugJavaWithJavac'.
	at org.gradle.api.internal.tasks.execution.ExecuteActionsTaskExecuter.execute(ExecuteActionsTaskExecuter.java:95)
	at org.gradle.api.internal.tasks.execution.ResolveTaskOutputCachingStateExecuter.execute(ResolveTaskOutputCachingStateExecuter.java:91)
	at org.gradle.api.internal.tasks.execution.ValidatingTaskExecuter.execute(ValidatingTaskExecuter.java:57)
	at org.gradle.api.internal.tasks.execution.SkipEmptySourceFilesTaskExecuter.execute(SkipEmptySourceFilesTaskExecuter.java:119)
	at org.gradle.api.internal.tasks.execution.ResolvePreviousStateExecuter.execute(ResolvePreviousStateExecuter.java:43)
	at org.gradle.api.internal.tasks.execution.CleanupStaleOutputsExecuter.execute(CleanupStaleOutputsExecuter.java:93)
	at org.gradle.api.internal.tasks.execution.FinalizePropertiesTaskExecuter.execute(FinalizePropertiesTaskExecuter.java:45)
	at org.gradle.api.internal.tasks.execution.ResolveTaskArtifactStateTaskExecuter.execute(ResolveTaskArtifactStateTaskExecuter.java:94)
	at org.gradle.api.internal.tasks.execution.SkipTaskWithNoActionsExecuter.execute(SkipTaskWithNoActionsExecuter.java:56)
	at org.gradle.api.internal.tasks.execution.SkipOnlyIfTaskExecuter.execute(SkipOnlyIfTaskExecuter.java:55)
	at org.gradle.api.internal.tasks.execution.CatchExceptionTaskExecuter.execute(CatchExceptionTaskExecuter.java:36)
	at org.gradle.api.internal.tasks.execution.EventFiringTaskExecuter$1.executeTask(EventFiringTaskExecuter.java:67)
	at org.gradle.api.internal.tasks.execution.EventFiringTaskExecuter$1.call(EventFiringTaskExecuter.java:52)
	at org.gradle.api.internal.tasks.execution.EventFiringTaskExecuter$1.call(EventFiringTaskExecuter.java:49)
	at org.gradle.internal.operations.DefaultBuildOperationExecutor$CallableBuildOperationWorker.execute(DefaultBuildOperationExecutor.java:315)
	at org.gradle.internal.operations.DefaultBuildOperationExecutor$CallableBuildOperationWorker.execute(DefaultBuildOperationExecutor.java:305)
	at org.gradle.internal.operations.DefaultBuildOperationExecutor.execute(DefaultBuildOperationExecutor.java:175)
	at org.gradle.internal.operations.DefaultBuildOperationExecutor.call(DefaultBuildOperationExecutor.java:101)
	at org.gradle.internal.operations.DelegatingBuildOperationExecutor.call(DelegatingBuildOperationExecutor.java:36)
	at org.gradle.api.internal.tasks.execution.EventFiringTaskExecuter.execute(EventFiringTaskExecuter.java:49)
	at org.gradle.execution.plan.LocalTaskNodeExecutor.execute(LocalTaskNodeExecutor.java:43)
	at org.gradle.execution.taskgraph.DefaultTaskExecutionGraph$InvokeNodeExecutorsAction.execute(DefaultTaskExecutionGraph.java:355)
	at org.gradle.execution.taskgraph.DefaultTaskExecutionGraph$InvokeNodeExecutorsAction.execute(DefaultTaskExecutionGraph.java:343)
	at org.gradle.execution.taskgraph.DefaultTaskExecutionGraph$BuildOperationAwareExecutionAction.execute(DefaultTaskExecutionGraph.java:336)
	at org.gradle.execution.taskgraph.DefaultTaskExecutionGraph$BuildOperationAwareExecutionAction.execute(DefaultTaskExecutionGraph.java:322)
	at org.gradle.execution.plan.DefaultPlanExecutor$ExecutorWorker$1.execute(DefaultPlanExecutor.java:134)
	at org.gradle.execution.plan.DefaultPlanExecutor$ExecutorWorker$1.execute(DefaultPlanExecutor.java:129)
	at org.gradle.execution.plan.DefaultPlanExecutor$ExecutorWorker.execute(DefaultPlanExecutor.java:202)
	at org.gradle.execution.plan.DefaultPlanExecutor$ExecutorWorker.executeNextNode(DefaultPlanExecutor.java:193)
	at org.gradle.execution.plan.DefaultPlanExecutor$ExecutorWorker.run(DefaultPlanExecutor.java:129)
	at org.gradle.internal.concurrent.ExecutorPolicy$CatchAndRecordFailures.onExecute(ExecutorPolicy.java:63)
	at org.gradle.internal.concurrent.ManagedExecutorImpl$1.run(ManagedExecutorImpl.java:46)
	at org.gradle.internal.concurrent.ThreadFactoryImpl$ManagedThreadRunnable.run(ThreadFactoryImpl.java:55)
Caused by: org.gradle.api.internal.tasks.compile.CompilationFailedException: Compilation failed; see the compiler error output for details.
	at org.gradle.api.internal.tasks.compile.JdkJavaCompiler.execute(JdkJavaCompiler.java:52)
	at org.gradle.api.internal.tasks.compile.JdkJavaCompiler.execute(JdkJavaCompiler.java:36)
	at org.gradle.api.internal.tasks.compile.NormalizingJavaCompiler.delegateAndHandleErrors(NormalizingJavaCompiler.java:100)
	at org.gradle.api.internal.tasks.compile.NormalizingJavaCompiler.execute(NormalizingJavaCompiler.java:52)
	at org.gradle.api.internal.tasks.compile.NormalizingJavaCompiler.execute(NormalizingJavaCompiler.java:38)
	at org.gradle.api.internal.tasks.compile.AnnotationProcessorDiscoveringCompiler.execute(AnnotationProcessorDiscoveringCompiler.java:51)
	at org.gradle.api.internal.tasks.compile.AnnotationProcessorDiscoveringCompiler.execute(AnnotationProcessorDiscoveringCompiler.java:37)
	at org.gradle.api.internal.tasks.compile.CleaningJavaCompilerSupport.execute(CleaningJavaCompilerSupport.java:39)
	at org.gradle.api.internal.tasks.compile.incremental.IncrementalCompilerFactory$2.execute(IncrementalCompilerFactory.java:110)
	at org.gradle.api.internal.tasks.compile.incremental.IncrementalCompilerFactory$2.execute(IncrementalCompilerFactory.java:106)
	at org.gradle.api.internal.tasks.compile.incremental.IncrementalResultStoringCompiler.execute(IncrementalResultStoringCompiler.java:59)
	at org.gradle.api.internal.tasks.compile.incremental.IncrementalResultStoringCompiler.execute(IncrementalResultStoringCompiler.java:43)
	at org.gradle.api.internal.tasks.compile.CompileJavaBuildOperationReportingCompiler$2.call(CompileJavaBuildOperationReportingCompiler.java:59)
	at org.gradle.api.internal.tasks.compile.CompileJavaBuildOperationReportingCompiler$2.call(CompileJavaBuildOperationReportingCompiler.java:51)
	at org.gradle.internal.operations.DefaultBuildOperationExecutor$CallableBuildOperationWorker.execute(DefaultBuildOperationExecutor.java:315)
	at org.gradle.internal.operations.DefaultBuildOperationExecutor$CallableBuildOperationWorker.execute(DefaultBuildOperationExecutor.java:305)
	at org.gradle.internal.operations.DefaultBuildOperationExecutor.execute(DefaultBuildOperationExecutor.java:175)
	at org.gradle.internal.operations.DefaultBuildOperationExecutor.call(DefaultBuildOperationExecutor.java:101)
	at org.gradle.internal.operations.DelegatingBuildOperationExecutor.call(DelegatingBuildOperationExecutor.java:36)
	at org.gradle.api.internal.tasks.compile.CompileJavaBuildOperationReportingCompiler.execute(CompileJavaBuildOperationReportingCompiler.java:51)
	at org.gradle.api.tasks.compile.JavaCompile.performCompilation(JavaCompile.java:154)
	at org.gradle.api.tasks.compile.JavaCompile.compile(JavaCompile.java:122)
	at com.android.build.gradle.tasks.AndroidJavaCompile.compile(AndroidJavaCompile.kt:214)
	at org.gradle.internal.reflect.JavaMethod.invoke(JavaMethod.java:73)
	at org.gradle.api.internal.project.taskfactory.IncrementalTaskAction.doExecute(IncrementalTaskAction.java:47)
	at org.gradle.api.internal.project.taskfactory.StandardTaskAction.execute(StandardTaskAction.java:41)
	at org.gradle.api.internal.project.taskfactory.StandardTaskAction.execute(StandardTaskAction.java:28)
	at org.gradle.api.internal.tasks.execution.ExecuteActionsTaskExecuter$2.run(ExecuteActionsTaskExecuter.java:284)
	at org.gradle.internal.operations.DefaultBuildOperationExecutor$RunnableBuildOperationWorker.execute(DefaultBuildOperationExecutor.java:301)
	at org.gradle.internal.operations.DefaultBuildOperationExecutor$RunnableBuildOperationWorker.execute(DefaultBuildOperationExecutor.java:293)
	at org.gradle.internal.operations.DefaultBuildOperationExecutor.execute(DefaultBuildOperationExecutor.java:175)
	at org.gradle.internal.operations.DefaultBuildOperationExecutor.run(DefaultBuildOperationExecutor.java:91)
	at org.gradle.internal.operations.DelegatingBuildOperationExecutor.run(DelegatingBuildOperationExecutor.java:31)
	at org.gradle.api.internal.tasks.execution.ExecuteActionsTaskExecuter.executeAction(ExecuteActionsTaskExecuter.java:273)
	at org.gradle.api.internal.tasks.execution.ExecuteActionsTaskExecuter.executeActions(ExecuteActionsTaskExecuter.java:258)
	at org.gradle.api.internal.tasks.execution.ExecuteActionsTaskExecuter.access$200(ExecuteActionsTaskExecuter.java:67)
	at org.gradle.api.internal.tasks.execution.ExecuteActionsTaskExecuter$TaskExecution.execute(ExecuteActionsTaskExecuter.java:145)
	at org.gradle.internal.execution.impl.steps.ExecuteStep.execute(ExecuteStep.java:49)
	at org.gradle.internal.execution.impl.steps.CancelExecutionStep.execute(CancelExecutionStep.java:34)
	at org.gradle.internal.execution.impl.steps.TimeoutStep.executeWithoutTimeout(TimeoutStep.java:69)
	at org.gradle.internal.execution.impl.steps.TimeoutStep.execute(TimeoutStep.java:49)
	at org.gradle.internal.execution.impl.steps.CatchExceptionStep.execute(CatchExceptionStep.java:33)
	at org.gradle.internal.execution.impl.steps.CreateOutputsStep.execute(CreateOutputsStep.java:50)
	at org.gradle.internal.execution.impl.steps.SnapshotOutputStep.execute(SnapshotOutputStep.java:43)
	at org.gradle.internal.execution.impl.steps.SnapshotOutputStep.execute(SnapshotOutputStep.java:29)
	at org.gradle.internal.execution.impl.steps.CacheStep.executeWithoutCache(CacheStep.java:134)
	at org.gradle.internal.execution.impl.steps.CacheStep.lambda$execute$3(CacheStep.java:83)
	at org.gradle.internal.execution.impl.steps.CacheStep.execute(CacheStep.java:82)
	at org.gradle.internal.execution.impl.steps.CacheStep.execute(CacheStep.java:36)
	at org.gradle.internal.execution.impl.steps.PrepareCachingStep.execute(PrepareCachingStep.java:33)
	at org.gradle.internal.execution.impl.steps.StoreSnapshotsStep.execute(StoreSnapshotsStep.java:38)
	at org.gradle.internal.execution.impl.steps.StoreSnapshotsStep.execute(StoreSnapshotsStep.java:23)
	at org.gradle.internal.execution.impl.steps.SkipUpToDateStep.executeBecause(SkipUpToDateStep.java:96)
	at org.gradle.internal.execution.impl.steps.SkipUpToDateStep.lambda$execute$1(SkipUpToDateStep.java:91)
	at org.gradle.internal.execution.impl.steps.SkipUpToDateStep.execute(SkipUpToDateStep.java:91)
	at org.gradle.internal.execution.impl.steps.SkipUpToDateStep.execute(SkipUpToDateStep.java:36)
	at org.gradle.internal.execution.impl.DefaultWorkExecutor.execute(DefaultWorkExecutor.java:34)
	at org.gradle.api.internal.tasks.execution.ExecuteActionsTaskExecuter.execute(ExecuteActionsTaskExecuter.java:91)
	... 32 more


* Get more help at https://help.gradle.org

Deprecated Gradle features were used in this build, making it incompatible with Gradle 6.0.
Use '--warning-mode all' to show the individual deprecation warnings.
See https://docs.gradle.org/5.1.1/userguide/command_line_interface.html#sec:command_line_warnings

BUILD FAILED in 15s
17 actionable tasks: 17 executed

2019-07-29 10:35:32,627 INFO  ProjectTaskService - Detecting possible tasks...
2019-07-29 10:35:32,627 INFO  SysUtils - Execute command: [/var/folders/bq/vtzpc5ns5sg2cthy61lqpg3dfzgbys/T/1564371303537-0/src/EasyFeedback-master/gradlew, -b, /var/folders/bq/vtzpc5ns5sg2cthy61lqpg3dfzgbys/T/1564371303537-0/src/EasyFeedback-master/easy-feedback/build.gradle, -Dorg.gradle.daemon=false, -Dorg.gradle.daemon.performance.enable-monitoring=false, -Dorg.gradle.configureondemand=true, tasks]
2019-07-29 10:35:40,944 INFO  ProjectTaskService - Detected possible tasks: 69
2019-07-29 10:35:40,944 INFO  ProjectTaskService - Excluded tasks (18): lintDebug javadocJar deviceCheck lint testReleaseUnitTest javadoc deviceAndroidTest uninstallDebugAndroidTest installDebugAndroidTest connectedCheck connectedDebugAndroidTest uninstallAll sourcesJar test check testDebugUnitTest connectedAndroidTest lintRelease
2019-07-29 10:35:40,944 INFO  SysUtils - Execute command: [/var/folders/bq/vtzpc5ns5sg2cthy61lqpg3dfzgbys/T/1564371303537-0/src/EasyFeedback-master/gradlew, -b, /var/folders/bq/vtzpc5ns5sg2cthy61lqpg3dfzgbys/T/1564371303537-0/src/EasyFeedback-master/easy-feedback/build.gradle, -Dorg.gradle.daemon=false, -Dorg.gradle.daemon.performance.enable-monitoring=false, -Dorg.gradle.configureondemand=true, --stacktrace, -x, lintDebug, -x, javadocJar, -x, deviceCheck, -x, lint, -x, testReleaseUnitTest, -x, javadoc, -x, deviceAndroidTest, -x, uninstallDebugAndroidTest, -x, installDebugAndroidTest, -x, connectedCheck, -x, connectedDebugAndroidTest, -x, uninstallAll, -x, sourcesJar, -x, test, -x, check, -x, testDebugUnitTest, -x, connectedAndroidTest, -x, lintRelease, build]
2019-07-29 10:35:50,189 ERROR SysUtils - Could not process external command
org.apache.commons.exec.ExecuteException: Process exited with an error: 1 (Exit value: 1)
	at org.apache.commons.exec.DefaultExecutor.executeInternal(DefaultExecutor.java:404)
	at org.apache.commons.exec.DefaultExecutor.execute(DefaultExecutor.java:166)
	at com.github.vbauer.apkmaster.util.SysUtils.execute(SysUtils.java:67)
	at com.github.vbauer.apkmaster.util.SysUtils.executeSimple(SysUtils.java:43)
	at com.github.vbauer.apkmaster.service.assembly.ProjectBuildService.buildProject(ProjectBuildService.java:78)
	at com.github.vbauer.apkmaster.service.assembly.ProjectBuildService.buildProject(ProjectBuildService.java:64)
	at com.github.vbauer.apkmaster.service.assembly.ProjectBuildService.buildProject(ProjectBuildService.java:43)
	at com.github.vbauer.apkmaster.service.FullProcessService.build(FullProcessService.java:84)
	at com.github.vbauer.apkmaster.service.FullProcessService.process(FullProcessService.java:34)
	at com.github.vbauer.apkmaster.app.MainApplication.process(MainApplication.java:38)
	at com.github.vbauer.apkmaster.app.MainApplication.main(MainApplication.java:20)
	at sun.reflect.NativeMethodAccessorImpl.invoke0(Native Method)
	at sun.reflect.NativeMethodAccessorImpl.invoke(NativeMethodAccessorImpl.java:62)
	at sun.reflect.DelegatingMethodAccessorImpl.invoke(DelegatingMethodAccessorImpl.java:43)
	at java.lang.reflect.Method.invoke(Method.java:498)
	at com.android.arsenal.util.ReflectionUtils.invoke(ReflectionUtils.java:52)
	at com.android.arsenal.util.ApkMasterUtils.main(ApkMasterUtils.java:30)
	at com.android.arsenal.service.processor.impl.BuildProcessorServiceImpl.buildProject(BuildProcessorServiceImpl.java:196)
	at com.android.arsenal.service.processor.impl.BuildProcessorServiceImpl.build(BuildProcessorServiceImpl.java:130)
	at com.android.arsenal.service.processor.impl.BuildProcessorServiceImpl.lambda$createTasks$1(BuildProcessorServiceImpl.java:113)
	at java.util.concurrent.FutureTask.run(FutureTask.java:266)
	at java.util.concurrent.Executors$RunnableAdapter.call(Executors.java:511)
	at java.util.concurrent.FutureTask.run(FutureTask.java:266)
	at java.util.concurrent.ThreadPoolExecutor.runWorker(ThreadPoolExecutor.java:1149)
	at java.util.concurrent.ThreadPoolExecutor$Worker.run(ThreadPoolExecutor.java:624)
	at java.lang.Thread.run(Thread.java:748)
2019-07-29 10:35:50,190 INFO  SysUtils - Configuration on demand is an incubating feature.
> Task :easy-feedback:preBuild UP-TO-DATE
> Task :easy-feedback:preDebugBuild UP-TO-DATE
> Task :easy-feedback:compileDebugAidl NO-SOURCE
> Task :easy-feedback:checkDebugManifest UP-TO-DATE
> Task :easy-feedback:compileDebugRenderscript NO-SOURCE
> Task :easy-feedback:generateDebugBuildConfig UP-TO-DATE
> Task :easy-feedback:generateDebugResValues UP-TO-DATE
> Task :easy-feedback:generateDebugResources UP-TO-DATE
> Task :easy-feedback:packageDebugResources UP-TO-DATE
> Task :easy-feedback:processDebugManifest UP-TO-DATE
> Task :easy-feedback:generateDebugRFile UP-TO-DATE
> Task :easy-feedback:prepareLintJar UP-TO-DATE
> Task :easy-feedback:generateDebugSources UP-TO-DATE
> Task :easy-feedback:javaPreCompileDebug UP-TO-DATE

> Task :easy-feedback:compileDebugJavaWithJavac FAILED
/private/var/folders/bq/vtzpc5ns5sg2cthy61lqpg3dfzgbys/T/1564371303537-0/src/EasyFeedback-master/easy-feedback/src/main/java/com/webianks/easy_feedback/components/Utils.java:22: error: package android.support.annotation does not exist
import android.support.annotation.ColorInt;
                                 ^
/private/var/folders/bq/vtzpc5ns5sg2cthy61lqpg3dfzgbys/T/1564371303537-0/src/EasyFeedback-master/easy-feedback/src/main/java/com/webianks/easy_feedback/FeedbackActivity.java:11: error: package android.support.annotation does not exist
import android.support.annotation.NonNull;
                                 ^
/private/var/folders/bq/vtzpc5ns5sg2cthy61lqpg3dfzgbys/T/1564371303537-0/src/EasyFeedback-master/easy-feedback/src/main/java/com/webianks/easy_feedback/FeedbackActivity.java:12: error: package android.support.annotation does not exist
import android.support.annotation.Nullable;
                                 ^
/private/var/folders/bq/vtzpc5ns5sg2cthy61lqpg3dfzgbys/T/1564371303537-0/src/EasyFeedback-master/easy-feedback/src/main/java/com/webianks/easy_feedback/FeedbackActivity.java:13: error: package android.support.v4.content does not exist
import android.support.v4.content.ContextCompat;
                                 ^
/private/var/folders/bq/vtzpc5ns5sg2cthy61lqpg3dfzgbys/T/1564371303537-0/src/EasyFeedback-master/easy-feedback/src/main/java/com/webianks/easy_feedback/FeedbackActivity.java:14: error: package android.support.v4.content does not exist
import android.support.v4.content.FileProvider;
                                 ^
/private/var/folders/bq/vtzpc5ns5sg2cthy61lqpg3dfzgbys/T/1564371303537-0/src/EasyFeedback-master/easy-feedback/src/main/java/com/webianks/easy_feedback/FeedbackActivity.java:15: error: package android.support.v7.app does not exist
import android.support.v7.app.AlertDialog;
                             ^
/private/var/folders/bq/vtzpc5ns5sg2cthy61lqpg3dfzgbys/T/1564371303537-0/src/EasyFeedback-master/easy-feedback/src/main/java/com/webianks/easy_feedback/FeedbackActivity.java:16: error: package android.support.v7.app does not exist
import android.support.v7.app.AppCompatActivity;
                             ^
/private/var/folders/bq/vtzpc5ns5sg2cthy61lqpg3dfzgbys/T/1564371303537-0/src/EasyFeedback-master/easy-feedback/src/main/java/com/webianks/easy_feedback/FeedbackActivity.java:47: error: cannot find symbol
public class FeedbackActivity extends AppCompatActivity implements View.OnClickListener {
                                      ^
  symbol: class AppCompatActivity
/private/var/folders/bq/vtzpc5ns5sg2cthy61lqpg3dfzgbys/T/1564371303537-0/src/EasyFeedback-master/easy-feedback/src/main/java/com/webianks/easy_feedback/components/Utils.java:228: error: cannot find symbol
    public static int getColorFromAttr(Context context, int attr, @ColorInt int defaultColor) {
                                                                   ^
  symbol:   class ColorInt
  location: class Utils
/private/var/folders/bq/vtzpc5ns5sg2cthy61lqpg3dfzgbys/T/1564371303537-0/src/EasyFeedback-master/easy-feedback/src/main/java/com/webianks/easy_feedback/components/Utils.java:227: error: cannot find symbol
    @ColorInt
     ^
  symbol:   class ColorInt
  location: class Utils
/private/var/folders/bq/vtzpc5ns5sg2cthy61lqpg3dfzgbys/T/1564371303537-0/src/EasyFeedback-master/easy-feedback/src/main/java/com/webianks/easy_feedback/FeedbackActivity.java:65: error: cannot find symbol
    protected void onCreate(@Nullable Bundle savedInstanceState) {
                             ^
  symbol:   class Nullable
  location: class FeedbackActivity
/private/var/folders/bq/vtzpc5ns5sg2cthy61lqpg3dfzgbys/T/1564371303537-0/src/EasyFeedback-master/easy-feedback/src/main/java/com/webianks/easy_feedback/FeedbackActivity.java:273: error: cannot find symbol
    public boolean hasPermissions(@NonNull String... permissions) {
                                   ^
  symbol:   class NonNull
  location: class FeedbackActivity
/private/var/folders/bq/vtzpc5ns5sg2cthy61lqpg3dfzgbys/T/1564371303537-0/src/EasyFeedback-master/easy-feedback/src/main/java/com/webianks/easy_feedback/FeedbackActivity.java:64: error: method does not override or implement a method from a supertype
    @Override
    ^
/private/var/folders/bq/vtzpc5ns5sg2cthy61lqpg3dfzgbys/T/1564371303537-0/src/EasyFeedback-master/easy-feedback/src/main/java/com/webianks/easy_feedback/FeedbackActivity.java:67: error: cannot find symbol
        super.onCreate(savedInstanceState);
        ^
  symbol:   variable super
  location: class FeedbackActivity
/private/var/folders/bq/vtzpc5ns5sg2cthy61lqpg3dfzgbys/T/1564371303537-0/src/EasyFeedback-master/easy-feedback/src/main/java/com/webianks/easy_feedback/FeedbackActivity.java:68: error: cannot find symbol
        setContentView(R.layout.feedback_layout);
        ^
  symbol:   method setContentView(int)
  location: class FeedbackActivity
/private/var/folders/bq/vtzpc5ns5sg2cthy61lqpg3dfzgbys/T/1564371303537-0/src/EasyFeedback-master/easy-feedback/src/main/java/com/webianks/easy_feedback/FeedbackActivity.java:70: error: cannot find symbol
        if (getSupportActionBar() != null)
            ^
  symbol:   method getSupportActionBar()
  location: class FeedbackActivity
/private/var/folders/bq/vtzpc5ns5sg2cthy61lqpg3dfzgbys/T/1564371303537-0/src/EasyFeedback-master/easy-feedback/src/main/java/com/webianks/easy_feedback/FeedbackActivity.java:71: error: cannot find symbol
            getSupportActionBar().setDisplayHomeAsUpEnabled(true);
            ^
  symbol:   method getSupportActionBar()
  location: class FeedbackActivity
/private/var/folders/bq/vtzpc5ns5sg2cthy61lqpg3dfzgbys/T/1564371303537-0/src/EasyFeedback-master/easy-feedback/src/main/java/com/webianks/easy_feedback/FeedbackActivity.java:81: error: cannot find symbol
        editText = (EditText) findViewById(R.id.editText);
                              ^
  symbol:   method findViewById(int)
  location: class FeedbackActivity
/private/var/folders/bq/vtzpc5ns5sg2cthy61lqpg3dfzgbys/T/1564371303537-0/src/EasyFeedback-master/easy-feedback/src/main/java/com/webianks/easy_feedback/FeedbackActivity.java:83: error: cannot find symbol
        TextView info = (TextView) findViewById(R.id.info_legal);
                                   ^
  symbol:   method findViewById(int)
  location: class FeedbackActivity
/private/var/folders/bq/vtzpc5ns5sg2cthy61lqpg3dfzgbys/T/1564371303537-0/src/EasyFeedback-master/easy-feedback/src/main/java/com/webianks/easy_feedback/FeedbackActivity.java:84: error: cannot find symbol
        FrameLayout selectImage = (FrameLayout) findViewById(R.id.selectImage);
                                                ^
  symbol:   method findViewById(int)
  location: class FeedbackActivity
/private/var/folders/bq/vtzpc5ns5sg2cthy61lqpg3dfzgbys/T/1564371303537-0/src/EasyFeedback-master/easy-feedback/src/main/java/com/webianks/easy_feedback/FeedbackActivity.java:85: error: cannot find symbol
        Button submitSuggestion = (Button) findViewById(R.id.submitSuggestion);
                                           ^
  symbol:   method findViewById(int)
  location: class FeedbackActivity
/private/var/folders/bq/vtzpc5ns5sg2cthy61lqpg3dfzgbys/T/1564371303537-0/src/EasyFeedback-master/easy-feedback/src/main/java/com/webianks/easy_feedback/FeedbackActivity.java:86: error: cannot find symbol
        selectedImageView = (ImageView) findViewById(R.id.selectedImageView);
                                        ^
  symbol:   method findViewById(int)
  location: class FeedbackActivity
/private/var/folders/bq/vtzpc5ns5sg2cthy61lqpg3dfzgbys/T/1564371303537-0/src/EasyFeedback-master/easy-feedback/src/main/java/com/webianks/easy_feedback/FeedbackActivity.java:87: error: cannot find symbol
        selectContainer = (LinearLayout) findViewById(R.id.selectContainer);
                                         ^
  symbol:   method findViewById(int)
  location: class FeedbackActivity
/private/var/folders/bq/vtzpc5ns5sg2cthy61lqpg3dfzgbys/T/1564371303537-0/src/EasyFeedback-master/easy-feedback/src/main/java/com/webianks/easy_feedback/FeedbackActivity.java:93: error: cannot find symbol
        emailId = getIntent().getStringExtra(KEY_EMAIL);
                  ^
  symbol:   method getIntent()
  location: class FeedbackActivity
/private/var/folders/bq/vtzpc5ns5sg2cthy61lqpg3dfzgbys/T/1564371303537-0/src/EasyFeedback-master/easy-feedback/src/main/java/com/webianks/easy_feedback/FeedbackActivity.java:94: error: cannot find symbol
        withInfo = getIntent().getBooleanExtra(KEY_WITH_INFO, false);
                   ^
  symbol:   method getIntent()
  location: class FeedbackActivity
/private/var/folders/bq/vtzpc5ns5sg2cthy61lqpg3dfzgbys/T/1564371303537-0/src/EasyFeedback-master/easy-feedback/src/main/java/com/webianks/easy_feedback/FeedbackActivity.java:96: error: incompatible types: FeedbackActivity cannot be converted to Context
        deviceInfo = DeviceInfo.getAllDeviceInfo(this, false);
                                                 ^
/private/var/folders/bq/vtzpc5ns5sg2cthy61lqpg3dfzgbys/T/1564371303537-0/src/EasyFeedback-master/easy-feedback/src/main/java/com/webianks/easy_feedback/FeedbackActivity.java:100: error: cannot find symbol
            CharSequence infoFeedbackStart = getResources().getString(R.string.info_fedback_legal_start);
                                             ^
  symbol:   method getResources()
  location: class FeedbackActivity
/private/var/folders/bq/vtzpc5ns5sg2cthy61lqpg3dfzgbys/T/1564371303537-0/src/EasyFeedback-master/easy-feedback/src/main/java/com/webianks/easy_feedback/FeedbackActivity.java:101: error: cannot find symbol
            SpannableString deviceInfo = new SpannableString(getResources().getString(R.string.info_fedback_legal_system_info));
                                                             ^
  symbol:   method getResources()
  location: class FeedbackActivity
/private/var/folders/bq/vtzpc5ns5sg2cthy61lqpg3dfzgbys/T/1564371303537-0/src/EasyFeedback-master/easy-feedback/src/main/java/com/webianks/easy_feedback/FeedbackActivity.java:105: error: package AlertDialog does not exist
                    new AlertDialog.Builder(FeedbackActivity.this)
                                   ^
/private/var/folders/bq/vtzpc5ns5sg2cthy61lqpg3dfzgbys/T/1564371303537-0/src/EasyFeedback-master/easy-feedback/src/main/java/com/webianks/easy_feedback/FeedbackActivity.java:116: error: cannot find symbol
            CharSequence infoFeedbackAnd = getResources().getString(R.string.info_fedback_legal_and);
                                           ^
  symbol:   method getResources()
  location: class FeedbackActivity
/private/var/folders/bq/vtzpc5ns5sg2cthy61lqpg3dfzgbys/T/1564371303537-0/src/EasyFeedback-master/easy-feedback/src/main/java/com/webianks/easy_feedback/FeedbackActivity.java:117: error: cannot find symbol
            SpannableString systemLog = new SpannableString(getResources().getString(R.string.info_fedback_legal_log_data));
                                                            ^
  symbol:   method getResources()
  location: class FeedbackActivity
/private/var/folders/bq/vtzpc5ns5sg2cthy61lqpg3dfzgbys/T/1564371303537-0/src/EasyFeedback-master/easy-feedback/src/main/java/com/webianks/easy_feedback/FeedbackActivity.java:121: error: package AlertDialog does not exist
                    new AlertDialog.Builder(FeedbackActivity.this)
                                   ^
/private/var/folders/bq/vtzpc5ns5sg2cthy61lqpg3dfzgbys/T/1564371303537-0/src/EasyFeedback-master/easy-feedback/src/main/java/com/webianks/easy_feedback/FeedbackActivity.java:132: error: cannot find symbol
            CharSequence infoFeedbackEnd = getResources().getString(R.string.info_fedback_legal_will_be_sent, getAppLabel());
                                           ^
  symbol:   method getResources()
  location: class FeedbackActivity
/private/var/folders/bq/vtzpc5ns5sg2cthy61lqpg3dfzgbys/T/1564371303537-0/src/EasyFeedback-master/easy-feedback/src/main/java/com/webianks/easy_feedback/FeedbackActivity.java:151: error: cannot find symbol
            int hasWriteContactsPermission = checkSelfPermission(android.Manifest.permission.READ_EXTERNAL_STORAGE);
                                             ^
  symbol:   method checkSelfPermission(String)
  location: class FeedbackActivity
/private/var/folders/bq/vtzpc5ns5sg2cthy61lqpg3dfzgbys/T/1564371303537-0/src/EasyFeedback-master/easy-feedback/src/main/java/com/webianks/easy_feedback/FeedbackActivity.java:154: error: cannot find symbol
                requestPermissions(new String[]{Manifest.permission.READ_EXTERNAL_STORAGE},
                ^
  symbol:   method requestPermissions(String[],int)
  location: class FeedbackActivity
/private/var/folders/bq/vtzpc5ns5sg2cthy61lqpg3dfzgbys/T/1564371303537-0/src/EasyFeedback-master/easy-feedback/src/main/java/com/webianks/easy_feedback/FeedbackActivity.java:177: error: cannot find symbol
        startActivityForResult(Intent.createChooser(intent, getString(R.string.select_picture_title)), PICK_IMAGE_REQUEST);
                                                            ^
  symbol:   method getString(int)
  location: class FeedbackActivity
/private/var/folders/bq/vtzpc5ns5sg2cthy61lqpg3dfzgbys/T/1564371303537-0/src/EasyFeedback-master/easy-feedback/src/main/java/com/webianks/easy_feedback/FeedbackActivity.java:183: error: package AlertDialog does not exist
        new AlertDialog.Builder(this)
                       ^
/private/var/folders/bq/vtzpc5ns5sg2cthy61lqpg3dfzgbys/T/1564371303537-0/src/EasyFeedback-master/easy-feedback/src/main/java/com/webianks/easy_feedback/FeedbackActivity.java:193: error: method does not override or implement a method from a supertype
    @Override
    ^
/private/var/folders/bq/vtzpc5ns5sg2cthy61lqpg3dfzgbys/T/1564371303537-0/src/EasyFeedback-master/easy-feedback/src/main/java/com/webianks/easy_feedback/FeedbackActivity.java:218: error: cannot find symbol
                super.onRequestPermissionsResult(requestCode, permissions, grantResults);
                ^
  symbol:   variable super
  location: class FeedbackActivity
/private/var/folders/bq/vtzpc5ns5sg2cthy61lqpg3dfzgbys/T/1564371303537-0/src/EasyFeedback-master/easy-feedback/src/main/java/com/webianks/easy_feedback/FeedbackActivity.java:227: error: cannot find symbol
                Uri.parse("package:" + getPackageName()));
                                       ^
  symbol:   method getPackageName()
  location: class FeedbackActivity
/private/var/folders/bq/vtzpc5ns5sg2cthy61lqpg3dfzgbys/T/1564371303537-0/src/EasyFeedback-master/easy-feedback/src/main/java/com/webianks/easy_feedback/FeedbackActivity.java:230: error: cannot find symbol
        startActivityForResult(myAppSettings, REQUEST_APP_SETTINGS);
        ^
  symbol:   method startActivityForResult(Intent,int)
  location: class FeedbackActivity
/private/var/folders/bq/vtzpc5ns5sg2cthy61lqpg3dfzgbys/T/1564371303537-0/src/EasyFeedback-master/easy-feedback/src/main/java/com/webianks/easy_feedback/FeedbackActivity.java:234: error: method does not override or implement a method from a supertype
    @Override
    ^
/private/var/folders/bq/vtzpc5ns5sg2cthy61lqpg3dfzgbys/T/1564371303537-0/src/EasyFeedback-master/easy-feedback/src/main/java/com/webianks/easy_feedback/FeedbackActivity.java:257: error: cannot find symbol
                resultCode == RESULT_OK && data != null && data.getData() != null) {
                              ^
  symbol:   variable RESULT_OK
  location: class FeedbackActivity
/private/var/folders/bq/vtzpc5ns5sg2cthy61lqpg3dfzgbys/T/1564371303537-0/src/EasyFeedback-master/easy-feedback/src/main/java/com/webianks/easy_feedback/FeedbackActivity.java:259: error: incompatible types: FeedbackActivity cannot be converted to Context
            realPath = Utils.getPath(this, data.getData());
                                     ^
/private/var/folders/bq/vtzpc5ns5sg2cthy61lqpg3dfzgbys/T/1564371303537-0/src/EasyFeedback-master/easy-feedback/src/main/java/com/webianks/easy_feedback/FeedbackActivity.java:266: error: cannot find symbol
            Toast.makeText(this, getString(R.string.click_again), Toast.LENGTH_SHORT).show();
                                 ^
  symbol:   method getString(int)
  location: class FeedbackActivity
/private/var/folders/bq/vtzpc5ns5sg2cthy61lqpg3dfzgbys/T/1564371303537-0/src/EasyFeedback-master/easy-feedback/src/main/java/com/webianks/easy_feedback/FeedbackActivity.java:270: error: cannot find symbol
        super.onActivityResult(requestCode, resultCode, data);
        ^
  symbol:   variable super
  location: class FeedbackActivity
/private/var/folders/bq/vtzpc5ns5sg2cthy61lqpg3dfzgbys/T/1564371303537-0/src/EasyFeedback-master/easy-feedback/src/main/java/com/webianks/easy_feedback/FeedbackActivity.java:275: error: cannot find symbol
            if (PackageManager.PERMISSION_GRANTED != ContextCompat.checkSelfPermission(this, permission))
                                                     ^
  symbol:   variable ContextCompat
  location: class FeedbackActivity
/private/var/folders/bq/vtzpc5ns5sg2cthy61lqpg3dfzgbys/T/1564371303537-0/src/EasyFeedback-master/easy-feedback/src/main/java/com/webianks/easy_feedback/FeedbackActivity.java:286: error: cannot find symbol
        emailIntent.putExtra(Intent.EXTRA_SUBJECT, getString(R.string.feedback_mail_subject, getAppLabel()));
                                                   ^
  symbol:   method getString(int,String)
  location: class FeedbackActivity
/private/var/folders/bq/vtzpc5ns5sg2cthy61lqpg3dfzgbys/T/1564371303537-0/src/EasyFeedback-master/easy-feedback/src/main/java/com/webianks/easy_feedback/FeedbackActivity.java:293: error: cannot find symbol
            Uri deviceInfoUri = createFileFromString(deviceInfo, getString(R.string.file_name_device_info));
                                                                 ^
  symbol:   method getString(int)
  location: class FeedbackActivity
/private/var/folders/bq/vtzpc5ns5sg2cthy61lqpg3dfzgbys/T/1564371303537-0/src/EasyFeedback-master/easy-feedback/src/main/java/com/webianks/easy_feedback/FeedbackActivity.java:296: error: cannot find symbol
            Uri logUri = createFileFromString(LOG_TO_STRING, getString(R.string.file_name_device_log));
                                                             ^
  symbol:   method getString(int)
  location: class FeedbackActivity
/private/var/folders/bq/vtzpc5ns5sg2cthy61lqpg3dfzgbys/T/1564371303537-0/src/EasyFeedback-master/easy-feedback/src/main/java/com/webianks/easy_feedback/FeedbackActivity.java:303: error: cannot find symbol
                    getApplicationContext()
                    ^
  symbol:   method getApplicationContext()
  location: class FeedbackActivity
/private/var/folders/bq/vtzpc5ns5sg2cthy61lqpg3dfzgbys/T/1564371303537-0/src/EasyFeedback-master/easy-feedback/src/main/java/com/webianks/easy_feedback/FeedbackActivity.java:301: error: cannot find symbol
            Uri uri = FileProvider.getUriForFile(
                      ^
  symbol:   variable FileProvider
  location: class FeedbackActivity
/private/var/folders/bq/vtzpc5ns5sg2cthy61lqpg3dfzgbys/T/1564371303537-0/src/EasyFeedback-master/easy-feedback/src/main/java/com/webianks/easy_feedback/FeedbackActivity.java:310: error: cannot find symbol
        startActivity(Utils.createEmailOnlyChooserIntent(this, emailIntent, getString(R.string.send_feedback_two)));
                                                                            ^
  symbol:   method getString(int)
  location: class FeedbackActivity
/private/var/folders/bq/vtzpc5ns5sg2cthy61lqpg3dfzgbys/T/1564371303537-0/src/EasyFeedback-master/easy-feedback/src/main/java/com/webianks/easy_feedback/FeedbackActivity.java:314: error: cannot find symbol
        File file = new File(getExternalCacheDir(), name);
                             ^
  symbol:   method getExternalCacheDir()
  location: class FeedbackActivity
/private/var/folders/bq/vtzpc5ns5sg2cthy61lqpg3dfzgbys/T/1564371303537-0/src/EasyFeedback-master/easy-feedback/src/main/java/com/webianks/easy_feedback/FeedbackActivity.java:335: error: cannot find symbol
                getApplicationContext()
                ^
  symbol:   method getApplicationContext()
  location: class FeedbackActivity
/private/var/folders/bq/vtzpc5ns5sg2cthy61lqpg3dfzgbys/T/1564371303537-0/src/EasyFeedback-master/easy-feedback/src/main/java/com/webianks/easy_feedback/FeedbackActivity.java:333: error: cannot find symbol
        return FileProvider.getUriForFile(
               ^
  symbol:   variable FileProvider
  location: class FeedbackActivity
/private/var/folders/bq/vtzpc5ns5sg2cthy61lqpg3dfzgbys/T/1564371303537-0/src/EasyFeedback-master/easy-feedback/src/main/java/com/webianks/easy_feedback/FeedbackActivity.java:348: error: cannot find symbol
                finish();
                ^
  symbol:   method finish()
  location: class FeedbackActivity
/private/var/folders/bq/vtzpc5ns5sg2cthy61lqpg3dfzgbys/T/1564371303537-0/src/EasyFeedback-master/easy-feedback/src/main/java/com/webianks/easy_feedback/FeedbackActivity.java:350: error: cannot find symbol
                editText.setError(getString(R.string.please_write));
                                  ^
  symbol:   method getString(int)
  location: class FeedbackActivity
/private/var/folders/bq/vtzpc5ns5sg2cthy61lqpg3dfzgbys/T/1564371303537-0/src/EasyFeedback-master/easy-feedback/src/main/java/com/webianks/easy_feedback/FeedbackActivity.java:357: error: method does not override or implement a method from a supertype
    @Override
    ^
/private/var/folders/bq/vtzpc5ns5sg2cthy61lqpg3dfzgbys/T/1564371303537-0/src/EasyFeedback-master/easy-feedback/src/main/java/com/webianks/easy_feedback/FeedbackActivity.java:361: error: cannot find symbol
            finish();
            ^
  symbol:   method finish()
  location: class FeedbackActivity
/private/var/folders/bq/vtzpc5ns5sg2cthy61lqpg3dfzgbys/T/1564371303537-0/src/EasyFeedback-master/easy-feedback/src/main/java/com/webianks/easy_feedback/FeedbackActivity.java:363: error: cannot find symbol
        return super.onOptionsItemSelected(item);
               ^
  symbol:   variable super
  location: class FeedbackActivity
/private/var/folders/bq/vtzpc5ns5sg2cthy61lqpg3dfzgbys/T/1564371303537-0/src/EasyFeedback-master/easy-feedback/src/main/java/com/webianks/easy_feedback/FeedbackActivity.java:367: error: cannot find symbol
        return getResources().getString(R.string.app_name);
               ^
  symbol:   method getResources()
  location: class FeedbackActivity
Note: Some messages have been simplified; recompile with -Xdiags:verbose to get full output
62 errors

FAILURE: Build failed with an exception.

* What went wrong:
Execution failed for task ':easy-feedback:compileDebugJavaWithJavac'.
> Compilation failed; see the compiler error output for details.

* Try:
Run with --info or --debug option to get more log output. Run with --scan to get full insights.

* Exception is:
org.gradle.api.tasks.TaskExecutionException: Execution failed for task ':easy-feedback:compileDebugJavaWithJavac'.
	at org.gradle.api.internal.tasks.execution.ExecuteActionsTaskExecuter.execute(ExecuteActionsTaskExecuter.java:95)
	at org.gradle.api.internal.tasks.execution.ResolveTaskOutputCachingStateExecuter.execute(ResolveTaskOutputCachingStateExecuter.java:91)
	at org.gradle.api.internal.tasks.execution.ValidatingTaskExecuter.execute(ValidatingTaskExecuter.java:57)
	at org.gradle.api.internal.tasks.execution.SkipEmptySourceFilesTaskExecuter.execute(SkipEmptySourceFilesTaskExecuter.java:119)
	at org.gradle.api.internal.tasks.execution.ResolvePreviousStateExecuter.execute(ResolvePreviousStateExecuter.java:43)
	at org.gradle.api.internal.tasks.execution.CleanupStaleOutputsExecuter.execute(CleanupStaleOutputsExecuter.java:93)
	at org.gradle.api.internal.tasks.execution.FinalizePropertiesTaskExecuter.execute(FinalizePropertiesTaskExecuter.java:45)
	at org.gradle.api.internal.tasks.execution.ResolveTaskArtifactStateTaskExecuter.execute(ResolveTaskArtifactStateTaskExecuter.java:94)
	at org.gradle.api.internal.tasks.execution.SkipTaskWithNoActionsExecuter.execute(SkipTaskWithNoActionsExecuter.java:56)
	at org.gradle.api.internal.tasks.execution.SkipOnlyIfTaskExecuter.execute(SkipOnlyIfTaskExecuter.java:55)
	at org.gradle.api.internal.tasks.execution.CatchExceptionTaskExecuter.execute(CatchExceptionTaskExecuter.java:36)
	at org.gradle.api.internal.tasks.execution.EventFiringTaskExecuter$1.executeTask(EventFiringTaskExecuter.java:67)
	at org.gradle.api.internal.tasks.execution.EventFiringTaskExecuter$1.call(EventFiringTaskExecuter.java:52)
	at org.gradle.api.internal.tasks.execution.EventFiringTaskExecuter$1.call(EventFiringTaskExecuter.java:49)
	at org.gradle.internal.operations.DefaultBuildOperationExecutor$CallableBuildOperationWorker.execute(DefaultBuildOperationExecutor.java:315)
	at org.gradle.internal.operations.DefaultBuildOperationExecutor$CallableBuildOperationWorker.execute(DefaultBuildOperationExecutor.java:305)
	at org.gradle.internal.operations.DefaultBuildOperationExecutor.execute(DefaultBuildOperationExecutor.java:175)
	at org.gradle.internal.operations.DefaultBuildOperationExecutor.call(DefaultBuildOperationExecutor.java:101)
	at org.gradle.internal.operations.DelegatingBuildOperationExecutor.call(DelegatingBuildOperationExecutor.java:36)
	at org.gradle.api.internal.tasks.execution.EventFiringTaskExecuter.execute(EventFiringTaskExecuter.java:49)
	at org.gradle.execution.plan.LocalTaskNodeExecutor.execute(LocalTaskNodeExecutor.java:43)
	at org.gradle.execution.taskgraph.DefaultTaskExecutionGraph$InvokeNodeExecutorsAction.execute(DefaultTaskExecutionGraph.java:355)
	at org.gradle.execution.taskgraph.DefaultTaskExecutionGraph$InvokeNodeExecutorsAction.execute(DefaultTaskExecutionGraph.java:343)
	at org.gradle.execution.taskgraph.DefaultTaskExecutionGraph$BuildOperationAwareExecutionAction.execute(DefaultTaskExecutionGraph.java:336)
	at org.gradle.execution.taskgraph.DefaultTaskExecutionGraph$BuildOperationAwareExecutionAction.execute(DefaultTaskExecutionGraph.java:322)
	at org.gradle.execution.plan.DefaultPlanExecutor$ExecutorWorker$1.execute(DefaultPlanExecutor.java:134)
	at org.gradle.execution.plan.DefaultPlanExecutor$ExecutorWorker$1.execute(DefaultPlanExecutor.java:129)
	at org.gradle.execution.plan.DefaultPlanExecutor$ExecutorWorker.execute(DefaultPlanExecutor.java:202)
	at org.gradle.execution.plan.DefaultPlanExecutor$ExecutorWorker.executeNextNode(DefaultPlanExecutor.java:193)
	at org.gradle.execution.plan.DefaultPlanExecutor$ExecutorWorker.run(DefaultPlanExecutor.java:129)
	at org.gradle.internal.concurrent.ExecutorPolicy$CatchAndRecordFailures.onExecute(ExecutorPolicy.java:63)
	at org.gradle.internal.concurrent.ManagedExecutorImpl$1.run(ManagedExecutorImpl.java:46)
	at org.gradle.internal.concurrent.ThreadFactoryImpl$ManagedThreadRunnable.run(ThreadFactoryImpl.java:55)
Caused by: org.gradle.api.internal.tasks.compile.CompilationFailedException: Compilation failed; see the compiler error output for details.
	at org.gradle.api.internal.tasks.compile.JdkJavaCompiler.execute(JdkJavaCompiler.java:52)
	at org.gradle.api.internal.tasks.compile.JdkJavaCompiler.execute(JdkJavaCompiler.java:36)
	at org.gradle.api.internal.tasks.compile.NormalizingJavaCompiler.delegateAndHandleErrors(NormalizingJavaCompiler.java:100)
	at org.gradle.api.internal.tasks.compile.NormalizingJavaCompiler.execute(NormalizingJavaCompiler.java:52)
	at org.gradle.api.internal.tasks.compile.NormalizingJavaCompiler.execute(NormalizingJavaCompiler.java:38)
	at org.gradle.api.internal.tasks.compile.AnnotationProcessorDiscoveringCompiler.execute(AnnotationProcessorDiscoveringCompiler.java:51)
	at org.gradle.api.internal.tasks.compile.AnnotationProcessorDiscoveringCompiler.execute(AnnotationProcessorDiscoveringCompiler.java:37)
	at org.gradle.api.internal.tasks.compile.CleaningJavaCompilerSupport.execute(CleaningJavaCompilerSupport.java:39)
	at org.gradle.api.internal.tasks.compile.incremental.IncrementalCompilerFactory$2.execute(IncrementalCompilerFactory.java:110)
	at org.gradle.api.internal.tasks.compile.incremental.IncrementalCompilerFactory$2.execute(IncrementalCompilerFactory.java:106)
	at org.gradle.api.internal.tasks.compile.incremental.IncrementalResultStoringCompiler.execute(IncrementalResultStoringCompiler.java:59)
	at org.gradle.api.internal.tasks.compile.incremental.IncrementalResultStoringCompiler.execute(IncrementalResultStoringCompiler.java:43)
	at org.gradle.api.internal.tasks.compile.CompileJavaBuildOperationReportingCompiler$2.call(CompileJavaBuildOperationReportingCompiler.java:59)
	at org.gradle.api.internal.tasks.compile.CompileJavaBuildOperationReportingCompiler$2.call(CompileJavaBuildOperationReportingCompiler.java:51)
	at org.gradle.internal.operations.DefaultBuildOperationExecutor$CallableBuildOperationWorker.execute(DefaultBuildOperationExecutor.java:315)
	at org.gradle.internal.operations.DefaultBuildOperationExecutor$CallableBuildOperationWorker.execute(DefaultBuildOperationExecutor.java:305)
	at org.gradle.internal.operations.DefaultBuildOperationExecutor.execute(DefaultBuildOperationExecutor.java:175)
	at org.gradle.internal.operations.DefaultBuildOperationExecutor.call(DefaultBuildOperationExecutor.java:101)
	at org.gradle.internal.operations.DelegatingBuildOperationExecutor.call(DelegatingBuildOperationExecutor.java:36)
	at org.gradle.api.internal.tasks.compile.CompileJavaBuildOperationReportingCompiler.execute(CompileJavaBuildOperationReportingCompiler.java:51)
	at org.gradle.api.tasks.compile.JavaCompile.performCompilation(JavaCompile.java:154)
	at org.gradle.api.tasks.compile.JavaCompile.compile(JavaCompile.java:122)
	at com.android.build.gradle.tasks.AndroidJavaCompile.compile(AndroidJavaCompile.kt:214)
	at org.gradle.internal.reflect.JavaMethod.invoke(JavaMethod.java:73)
	at org.gradle.api.internal.project.taskfactory.IncrementalTaskAction.doExecute(IncrementalTaskAction.java:47)
	at org.gradle.api.internal.project.taskfactory.StandardTaskAction.execute(StandardTaskAction.java:41)
	at org.gradle.api.internal.project.taskfactory.StandardTaskAction.execute(StandardTaskAction.java:28)
	at org.gradle.api.internal.tasks.execution.ExecuteActionsTaskExecuter$2.run(ExecuteActionsTaskExecuter.java:284)
	at org.gradle.internal.operations.DefaultBuildOperationExecutor$RunnableBuildOperationWorker.execute(DefaultBuildOperationExecutor.java:301)
	at org.gradle.internal.operations.DefaultBuildOperationExecutor$RunnableBuildOperationWorker.execute(DefaultBuildOperationExecutor.java:293)
	at org.gradle.internal.operations.DefaultBuildOperationExecutor.execute(DefaultBuildOperationExecutor.java:175)
	at org.gradle.internal.operations.DefaultBuildOperationExecutor.run(DefaultBuildOperationExecutor.java:91)
	at org.gradle.internal.operations.DelegatingBuildOperationExecutor.run(DelegatingBuildOperationExecutor.java:31)
	at org.gradle.api.internal.tasks.execution.ExecuteActionsTaskExecuter.executeAction(ExecuteActionsTaskExecuter.java:273)
	at org.gradle.api.internal.tasks.execution.ExecuteActionsTaskExecuter.executeActions(ExecuteActionsTaskExecuter.java:258)
	at org.gradle.api.internal.tasks.execution.ExecuteActionsTaskExecuter.access$200(ExecuteActionsTaskExecuter.java:67)
	at org.gradle.api.internal.tasks.execution.ExecuteActionsTaskExecuter$TaskExecution.execute(ExecuteActionsTaskExecuter.java:145)
	at org.gradle.internal.execution.impl.steps.ExecuteStep.execute(ExecuteStep.java:49)
	at org.gradle.internal.execution.impl.steps.CancelExecutionStep.execute(CancelExecutionStep.java:34)
	at org.gradle.internal.execution.impl.steps.TimeoutStep.executeWithoutTimeout(TimeoutStep.java:69)
	at org.gradle.internal.execution.impl.steps.TimeoutStep.execute(TimeoutStep.java:49)
	at org.gradle.internal.execution.impl.steps.CatchExceptionStep.execute(CatchExceptionStep.java:33)
	at org.gradle.internal.execution.impl.steps.CreateOutputsStep.execute(CreateOutputsStep.java:50)
	at org.gradle.internal.execution.impl.steps.SnapshotOutputStep.execute(SnapshotOutputStep.java:43)
	at org.gradle.internal.execution.impl.steps.SnapshotOutputStep.execute(SnapshotOutputStep.java:29)
	at org.gradle.internal.execution.impl.steps.CacheStep.executeWithoutCache(CacheStep.java:134)
	at org.gradle.internal.execution.impl.steps.CacheStep.lambda$execute$3(CacheStep.java:83)
	at org.gradle.internal.execution.impl.steps.CacheStep.execute(CacheStep.java:82)
	at org.gradle.internal.execution.impl.steps.CacheStep.execute(CacheStep.java:36)
	at org.gradle.internal.execution.impl.steps.PrepareCachingStep.execute(PrepareCachingStep.java:33)
	at org.gradle.internal.execution.impl.steps.StoreSnapshotsStep.execute(StoreSnapshotsStep.java:38)
	at org.gradle.internal.execution.impl.steps.StoreSnapshotsStep.execute(StoreSnapshotsStep.java:23)
	at org.gradle.internal.execution.impl.steps.SkipUpToDateStep.executeBecause(SkipUpToDateStep.java:96)
	at org.gradle.internal.execution.impl.steps.SkipUpToDateStep.lambda$execute$0(SkipUpToDateStep.java:89)
	at org.gradle.internal.execution.impl.steps.SkipUpToDateStep.execute(SkipUpToDateStep.java:52)
	at org.gradle.internal.execution.impl.steps.SkipUpToDateStep.execute(SkipUpToDateStep.java:36)
	at org.gradle.internal.execution.impl.DefaultWorkExecutor.execute(DefaultWorkExecutor.java:34)
	at org.gradle.api.internal.tasks.execution.ExecuteActionsTaskExecuter.execute(ExecuteActionsTaskExecuter.java:91)
	... 32 more


* Get more help at https://help.gradle.org

Deprecated Gradle features were used in this build, making it incompatible with Gradle 6.0.
Use '--warning-mode all' to show the individual deprecation warnings.
See https://docs.gradle.org/5.1.1/userguide/command_line_interface.html#sec:command_line_warnings

BUILD FAILED in 9s
9 actionable tasks: 1 executed, 8 up-to-date

2019-07-29 10:35:50,198 INFO  ProjectTaskService - Detecting possible tasks...
2019-07-29 10:35:50,198 INFO  SysUtils - Execute command: [/var/folders/bq/vtzpc5ns5sg2cthy61lqpg3dfzgbys/T/1564371303537-0/src/EasyFeedback-master/gradlew, -b, /var/folders/bq/vtzpc5ns5sg2cthy61lqpg3dfzgbys/T/1564371303537-0/src/EasyFeedback-master/build.gradle, -Dorg.gradle.daemon=false, -Dorg.gradle.daemon.performance.enable-monitoring=false, -Dorg.gradle.configureondemand=true, tasks]
2019-07-29 10:35:57,981 INFO  ProjectTaskService - Detected possible tasks: 74
2019-07-29 10:35:57,982 INFO  ProjectTaskService - Excluded tasks (21): lintDebug javadocJar deviceCheck lint testReleaseUnitTest javadoc uninstallRelease deviceAndroidTest uninstallDebugAndroidTest installDebugAndroidTest connectedCheck connectedDebugAndroidTest uninstallAll sourcesJar test check testDebugUnitTest connectedAndroidTest installDebug lintRelease uninstallDebug
2019-07-29 10:35:57,982 INFO  SysUtils - Execute command: [/var/folders/bq/vtzpc5ns5sg2cthy61lqpg3dfzgbys/T/1564371303537-0/src/EasyFeedback-master/gradlew, -b, /var/folders/bq/vtzpc5ns5sg2cthy61lqpg3dfzgbys/T/1564371303537-0/src/EasyFeedback-master/build.gradle, -Dorg.gradle.daemon=false, -Dorg.gradle.daemon.performance.enable-monitoring=false, -Dorg.gradle.configureondemand=true, --stacktrace, -x, lintDebug, -x, javadocJar, -x, deviceCheck, -x, lint, -x, testReleaseUnitTest, -x, javadoc, -x, uninstallRelease, -x, deviceAndroidTest, -x, uninstallDebugAndroidTest, -x, installDebugAndroidTest, -x, connectedCheck, -x, connectedDebugAndroidTest, -x, uninstallAll, -x, sourcesJar, -x, test, -x, check, -x, testDebugUnitTest, -x, connectedAndroidTest, -x, installDebug, -x, lintRelease, -x, uninstallDebug, build]
2019-07-29 10:36:06,831 ERROR SysUtils - Could not process external command
org.apache.commons.exec.ExecuteException: Process exited with an error: 1 (Exit value: 1)
	at org.apache.commons.exec.DefaultExecutor.executeInternal(DefaultExecutor.java:404)
	at org.apache.commons.exec.DefaultExecutor.execute(DefaultExecutor.java:166)
	at com.github.vbauer.apkmaster.util.SysUtils.execute(SysUtils.java:67)
	at com.github.vbauer.apkmaster.util.SysUtils.executeSimple(SysUtils.java:43)
	at com.github.vbauer.apkmaster.service.assembly.ProjectBuildService.buildProject(ProjectBuildService.java:78)
	at com.github.vbauer.apkmaster.service.assembly.ProjectBuildService.buildProject(ProjectBuildService.java:64)
	at com.github.vbauer.apkmaster.service.assembly.ProjectBuildService.buildProject(ProjectBuildService.java:43)
	at com.github.vbauer.apkmaster.service.FullProcessService.build(FullProcessService.java:84)
	at com.github.vbauer.apkmaster.service.FullProcessService.process(FullProcessService.java:34)
	at com.github.vbauer.apkmaster.app.MainApplication.process(MainApplication.java:38)
	at com.github.vbauer.apkmaster.app.MainApplication.main(MainApplication.java:20)
	at sun.reflect.NativeMethodAccessorImpl.invoke0(Native Method)
	at sun.reflect.NativeMethodAccessorImpl.invoke(NativeMethodAccessorImpl.java:62)
	at sun.reflect.DelegatingMethodAccessorImpl.invoke(DelegatingMethodAccessorImpl.java:43)
	at java.lang.reflect.Method.invoke(Method.java:498)
	at com.android.arsenal.util.ReflectionUtils.invoke(ReflectionUtils.java:52)
	at com.android.arsenal.util.ApkMasterUtils.main(ApkMasterUtils.java:30)
	at com.android.arsenal.service.processor.impl.BuildProcessorServiceImpl.buildProject(BuildProcessorServiceImpl.java:196)
	at com.android.arsenal.service.processor.impl.BuildProcessorServiceImpl.build(BuildProcessorServiceImpl.java:130)
	at com.android.arsenal.service.processor.impl.BuildProcessorServiceImpl.lambda$createTasks$1(BuildProcessorServiceImpl.java:113)
	at java.util.concurrent.FutureTask.run(FutureTask.java:266)
	at java.util.concurrent.Executors$RunnableAdapter.call(Executors.java:511)
	at java.util.concurrent.FutureTask.run(FutureTask.java:266)
	at java.util.concurrent.ThreadPoolExecutor.runWorker(ThreadPoolExecutor.java:1149)
	at java.util.concurrent.ThreadPoolExecutor$Worker.run(ThreadPoolExecutor.java:624)
	at java.lang.Thread.run(Thread.java:748)
2019-07-29 10:36:06,831 INFO  SysUtils - Configuration on demand is an incubating feature.
> Task :app:preBuild UP-TO-DATE
> Task :easy-feedback:preBuild UP-TO-DATE
> Task :easy-feedback:preDebugBuild UP-TO-DATE
> Task :easy-feedback:checkDebugManifest UP-TO-DATE
> Task :easy-feedback:processDebugManifest UP-TO-DATE
> Task :app:preDebugBuild UP-TO-DATE
> Task :easy-feedback:packageDebugRenderscript NO-SOURCE
> Task :app:checkDebugManifest UP-TO-DATE
> Task :app:generateDebugBuildConfig UP-TO-DATE
> Task :app:prepareLintJar UP-TO-DATE
> Task :easy-feedback:generateDebugBuildConfig UP-TO-DATE
> Task :easy-feedback:generateDebugResValues UP-TO-DATE
> Task :easy-feedback:prepareLintJar UP-TO-DATE
> Task :app:mainApkListPersistenceDebug UP-TO-DATE
> Task :app:generateDebugResValues UP-TO-DATE
> Task :app:createDebugCompatibleScreenManifests UP-TO-DATE
> Task :app:processDebugManifest UP-TO-DATE
> Task :app:compileDebugRenderscript NO-SOURCE
> Task :easy-feedback:compileDebugAidl NO-SOURCE
> Task :app:compileDebugAidl NO-SOURCE
> Task :app:generateDebugSources UP-TO-DATE
> Task :app:generateDebugResources UP-TO-DATE
> Task :easy-feedback:javaPreCompileDebug UP-TO-DATE
> Task :easy-feedback:compileDebugRenderscript NO-SOURCE
> Task :easy-feedback:generateDebugResources UP-TO-DATE
> Task :easy-feedback:packageDebugResources UP-TO-DATE
> Task :easy-feedback:generateDebugRFile UP-TO-DATE
> Task :easy-feedback:generateDebugSources UP-TO-DATE

> Task :easy-feedback:compileDebugJavaWithJavac FAILED
/private/var/folders/bq/vtzpc5ns5sg2cthy61lqpg3dfzgbys/T/1564371303537-0/src/EasyFeedback-master/easy-feedback/src/main/java/com/webianks/easy_feedback/components/Utils.java:22: error: package android.support.annotation does not exist
import android.support.annotation.ColorInt;
                                 ^
/private/var/folders/bq/vtzpc5ns5sg2cthy61lqpg3dfzgbys/T/1564371303537-0/src/EasyFeedback-master/easy-feedback/src/main/java/com/webianks/easy_feedback/FeedbackActivity.java:11: error: package android.support.annotation does not exist
import android.support.annotation.NonNull;
                                 ^
/private/var/folders/bq/vtzpc5ns5sg2cthy61lqpg3dfzgbys/T/1564371303537-0/src/EasyFeedback-master/easy-feedback/src/main/java/com/webianks/easy_feedback/FeedbackActivity.java:12: error: package android.support.annotation does not exist
import android.support.annotation.Nullable;
                                 ^
/private/var/folders/bq/vtzpc5ns5sg2cthy61lqpg3dfzgbys/T/1564371303537-0/src/EasyFeedback-master/easy-feedback/src/main/java/com/webianks/easy_feedback/FeedbackActivity.java:13: error: package android.support.v4.content does not exist
import android.support.v4.content.ContextCompat;
                                 ^
/private/var/folders/bq/vtzpc5ns5sg2cthy61lqpg3dfzgbys/T/1564371303537-0/src/EasyFeedback-master/easy-feedback/src/main/java/com/webianks/easy_feedback/FeedbackActivity.java:14: error: package android.support.v4.content does not exist
import android.support.v4.content.FileProvider;
                                 ^
/private/var/folders/bq/vtzpc5ns5sg2cthy61lqpg3dfzgbys/T/1564371303537-0/src/EasyFeedback-master/easy-feedback/src/main/java/com/webianks/easy_feedback/FeedbackActivity.java:15: error: package android.support.v7.app does not exist
import android.support.v7.app.AlertDialog;
                             ^
/private/var/folders/bq/vtzpc5ns5sg2cthy61lqpg3dfzgbys/T/1564371303537-0/src/EasyFeedback-master/easy-feedback/src/main/java/com/webianks/easy_feedback/FeedbackActivity.java:16: error: package android.support.v7.app does not exist
import android.support.v7.app.AppCompatActivity;
                             ^
/private/var/folders/bq/vtzpc5ns5sg2cthy61lqpg3dfzgbys/T/1564371303537-0/src/EasyFeedback-master/easy-feedback/src/main/java/com/webianks/easy_feedback/FeedbackActivity.java:47: error: cannot find symbol
public class FeedbackActivity extends AppCompatActivity implements View.OnClickListener {
                                      ^
  symbol: class AppCompatActivity
/private/var/folders/bq/vtzpc5ns5sg2cthy61lqpg3dfzgbys/T/1564371303537-0/src/EasyFeedback-master/easy-feedback/src/main/java/com/webianks/easy_feedback/components/Utils.java:228: error: cannot find symbol
    public static int getColorFromAttr(Context context, int attr, @ColorInt int defaultColor) {
                                                                   ^
  symbol:   class ColorInt
  location: class Utils
/private/var/folders/bq/vtzpc5ns5sg2cthy61lqpg3dfzgbys/T/1564371303537-0/src/EasyFeedback-master/easy-feedback/src/main/java/com/webianks/easy_feedback/components/Utils.java:227: error: cannot find symbol
    @ColorInt
     ^
  symbol:   class ColorInt
  location: class Utils
/private/var/folders/bq/vtzpc5ns5sg2cthy61lqpg3dfzgbys/T/1564371303537-0/src/EasyFeedback-master/easy-feedback/src/main/java/com/webianks/easy_feedback/FeedbackActivity.java:65: error: cannot find symbol
    protected void onCreate(@Nullable Bundle savedInstanceState) {
                             ^
  symbol:   class Nullable
  location: class FeedbackActivity
/private/var/folders/bq/vtzpc5ns5sg2cthy61lqpg3dfzgbys/T/1564371303537-0/src/EasyFeedback-master/easy-feedback/src/main/java/com/webianks/easy_feedback/FeedbackActivity.java:273: error: cannot find symbol
    public boolean hasPermissions(@NonNull String... permissions) {
                                   ^
  symbol:   class NonNull
  location: class FeedbackActivity
/private/var/folders/bq/vtzpc5ns5sg2cthy61lqpg3dfzgbys/T/1564371303537-0/src/EasyFeedback-master/easy-feedback/src/main/java/com/webianks/easy_feedback/FeedbackActivity.java:64: error: method does not override or implement a method from a supertype
    @Override
    ^
/private/var/folders/bq/vtzpc5ns5sg2cthy61lqpg3dfzgbys/T/1564371303537-0/src/EasyFeedback-master/easy-feedback/src/main/java/com/webianks/easy_feedback/FeedbackActivity.java:67: error: cannot find symbol
        super.onCreate(savedInstanceState);
        ^
  symbol:   variable super
  location: class FeedbackActivity
/private/var/folders/bq/vtzpc5ns5sg2cthy61lqpg3dfzgbys/T/1564371303537-0/src/EasyFeedback-master/easy-feedback/src/main/java/com/webianks/easy_feedback/FeedbackActivity.java:68: error: cannot find symbol
        setContentView(R.layout.feedback_layout);
        ^
  symbol:   method setContentView(int)
  location: class FeedbackActivity
/private/var/folders/bq/vtzpc5ns5sg2cthy61lqpg3dfzgbys/T/1564371303537-0/src/EasyFeedback-master/easy-feedback/src/main/java/com/webianks/easy_feedback/FeedbackActivity.java:70: error: cannot find symbol
        if (getSupportActionBar() != null)
            ^
  symbol:   method getSupportActionBar()
  location: class FeedbackActivity
/private/var/folders/bq/vtzpc5ns5sg2cthy61lqpg3dfzgbys/T/1564371303537-0/src/EasyFeedback-master/easy-feedback/src/main/java/com/webianks/easy_feedback/FeedbackActivity.java:71: error: cannot find symbol
            getSupportActionBar().setDisplayHomeAsUpEnabled(true);
            ^
  symbol:   method getSupportActionBar()
  location: class FeedbackActivity
/private/var/folders/bq/vtzpc5ns5sg2cthy61lqpg3dfzgbys/T/1564371303537-0/src/EasyFeedback-master/easy-feedback/src/main/java/com/webianks/easy_feedback/FeedbackActivity.java:81: error: cannot find symbol
        editText = (EditText) findViewById(R.id.editText);
                              ^
  symbol:   method findViewById(int)
  location: class FeedbackActivity
/private/var/folders/bq/vtzpc5ns5sg2cthy61lqpg3dfzgbys/T/1564371303537-0/src/EasyFeedback-master/easy-feedback/src/main/java/com/webianks/easy_feedback/FeedbackActivity.java:83: error: cannot find symbol
        TextView info = (TextView) findViewById(R.id.info_legal);
                                   ^
  symbol:   method findViewById(int)
  location: class FeedbackActivity
/private/var/folders/bq/vtzpc5ns5sg2cthy61lqpg3dfzgbys/T/1564371303537-0/src/EasyFeedback-master/easy-feedback/src/main/java/com/webianks/easy_feedback/FeedbackActivity.java:84: error: cannot find symbol
        FrameLayout selectImage = (FrameLayout) findViewById(R.id.selectImage);
                                                ^
  symbol:   method findViewById(int)
  location: class FeedbackActivity
/private/var/folders/bq/vtzpc5ns5sg2cthy61lqpg3dfzgbys/T/1564371303537-0/src/EasyFeedback-master/easy-feedback/src/main/java/com/webianks/easy_feedback/FeedbackActivity.java:85: error: cannot find symbol
        Button submitSuggestion = (Button) findViewById(R.id.submitSuggestion);
                                           ^
  symbol:   method findViewById(int)
  location: class FeedbackActivity
/private/var/folders/bq/vtzpc5ns5sg2cthy61lqpg3dfzgbys/T/1564371303537-0/src/EasyFeedback-master/easy-feedback/src/main/java/com/webianks/easy_feedback/FeedbackActivity.java:86: error: cannot find symbol
        selectedImageView = (ImageView) findViewById(R.id.selectedImageView);
                                        ^
  symbol:   method findViewById(int)
  location: class FeedbackActivity
/private/var/folders/bq/vtzpc5ns5sg2cthy61lqpg3dfzgbys/T/1564371303537-0/src/EasyFeedback-master/easy-feedback/src/main/java/com/webianks/easy_feedback/FeedbackActivity.java:87: error: cannot find symbol
        selectContainer = (LinearLayout) findViewById(R.id.selectContainer);
                                         ^
  symbol:   method findViewById(int)
  location: class FeedbackActivity
/private/var/folders/bq/vtzpc5ns5sg2cthy61lqpg3dfzgbys/T/1564371303537-0/src/EasyFeedback-master/easy-feedback/src/main/java/com/webianks/easy_feedback/FeedbackActivity.java:93: error: cannot find symbol
        emailId = getIntent().getStringExtra(KEY_EMAIL);
                  ^
  symbol:   method getIntent()
  location: class FeedbackActivity
/private/var/folders/bq/vtzpc5ns5sg2cthy61lqpg3dfzgbys/T/1564371303537-0/src/EasyFeedback-master/easy-feedback/src/main/java/com/webianks/easy_feedback/FeedbackActivity.java:94: error: cannot find symbol
        withInfo = getIntent().getBooleanExtra(KEY_WITH_INFO, false);
                   ^
  symbol:   method getIntent()
  location: class FeedbackActivity
/private/var/folders/bq/vtzpc5ns5sg2cthy61lqpg3dfzgbys/T/1564371303537-0/src/EasyFeedback-master/easy-feedback/src/main/java/com/webianks/easy_feedback/FeedbackActivity.java:96: error: incompatible types: FeedbackActivity cannot be converted to Context
        deviceInfo = DeviceInfo.getAllDeviceInfo(this, false);
                                                 ^
/private/var/folders/bq/vtzpc5ns5sg2cthy61lqpg3dfzgbys/T/1564371303537-0/src/EasyFeedback-master/easy-feedback/src/main/java/com/webianks/easy_feedback/FeedbackActivity.java:100: error: cannot find symbol
            CharSequence infoFeedbackStart = getResources().getString(R.string.info_fedback_legal_start);
                                             ^
  symbol:   method getResources()
  location: class FeedbackActivity
/private/var/folders/bq/vtzpc5ns5sg2cthy61lqpg3dfzgbys/T/1564371303537-0/src/EasyFeedback-master/easy-feedback/src/main/java/com/webianks/easy_feedback/FeedbackActivity.java:101: error: cannot find symbol
            SpannableString deviceInfo = new SpannableString(getResources().getString(R.string.info_fedback_legal_system_info));
                                                             ^
  symbol:   method getResources()
  location: class FeedbackActivity
/private/var/folders/bq/vtzpc5ns5sg2cthy61lqpg3dfzgbys/T/1564371303537-0/src/EasyFeedback-master/easy-feedback/src/main/java/com/webianks/easy_feedback/FeedbackActivity.java:105: error: package AlertDialog does not exist
                    new AlertDialog.Builder(FeedbackActivity.this)
                                   ^
/private/var/folders/bq/vtzpc5ns5sg2cthy61lqpg3dfzgbys/T/1564371303537-0/src/EasyFeedback-master/easy-feedback/src/main/java/com/webianks/easy_feedback/FeedbackActivity.java:116: error: cannot find symbol
            CharSequence infoFeedbackAnd = getResources().getString(R.string.info_fedback_legal_and);
                                           ^
  symbol:   method getResources()
  location: class FeedbackActivity
/private/var/folders/bq/vtzpc5ns5sg2cthy61lqpg3dfzgbys/T/1564371303537-0/src/EasyFeedback-master/easy-feedback/src/main/java/com/webianks/easy_feedback/FeedbackActivity.java:117: error: cannot find symbol
            SpannableString systemLog = new SpannableString(getResources().getString(R.string.info_fedback_legal_log_data));
                                                            ^
  symbol:   method getResources()
  location: class FeedbackActivity
/private/var/folders/bq/vtzpc5ns5sg2cthy61lqpg3dfzgbys/T/1564371303537-0/src/EasyFeedback-master/easy-feedback/src/main/java/com/webianks/easy_feedback/FeedbackActivity.java:121: error: package AlertDialog does not exist
                    new AlertDialog.Builder(FeedbackActivity.this)
                                   ^
/private/var/folders/bq/vtzpc5ns5sg2cthy61lqpg3dfzgbys/T/1564371303537-0/src/EasyFeedback-master/easy-feedback/src/main/java/com/webianks/easy_feedback/FeedbackActivity.java:132: error: cannot find symbol
            CharSequence infoFeedbackEnd = getResources().getString(R.string.info_fedback_legal_will_be_sent, getAppLabel());
                                           ^
  symbol:   method getResources()
  location: class FeedbackActivity
/private/var/folders/bq/vtzpc5ns5sg2cthy61lqpg3dfzgbys/T/1564371303537-0/src/EasyFeedback-master/easy-feedback/src/main/java/com/webianks/easy_feedback/FeedbackActivity.java:151: error: cannot find symbol
            int hasWriteContactsPermission = checkSelfPermission(android.Manifest.permission.READ_EXTERNAL_STORAGE);
                                             ^
  symbol:   method checkSelfPermission(String)
  location: class FeedbackActivity
/private/var/folders/bq/vtzpc5ns5sg2cthy61lqpg3dfzgbys/T/1564371303537-0/src/EasyFeedback-master/easy-feedback/src/main/java/com/webianks/easy_feedback/FeedbackActivity.java:154: error: cannot find symbol
                requestPermissions(new String[]{Manifest.permission.READ_EXTERNAL_STORAGE},
                ^
  symbol:   method requestPermissions(String[],int)
  location: class FeedbackActivity
/private/var/folders/bq/vtzpc5ns5sg2cthy61lqpg3dfzgbys/T/1564371303537-0/src/EasyFeedback-master/easy-feedback/src/main/java/com/webianks/easy_feedback/FeedbackActivity.java:177: error: cannot find symbol
        startActivityForResult(Intent.createChooser(intent, getString(R.string.select_picture_title)), PICK_IMAGE_REQUEST);
                                                            ^
  symbol:   method getString(int)
  location: class FeedbackActivity
/private/var/folders/bq/vtzpc5ns5sg2cthy61lqpg3dfzgbys/T/1564371303537-0/src/EasyFeedback-master/easy-feedback/src/main/java/com/webianks/easy_feedback/FeedbackActivity.java:183: error: package AlertDialog does not exist
        new AlertDialog.Builder(this)
                       ^
/private/var/folders/bq/vtzpc5ns5sg2cthy61lqpg3dfzgbys/T/1564371303537-0/src/EasyFeedback-master/easy-feedback/src/main/java/com/webianks/easy_feedback/FeedbackActivity.java:193: error: method does not override or implement a method from a supertype
    @Override
    ^
/private/var/folders/bq/vtzpc5ns5sg2cthy61lqpg3dfzgbys/T/1564371303537-0/src/EasyFeedback-master/easy-feedback/src/main/java/com/webianks/easy_feedback/FeedbackActivity.java:218: error: cannot find symbol
                super.onRequestPermissionsResult(requestCode, permissions, grantResults);
                ^
  symbol:   variable super
  location: class FeedbackActivity
/private/var/folders/bq/vtzpc5ns5sg2cthy61lqpg3dfzgbys/T/1564371303537-0/src/EasyFeedback-master/easy-feedback/src/main/java/com/webianks/easy_feedback/FeedbackActivity.java:227: error: cannot find symbol
                Uri.parse("package:" + getPackageName()));
                                       ^
  symbol:   method getPackageName()
  location: class FeedbackActivity
/private/var/folders/bq/vtzpc5ns5sg2cthy61lqpg3dfzgbys/T/1564371303537-0/src/EasyFeedback-master/easy-feedback/src/main/java/com/webianks/easy_feedback/FeedbackActivity.java:230: error: cannot find symbol
        startActivityForResult(myAppSettings, REQUEST_APP_SETTINGS);
        ^
  symbol:   method startActivityForResult(Intent,int)
  location: class FeedbackActivity
/private/var/folders/bq/vtzpc5ns5sg2cthy61lqpg3dfzgbys/T/1564371303537-0/src/EasyFeedback-master/easy-feedback/src/main/java/com/webianks/easy_feedback/FeedbackActivity.java:234: error: method does not override or implement a method from a supertype
    @Override
    ^
/private/var/folders/bq/vtzpc5ns5sg2cthy61lqpg3dfzgbys/T/1564371303537-0/src/EasyFeedback-master/easy-feedback/src/main/java/com/webianks/easy_feedback/FeedbackActivity.java:257: error: cannot find symbol
                resultCode == RESULT_OK && data != null && data.getData() != null) {
                              ^
  symbol:   variable RESULT_OK
  location: class FeedbackActivity
/private/var/folders/bq/vtzpc5ns5sg2cthy61lqpg3dfzgbys/T/1564371303537-0/src/EasyFeedback-master/easy-feedback/src/main/java/com/webianks/easy_feedback/FeedbackActivity.java:259: error: incompatible types: FeedbackActivity cannot be converted to Context
            realPath = Utils.getPath(this, data.getData());
                                     ^
/private/var/folders/bq/vtzpc5ns5sg2cthy61lqpg3dfzgbys/T/1564371303537-0/src/EasyFeedback-master/easy-feedback/src/main/java/com/webianks/easy_feedback/FeedbackActivity.java:266: error: cannot find symbol
            Toast.makeText(this, getString(R.string.click_again), Toast.LENGTH_SHORT).show();
                                 ^
  symbol:   method getString(int)
  location: class FeedbackActivity
/private/var/folders/bq/vtzpc5ns5sg2cthy61lqpg3dfzgbys/T/1564371303537-0/src/EasyFeedback-master/easy-feedback/src/main/java/com/webianks/easy_feedback/FeedbackActivity.java:270: error: cannot find symbol
        super.onActivityResult(requestCode, resultCode, data);
        ^
  symbol:   variable super
  location: class FeedbackActivity
/private/var/folders/bq/vtzpc5ns5sg2cthy61lqpg3dfzgbys/T/1564371303537-0/src/EasyFeedback-master/easy-feedback/src/main/java/com/webianks/easy_feedback/FeedbackActivity.java:275: error: cannot find symbol
            if (PackageManager.PERMISSION_GRANTED != ContextCompat.checkSelfPermission(this, permission))
                                                     ^
  symbol:   variable ContextCompat
  location: class FeedbackActivity
/private/var/folders/bq/vtzpc5ns5sg2cthy61lqpg3dfzgbys/T/1564371303537-0/src/EasyFeedback-master/easy-feedback/src/main/java/com/webianks/easy_feedback/FeedbackActivity.java:286: error: cannot find symbol
        emailIntent.putExtra(Intent.EXTRA_SUBJECT, getString(R.string.feedback_mail_subject, getAppLabel()));
                                                   ^
  symbol:   method getString(int,String)
  location: class FeedbackActivity
/private/var/folders/bq/vtzpc5ns5sg2cthy61lqpg3dfzgbys/T/1564371303537-0/src/EasyFeedback-master/easy-feedback/src/main/java/com/webianks/easy_feedback/FeedbackActivity.java:293: error: cannot find symbol
            Uri deviceInfoUri = createFileFromString(deviceInfo, getString(R.string.file_name_device_info));
                                                                 ^
  symbol:   method getString(int)
  location: class FeedbackActivity
/private/var/folders/bq/vtzpc5ns5sg2cthy61lqpg3dfzgbys/T/1564371303537-0/src/EasyFeedback-master/easy-feedback/src/main/java/com/webianks/easy_feedback/FeedbackActivity.java:296: error: cannot find symbol
            Uri logUri = createFileFromString(LOG_TO_STRING, getString(R.string.file_name_device_log));
                                                             ^
  symbol:   method getString(int)
  location: class FeedbackActivity
/private/var/folders/bq/vtzpc5ns5sg2cthy61lqpg3dfzgbys/T/1564371303537-0/src/EasyFeedback-master/easy-feedback/src/main/java/com/webianks/easy_feedback/FeedbackActivity.java:303: error: cannot find symbol
                    getApplicationContext()
                    ^
  symbol:   method getApplicationContext()
  location: class FeedbackActivity
/private/var/folders/bq/vtzpc5ns5sg2cthy61lqpg3dfzgbys/T/1564371303537-0/src/EasyFeedback-master/easy-feedback/src/main/java/com/webianks/easy_feedback/FeedbackActivity.java:301: error: cannot find symbol
            Uri uri = FileProvider.getUriForFile(
                      ^
  symbol:   variable FileProvider
  location: class FeedbackActivity
/private/var/folders/bq/vtzpc5ns5sg2cthy61lqpg3dfzgbys/T/1564371303537-0/src/EasyFeedback-master/easy-feedback/src/main/java/com/webianks/easy_feedback/FeedbackActivity.java:310: error: cannot find symbol
        startActivity(Utils.createEmailOnlyChooserIntent(this, emailIntent, getString(R.string.send_feedback_two)));
                                                                            ^
  symbol:   method getString(int)
  location: class FeedbackActivity
/private/var/folders/bq/vtzpc5ns5sg2cthy61lqpg3dfzgbys/T/1564371303537-0/src/EasyFeedback-master/easy-feedback/src/main/java/com/webianks/easy_feedback/FeedbackActivity.java:314: error: cannot find symbol
        File file = new File(getExternalCacheDir(), name);
                             ^
  symbol:   method getExternalCacheDir()
  location: class FeedbackActivity
/private/var/folders/bq/vtzpc5ns5sg2cthy61lqpg3dfzgbys/T/1564371303537-0/src/EasyFeedback-master/easy-feedback/src/main/java/com/webianks/easy_feedback/FeedbackActivity.java:335: error: cannot find symbol
                getApplicationContext()
                ^
  symbol:   method getApplicationContext()
  location: class FeedbackActivity
/private/var/folders/bq/vtzpc5ns5sg2cthy61lqpg3dfzgbys/T/1564371303537-0/src/EasyFeedback-master/easy-feedback/src/main/java/com/webianks/easy_feedback/FeedbackActivity.java:333: error: cannot find symbol
        return FileProvider.getUriForFile(
               ^
  symbol:   variable FileProvider
  location: class FeedbackActivity
/private/var/folders/bq/vtzpc5ns5sg2cthy61lqpg3dfzgbys/T/1564371303537-0/src/EasyFeedback-master/easy-feedback/src/main/java/com/webianks/easy_feedback/FeedbackActivity.java:348: error: cannot find symbol
                finish();
                ^
  symbol:   method finish()
  location: class FeedbackActivity
/private/var/folders/bq/vtzpc5ns5sg2cthy61lqpg3dfzgbys/T/1564371303537-0/src/EasyFeedback-master/easy-feedback/src/main/java/com/webianks/easy_feedback/FeedbackActivity.java:350: error: cannot find symbol
                editText.setError(getString(R.string.please_write));
                                  ^
  symbol:   method getString(int)
  location: class FeedbackActivity
/private/var/folders/bq/vtzpc5ns5sg2cthy61lqpg3dfzgbys/T/1564371303537-0/src/EasyFeedback-master/easy-feedback/src/main/java/com/webianks/easy_feedback/FeedbackActivity.java:357: error: method does not override or implement a method from a supertype
    @Override
    ^
/private/var/folders/bq/vtzpc5ns5sg2cthy61lqpg3dfzgbys/T/1564371303537-0/src/EasyFeedback-master/easy-feedback/src/main/java/com/webianks/easy_feedback/FeedbackActivity.java:361: error: cannot find symbol
            finish();
            ^
  symbol:   method finish()
  location: class FeedbackActivity
/private/var/folders/bq/vtzpc5ns5sg2cthy61lqpg3dfzgbys/T/1564371303537-0/src/EasyFeedback-master/easy-feedback/src/main/java/com/webianks/easy_feedback/FeedbackActivity.java:363: error: cannot find symbol
        return super.onOptionsItemSelected(item);
               ^
  symbol:   variable super
  location: class FeedbackActivity
/private/var/folders/bq/vtzpc5ns5sg2cthy61lqpg3dfzgbys/T/1564371303537-0/src/EasyFeedback-master/easy-feedback/src/main/java/com/webianks/easy_feedback/FeedbackActivity.java:367: error: cannot find symbol
        return getResources().getString(R.string.app_name);
               ^
  symbol:   method getResources()
  location: class FeedbackActivity
Note: Some messages have been simplified; recompile with -Xdiags:verbose to get full output
62 errors

FAILURE: Build failed with an exception.

* What went wrong:
Execution failed for task ':easy-feedback:compileDebugJavaWithJavac'.
> Compilation failed; see the compiler error output for details.

* Try:
Run with --info or --debug option to get more log output. Run with --scan to get full insights.

* Exception is:
org.gradle.api.tasks.TaskExecutionException: Execution failed for task ':easy-feedback:compileDebugJavaWithJavac'.
	at org.gradle.api.internal.tasks.execution.ExecuteActionsTaskExecuter.execute(ExecuteActionsTaskExecuter.java:95)
	at org.gradle.api.internal.tasks.execution.ResolveTaskOutputCachingStateExecuter.execute(ResolveTaskOutputCachingStateExecuter.java:91)
	at org.gradle.api.internal.tasks.execution.ValidatingTaskExecuter.execute(ValidatingTaskExecuter.java:57)
	at org.gradle.api.internal.tasks.execution.SkipEmptySourceFilesTaskExecuter.execute(SkipEmptySourceFilesTaskExecuter.java:119)
	at org.gradle.api.internal.tasks.execution.ResolvePreviousStateExecuter.execute(ResolvePreviousStateExecuter.java:43)
	at org.gradle.api.internal.tasks.execution.CleanupStaleOutputsExecuter.execute(CleanupStaleOutputsExecuter.java:93)
	at org.gradle.api.internal.tasks.execution.FinalizePropertiesTaskExecuter.execute(FinalizePropertiesTaskExecuter.java:45)
	at org.gradle.api.internal.tasks.execution.ResolveTaskArtifactStateTaskExecuter.execute(ResolveTaskArtifactStateTaskExecuter.java:94)
	at org.gradle.api.internal.tasks.execution.SkipTaskWithNoActionsExecuter.execute(SkipTaskWithNoActionsExecuter.java:56)
	at org.gradle.api.internal.tasks.execution.SkipOnlyIfTaskExecuter.execute(SkipOnlyIfTaskExecuter.java:55)
	at org.gradle.api.internal.tasks.execution.CatchExceptionTaskExecuter.execute(CatchExceptionTaskExecuter.java:36)
	at org.gradle.api.internal.tasks.execution.EventFiringTaskExecuter$1.executeTask(EventFiringTaskExecuter.java:67)
	at org.gradle.api.internal.tasks.execution.EventFiringTaskExecuter$1.call(EventFiringTaskExecuter.java:52)
	at org.gradle.api.internal.tasks.execution.EventFiringTaskExecuter$1.call(EventFiringTaskExecuter.java:49)
	at org.gradle.internal.operations.DefaultBuildOperationExecutor$CallableBuildOperationWorker.execute(DefaultBuildOperationExecutor.java:315)
	at org.gradle.internal.operations.DefaultBuildOperationExecutor$CallableBuildOperationWorker.execute(DefaultBuildOperationExecutor.java:305)
	at org.gradle.internal.operations.DefaultBuildOperationExecutor.execute(DefaultBuildOperationExecutor.java:175)
	at org.gradle.internal.operations.DefaultBuildOperationExecutor.call(DefaultBuildOperationExecutor.java:101)
	at org.gradle.internal.operations.DelegatingBuildOperationExecutor.call(DelegatingBuildOperationExecutor.java:36)
	at org.gradle.api.internal.tasks.execution.EventFiringTaskExecuter.execute(EventFiringTaskExecuter.java:49)
	at org.gradle.execution.plan.LocalTaskNodeExecutor.execute(LocalTaskNodeExecutor.java:43)
	at org.gradle.execution.taskgraph.DefaultTaskExecutionGraph$InvokeNodeExecutorsAction.execute(DefaultTaskExecutionGraph.java:355)
	at org.gradle.execution.taskgraph.DefaultTaskExecutionGraph$InvokeNodeExecutorsAction.execute(DefaultTaskExecutionGraph.java:343)
	at org.gradle.execution.taskgraph.DefaultTaskExecutionGraph$BuildOperationAwareExecutionAction.execute(DefaultTaskExecutionGraph.java:336)
	at org.gradle.execution.taskgraph.DefaultTaskExecutionGraph$BuildOperationAwareExecutionAction.execute(DefaultTaskExecutionGraph.java:322)
	at org.gradle.execution.plan.DefaultPlanExecutor$ExecutorWorker$1.execute(DefaultPlanExecutor.java:134)
	at org.gradle.execution.plan.DefaultPlanExecutor$ExecutorWorker$1.execute(DefaultPlanExecutor.java:129)
	at org.gradle.execution.plan.DefaultPlanExecutor$ExecutorWorker.execute(DefaultPlanExecutor.java:202)
	at org.gradle.execution.plan.DefaultPlanExecutor$ExecutorWorker.executeNextNode(DefaultPlanExecutor.java:193)
	at org.gradle.execution.plan.DefaultPlanExecutor$ExecutorWorker.run(DefaultPlanExecutor.java:129)
	at org.gradle.internal.concurrent.ExecutorPolicy$CatchAndRecordFailures.onExecute(ExecutorPolicy.java:63)
	at org.gradle.internal.concurrent.ManagedExecutorImpl$1.run(ManagedExecutorImpl.java:46)
	at org.gradle.internal.concurrent.ThreadFactoryImpl$ManagedThreadRunnable.run(ThreadFactoryImpl.java:55)
Caused by: org.gradle.api.internal.tasks.compile.CompilationFailedException: Compilation failed; see the compiler error output for details.
	at org.gradle.api.internal.tasks.compile.JdkJavaCompiler.execute(JdkJavaCompiler.java:52)
	at org.gradle.api.internal.tasks.compile.JdkJavaCompiler.execute(JdkJavaCompiler.java:36)
	at org.gradle.api.internal.tasks.compile.NormalizingJavaCompiler.delegateAndHandleErrors(NormalizingJavaCompiler.java:100)
	at org.gradle.api.internal.tasks.compile.NormalizingJavaCompiler.execute(NormalizingJavaCompiler.java:52)
	at org.gradle.api.internal.tasks.compile.NormalizingJavaCompiler.execute(NormalizingJavaCompiler.java:38)
	at org.gradle.api.internal.tasks.compile.AnnotationProcessorDiscoveringCompiler.execute(AnnotationProcessorDiscoveringCompiler.java:51)
	at org.gradle.api.internal.tasks.compile.AnnotationProcessorDiscoveringCompiler.execute(AnnotationProcessorDiscoveringCompiler.java:37)
	at org.gradle.api.internal.tasks.compile.CleaningJavaCompilerSupport.execute(CleaningJavaCompilerSupport.java:39)
	at org.gradle.api.internal.tasks.compile.incremental.IncrementalCompilerFactory$2.execute(IncrementalCompilerFactory.java:110)
	at org.gradle.api.internal.tasks.compile.incremental.IncrementalCompilerFactory$2.execute(IncrementalCompilerFactory.java:106)
	at org.gradle.api.internal.tasks.compile.incremental.IncrementalResultStoringCompiler.execute(IncrementalResultStoringCompiler.java:59)
	at org.gradle.api.internal.tasks.compile.incremental.IncrementalResultStoringCompiler.execute(IncrementalResultStoringCompiler.java:43)
	at org.gradle.api.internal.tasks.compile.CompileJavaBuildOperationReportingCompiler$2.call(CompileJavaBuildOperationReportingCompiler.java:59)
	at org.gradle.api.internal.tasks.compile.CompileJavaBuildOperationReportingCompiler$2.call(CompileJavaBuildOperationReportingCompiler.java:51)
	at org.gradle.internal.operations.DefaultBuildOperationExecutor$CallableBuildOperationWorker.execute(DefaultBuildOperationExecutor.java:315)
	at org.gradle.internal.operations.DefaultBuildOperationExecutor$CallableBuildOperationWorker.execute(DefaultBuildOperationExecutor.java:305)
	at org.gradle.internal.operations.DefaultBuildOperationExecutor.execute(DefaultBuildOperationExecutor.java:175)
	at org.gradle.internal.operations.DefaultBuildOperationExecutor.call(DefaultBuildOperationExecutor.java:101)
	at org.gradle.internal.operations.DelegatingBuildOperationExecutor.call(DelegatingBuildOperationExecutor.java:36)
	at org.gradle.api.internal.tasks.compile.CompileJavaBuildOperationReportingCompiler.execute(CompileJavaBuildOperationReportingCompiler.java:51)
	at org.gradle.api.tasks.compile.JavaCompile.performCompilation(JavaCompile.java:154)
	at org.gradle.api.tasks.compile.JavaCompile.compile(JavaCompile.java:122)
	at com.android.build.gradle.tasks.AndroidJavaCompile.compile(AndroidJavaCompile.kt:214)
	at org.gradle.internal.reflect.JavaMethod.invoke(JavaMethod.java:73)
	at org.gradle.api.internal.project.taskfactory.IncrementalTaskAction.doExecute(IncrementalTaskAction.java:47)
	at org.gradle.api.internal.project.taskfactory.StandardTaskAction.execute(StandardTaskAction.java:41)
	at org.gradle.api.internal.project.taskfactory.StandardTaskAction.execute(StandardTaskAction.java:28)
	at org.gradle.api.internal.tasks.execution.ExecuteActionsTaskExecuter$2.run(ExecuteActionsTaskExecuter.java:284)
	at org.gradle.internal.operations.DefaultBuildOperationExecutor$RunnableBuildOperationWorker.execute(DefaultBuildOperationExecutor.java:301)
	at org.gradle.internal.operations.DefaultBuildOperationExecutor$RunnableBuildOperationWorker.execute(DefaultBuildOperationExecutor.java:293)
	at org.gradle.internal.operations.DefaultBuildOperationExecutor.execute(DefaultBuildOperationExecutor.java:175)
	at org.gradle.internal.operations.DefaultBuildOperationExecutor.run(DefaultBuildOperationExecutor.java:91)
	at org.gradle.internal.operations.DelegatingBuildOperationExecutor.run(DelegatingBuildOperationExecutor.java:31)
	at org.gradle.api.internal.tasks.execution.ExecuteActionsTaskExecuter.executeAction(ExecuteActionsTaskExecuter.java:273)
	at org.gradle.api.internal.tasks.execution.ExecuteActionsTaskExecuter.executeActions(ExecuteActionsTaskExecuter.java:258)
	at org.gradle.api.internal.tasks.execution.ExecuteActionsTaskExecuter.access$200(ExecuteActionsTaskExecuter.java:67)
	at org.gradle.api.internal.tasks.execution.ExecuteActionsTaskExecuter$TaskExecution.execute(ExecuteActionsTaskExecuter.java:145)
	at org.gradle.internal.execution.impl.steps.ExecuteStep.execute(ExecuteStep.java:49)
	at org.gradle.internal.execution.impl.steps.CancelExecutionStep.execute(CancelExecutionStep.java:34)
	at org.gradle.internal.execution.impl.steps.TimeoutStep.executeWithoutTimeout(TimeoutStep.java:69)
	at org.gradle.internal.execution.impl.steps.TimeoutStep.execute(TimeoutStep.java:49)
	at org.gradle.internal.execution.impl.steps.CatchExceptionStep.execute(CatchExceptionStep.java:33)
	at org.gradle.internal.execution.impl.steps.CreateOutputsStep.execute(CreateOutputsStep.java:50)
	at org.gradle.internal.execution.impl.steps.SnapshotOutputStep.execute(SnapshotOutputStep.java:43)
	at org.gradle.internal.execution.impl.steps.SnapshotOutputStep.execute(SnapshotOutputStep.java:29)
	at org.gradle.internal.execution.impl.steps.CacheStep.executeWithoutCache(CacheStep.java:134)
	at org.gradle.internal.execution.impl.steps.CacheStep.lambda$execute$3(CacheStep.java:83)
	at org.gradle.internal.execution.impl.steps.CacheStep.execute(CacheStep.java:82)
	at org.gradle.internal.execution.impl.steps.CacheStep.execute(CacheStep.java:36)
	at org.gradle.internal.execution.impl.steps.PrepareCachingStep.execute(PrepareCachingStep.java:33)
	at org.gradle.internal.execution.impl.steps.StoreSnapshotsStep.execute(StoreSnapshotsStep.java:38)
	at org.gradle.internal.execution.impl.steps.StoreSnapshotsStep.execute(StoreSnapshotsStep.java:23)
	at org.gradle.internal.execution.impl.steps.SkipUpToDateStep.executeBecause(SkipUpToDateStep.java:96)
	at org.gradle.internal.execution.impl.steps.SkipUpToDateStep.lambda$execute$0(SkipUpToDateStep.java:89)
	at org.gradle.internal.execution.impl.steps.SkipUpToDateStep.execute(SkipUpToDateStep.java:52)
	at org.gradle.internal.execution.impl.steps.SkipUpToDateStep.execute(SkipUpToDateStep.java:36)
	at org.gradle.internal.execution.impl.DefaultWorkExecutor.execute(DefaultWorkExecutor.java:34)
	at org.gradle.api.internal.tasks.execution.ExecuteActionsTaskExecuter.execute(ExecuteActionsTaskExecuter.java:91)
	... 32 more


* Get more help at https://help.gradle.org

Deprecated Gradle features were used in this build, making it incompatible with Gradle 6.0.
Use '--warning-mode all' to show the individual deprecation warnings.
See https://docs.gradle.org/5.1.1/userguide/command_line_interface.html#sec:command_line_warnings

BUILD FAILED in 8s
17 actionable tasks: 1 executed, 16 up-to-date

2019-07-29 10:36:06,840 ERROR FullProcessService - Project build has not produced APK file
2019-07-29 10:36:06,848 ERROR FullProcessService - Could not find generated or existed APK file
